<?xml version="1.0" encoding="UTF-8"?>
<testsuite name="com.bridgelabz.restassured.RestAssuredSpotify" tests="6" skipped="0" failures="0" errors="0" timestamp="2021-04-29T03:09:30" hostname="LAPTOP-VA1S61KV" time="9.896">
  <properties/>
  <testcase name="addItem_POST_REQUEST" classname="com.bridgelabz.restassured.RestAssuredSpotify" time="4.205"/>
  <testcase name="createNewPlaylist_POST_REQUEST" classname="com.bridgelabz.restassured.RestAssuredSpotify" time="2.001"/>
  <testcase name="getCurrentUsersProfile_GET_REQUEST" classname="com.bridgelabz.restassured.RestAssuredSpotify" time="0.719"/>
  <testcase name="getUserProfile_GET_REQUEST" classname="com.bridgelabz.restassured.RestAssuredSpotify" time="0.843"/>
  <testcase name="searchItems_GET_REQUEST" classname="com.bridgelabz.restassured.RestAssuredSpotify" time="0.795"/>
  <testcase name="userPlaylist_POST_REQUEST" classname="com.bridgelabz.restassured.RestAssuredSpotify" time="1.333"/>
  <system-out><![CDATA[{
    "snapshot_id": "OCw1N2Q1Y2FmYjA1Yzc1NDZkOWYwODI3OWU4NzcxNTk4ZTJlNTY4ZTg5"
}
{
    "collaborative": false,
    "description": "Bollywood songs",
    "external_urls": {
        "spotify": "https://open.spotify.com/playlist/6Nnx31FBnysgJ7lGoEjljG"
    },
    "followers": {
        "href": null,
        "total": 0
    },
    "href": "https://api.spotify.com/v1/playlists/6Nnx31FBnysgJ7lGoEjljG",
    "id": "6Nnx31FBnysgJ7lGoEjljG",
    "images": [
        
    ],
    "name": "Latest Bollywood Songs",
    "owner": {
        "display_name": "Samiksha",
        "external_urls": {
            "spotify": "https://open.spotify.com/user/uclfdt3jie5b7vorl9472d5g5"
        },
        "href": "https://api.spotify.com/v1/users/uclfdt3jie5b7vorl9472d5g5",
        "id": "uclfdt3jie5b7vorl9472d5g5",
        "type": "user",
        "uri": "spotify:user:uclfdt3jie5b7vorl9472d5g5"
    },
    "primary_color": null,
    "public": false,
    "snapshot_id": "MSxkMTE1MjUzMjc3NTIxMTUzMzYyNjlkNGNiNmM1YzYzNzk5OTQ4ZmJl",
    "tracks": {
        "href": "https://api.spotify.com/v1/playlists/6Nnx31FBnysgJ7lGoEjljG/tracks",
        "items": [
            
        ],
        "limit": 100,
        "next": null,
        "offset": 0,
        "previous": null,
        "total": 0
    },
    "type": "playlist",
    "uri": "spotify:playlist:6Nnx31FBnysgJ7lGoEjljG"
}
{
    "country": "IN",
    "display_name": "Samiksha",
    "email": "samikshashende777@gmail.com",
    "explicit_content": {
        "filter_enabled": false,
        "filter_locked": false
    },
    "external_urls": {
        "spotify": "https://open.spotify.com/user/uclfdt3jie5b7vorl9472d5g5"
    },
    "followers": {
        "href": null,
        "total": 0
    },
    "href": "https://api.spotify.com/v1/users/uclfdt3jie5b7vorl9472d5g5",
    "id": "uclfdt3jie5b7vorl9472d5g5",
    "images": [
        
    ],
    "product": "open",
    "type": "user",
    "uri": "spotify:user:uclfdt3jie5b7vorl9472d5g5"
}
UserID :uclfdt3jie5b7vorl9472d5g5
{
    "display_name": "Samiksha",
    "external_urls": {
        "spotify": "https://open.spotify.com/user/uclfdt3jie5b7vorl9472d5g5"
    },
    "followers": {
        "href": null,
        "total": 0
    },
    "href": "https://api.spotify.com/v1/users/uclfdt3jie5b7vorl9472d5g5",
    "id": "uclfdt3jie5b7vorl9472d5g5",
    "images": [
        
    ],
    "type": "user",
    "uri": "spotify:user:uclfdt3jie5b7vorl9472d5g5"
}
{
    "tracks": {
        "href": "https://api.spotify.com/v1/search?query=Jubin&type=track&offset=0&limit=20",
        "items": [
            {
                "album": {
                    "album_type": "single",
                    "artists": [
                        {
                            "external_urls": {
                                "spotify": "https://open.spotify.com/artist/1tqysapcCh1lWEAc9dIFpa"
                            },
                            "href": "https://api.spotify.com/v1/artists/1tqysapcCh1lWEAc9dIFpa",
                            "id": "1tqysapcCh1lWEAc9dIFpa",
                            "name": "Jubin Nautiyal",
                            "type": "artist",
                            "uri": "spotify:artist:1tqysapcCh1lWEAc9dIFpa"
                        },
                        {
                            "external_urls": {
                                "spotify": "https://open.spotify.com/artist/4f7KfxeHq9BiylGmyXepGt"
                            },
                            "href": "https://api.spotify.com/v1/artists/4f7KfxeHq9BiylGmyXepGt",
                            "id": "4f7KfxeHq9BiylGmyXepGt",
                            "name": "Tanishk Bagchi",
                            "type": "artist",
                            "uri": "spotify:artist:4f7KfxeHq9BiylGmyXepGt"
                        },
                        {
                            "external_urls": {
                                "spotify": "https://open.spotify.com/artist/5HcunTidTUrOaf8V0iJcvl"
                            },
                            "href": "https://api.spotify.com/v1/artists/5HcunTidTUrOaf8V0iJcvl",
                            "id": "5HcunTidTUrOaf8V0iJcvl",
                            "name": "Nusrat Fateh Ali Khan",
                            "type": "artist",
                            "uri": "spotify:artist:5HcunTidTUrOaf8V0iJcvl"
                        }
                    ],
                    "available_markets": [
                        "AD",
                        "AE",
                        "AG",
                        "AL",
                        "AM",
                        "AO",
                        "AR",
                        "AT",
                        "AU",
                        "AZ",
                        "BA",
                        "BB",
                        "BD",
                        "BE",
                        "BF",
                        "BG",
                        "BH",
                        "BI",
                        "BJ",
                        "BN",
                        "BO",
                        "BR",
                        "BS",
                        "BT",
                        "BW",
                        "BY",
                        "BZ",
                        "CA",
                        "CH",
                        "CI",
                        "CL",
                        "CM",
                        "CO",
                        "CR",
                        "CV",
                        "CW",
                        "CY",
                        "CZ",
                        "DE",
                        "DJ",
                        "DK",
                        "DM",
                        "DO",
                        "DZ",
                        "EC",
                        "EE",
                        "EG",
                        "ES",
                        "FI",
                        "FJ",
                        "FM",
                        "FR",
                        "GA",
                        "GB",
                        "GD",
                        "GE",
                        "GH",
                        "GM",
                        "GN",
                        "GQ",
                        "GR",
                        "GT",
                        "GW",
                        "GY",
                        "HK",
                        "HN",
                        "HR",
                        "HT",
                        "HU",
                        "ID",
                        "IE",
                        "IL",
                        "IN",
                        "IS",
                        "IT",
                        "JM",
                        "JO",
                        "JP",
                        "KE",
                        "KG",
                        "KH",
                        "KI",
                        "KM",
                        "KN",
                        "KR",
                        "KW",
                        "KZ",
                        "LA",
                        "LB",
                        "LC",
                        "LI",
                        "LK",
                        "LR",
                        "LS",
                        "LT",
                        "LU",
                        "LV",
                        "MA",
                        "MC",
                        "MD",
                        "ME",
                        "MG",
                        "MH",
                        "MK",
                        "ML",
                        "MN",
                        "MO",
                        "MR",
                        "MT",
                        "MU",
                        "MV",
                        "MW",
                        "MX",
                        "MY",
                        "MZ",
                        "NA",
                        "NE",
                        "NG",
                        "NI",
                        "NL",
                        "NO",
                        "NP",
                        "NR",
                        "NZ",
                        "OM",
                        "PA",
                        "PE",
                        "PG",
                        "PH",
                        "PK",
                        "PL",
                        "PS",
                        "PT",
                        "PW",
                        "PY",
                        "QA",
                        "RO",
                        "RS",
                        "RU",
                        "RW",
                        "SA",
                        "SB",
                        "SC",
                        "SE",
                        "SG",
                        "SI",
                        "SK",
                        "SL",
                        "SM",
                        "SN",
                        "SR",
                        "ST",
                        "SV",
                        "SZ",
                        "TD",
                        "TG",
                        "TH",
                        "TL",
                        "TN",
                        "TO",
                        "TR",
                        "TT",
                        "TV",
                        "TW",
                        "TZ",
                        "UA",
                        "UG",
                        "US",
                        "UY",
                        "UZ",
                        "VC",
                        "VN",
                        "VU",
                        "WS",
                        "XK",
                        "ZA",
                        "ZM",
                        "ZW"
                    ],
                    "external_urls": {
                        "spotify": "https://open.spotify.com/album/2IgqTqUjGQsmahYITOCdBX"
                    },
                    "href": "https://api.spotify.com/v1/albums/2IgqTqUjGQsmahYITOCdBX",
                    "id": "2IgqTqUjGQsmahYITOCdBX",
                    "images": [
                        {
                            "height": 640,
                            "url": "https://i.scdn.co/image/ab67616d0000b2738634403946cb8f08b83e4c40",
                            "width": 640
                        },
                        {
                            "height": 300,
                            "url": "https://i.scdn.co/image/ab67616d00001e028634403946cb8f08b83e4c40",
                            "width": 300
                        },
                        {
                            "height": 64,
                            "url": "https://i.scdn.co/image/ab67616d000048518634403946cb8f08b83e4c40",
                            "width": 64
                        }
                    ],
                    "name": "Lut Gaye",
                    "release_date": "2021-02-17",
                    "release_date_precision": "day",
                    "total_tracks": 1,
                    "type": "album",
                    "uri": "spotify:album:2IgqTqUjGQsmahYITOCdBX"
                },
                "artists": [
                    {
                        "external_urls": {
                            "spotify": "https://open.spotify.com/artist/1tqysapcCh1lWEAc9dIFpa"
                        },
                        "href": "https://api.spotify.com/v1/artists/1tqysapcCh1lWEAc9dIFpa",
                        "id": "1tqysapcCh1lWEAc9dIFpa",
                        "name": "Jubin Nautiyal",
                        "type": "artist",
                        "uri": "spotify:artist:1tqysapcCh1lWEAc9dIFpa"
                    },
                    {
                        "external_urls": {
                            "spotify": "https://open.spotify.com/artist/4f7KfxeHq9BiylGmyXepGt"
                        },
                        "href": "https://api.spotify.com/v1/artists/4f7KfxeHq9BiylGmyXepGt",
                        "id": "4f7KfxeHq9BiylGmyXepGt",
                        "name": "Tanishk Bagchi",
                        "type": "artist",
                        "uri": "spotify:artist:4f7KfxeHq9BiylGmyXepGt"
                    },
                    {
                        "external_urls": {
                            "spotify": "https://open.spotify.com/artist/5HcunTidTUrOaf8V0iJcvl"
                        },
                        "href": "https://api.spotify.com/v1/artists/5HcunTidTUrOaf8V0iJcvl",
                        "id": "5HcunTidTUrOaf8V0iJcvl",
                        "name": "Nusrat Fateh Ali Khan",
                        "type": "artist",
                        "uri": "spotify:artist:5HcunTidTUrOaf8V0iJcvl"
                    },
                    {
                        "external_urls": {
                            "spotify": "https://open.spotify.com/artist/44oMI9xI4kcCub3qbpYPdb"
                        },
                        "href": "https://api.spotify.com/v1/artists/44oMI9xI4kcCub3qbpYPdb",
                        "id": "44oMI9xI4kcCub3qbpYPdb",
                        "name": "Emraan Hashmi",
                        "type": "artist",
                        "uri": "spotify:artist:44oMI9xI4kcCub3qbpYPdb"
                    }
                ],
                "available_markets": [
                    "AD",
                    "AE",
                    "AG",
                    "AL",
                    "AM",
                    "AO",
                    "AR",
                    "AT",
                    "AU",
                    "AZ",
                    "BA",
                    "BB",
                    "BD",
                    "BE",
                    "BF",
                    "BG",
                    "BH",
                    "BI",
                    "BJ",
                    "BN",
                    "BO",
                    "BR",
                    "BS",
                    "BT",
                    "BW",
                    "BY",
                    "BZ",
                    "CA",
                    "CH",
                    "CI",
                    "CL",
                    "CM",
                    "CO",
                    "CR",
                    "CV",
                    "CW",
                    "CY",
                    "CZ",
                    "DE",
                    "DJ",
                    "DK",
                    "DM",
                    "DO",
                    "DZ",
                    "EC",
                    "EE",
                    "EG",
                    "ES",
                    "FI",
                    "FJ",
                    "FM",
                    "FR",
                    "GA",
                    "GB",
                    "GD",
                    "GE",
                    "GH",
                    "GM",
                    "GN",
                    "GQ",
                    "GR",
                    "GT",
                    "GW",
                    "GY",
                    "HK",
                    "HN",
                    "HR",
                    "HT",
                    "HU",
                    "ID",
                    "IE",
                    "IL",
                    "IN",
                    "IS",
                    "IT",
                    "JM",
                    "JO",
                    "JP",
                    "KE",
                    "KG",
                    "KH",
                    "KI",
                    "KM",
                    "KN",
                    "KR",
                    "KW",
                    "KZ",
                    "LA",
                    "LB",
                    "LC",
                    "LI",
                    "LK",
                    "LR",
                    "LS",
                    "LT",
                    "LU",
                    "LV",
                    "MA",
                    "MC",
                    "MD",
                    "ME",
                    "MG",
                    "MH",
                    "MK",
                    "ML",
                    "MN",
                    "MO",
                    "MR",
                    "MT",
                    "MU",
                    "MV",
                    "MW",
                    "MX",
                    "MY",
                    "MZ",
                    "NA",
                    "NE",
                    "NG",
                    "NI",
                    "NL",
                    "NO",
                    "NP",
                    "NR",
                    "NZ",
                    "OM",
                    "PA",
                    "PE",
                    "PG",
                    "PH",
                    "PK",
                    "PL",
                    "PS",
                    "PT",
                    "PW",
                    "PY",
                    "QA",
                    "RO",
                    "RS",
                    "RU",
                    "RW",
                    "SA",
                    "SB",
                    "SC",
                    "SE",
                    "SG",
                    "SI",
                    "SK",
                    "SL",
                    "SM",
                    "SN",
                    "SR",
                    "ST",
                    "SV",
                    "SZ",
                    "TD",
                    "TG",
                    "TH",
                    "TL",
                    "TN",
                    "TO",
                    "TR",
                    "TT",
                    "TV",
                    "TW",
                    "TZ",
                    "UA",
                    "UG",
                    "US",
                    "UY",
                    "UZ",
                    "VC",
                    "VN",
                    "VU",
                    "WS",
                    "XK",
                    "ZA",
                    "ZM",
                    "ZW"
                ],
                "disc_number": 1,
                "duration_ms": 228031,
                "explicit": false,
                "external_ids": {
                    "isrc": "INS182100281"
                },
                "external_urls": {
                    "spotify": "https://open.spotify.com/track/2ufLEVbzvEcJ3subW8jBUp"
                },
                "href": "https://api.spotify.com/v1/tracks/2ufLEVbzvEcJ3subW8jBUp",
                "id": "2ufLEVbzvEcJ3subW8jBUp",
                "is_local": false,
                "name": "Lut Gaye",
                "popularity": 78,
                "preview_url": "https://p.scdn.co/mp3-preview/6ba0d9c8eaa70f93511749cbdc9b1e3e6b4369a5?cid=774b29d4f13844c495f206cafdad9c86",
                "track_number": 1,
                "type": "track",
                "uri": "spotify:track:2ufLEVbzvEcJ3subW8jBUp"
            },
            {
                "album": {
                    "album_type": "single",
                    "artists": [
                        {
                            "external_urls": {
                                "spotify": "https://open.spotify.com/artist/5f4QpKfy7ptCHwTqspnSJI"
                            },
                            "href": "https://api.spotify.com/v1/artists/5f4QpKfy7ptCHwTqspnSJI",
                            "id": "5f4QpKfy7ptCHwTqspnSJI",
                            "name": "Neha Kakkar",
                            "type": "artist",
                            "uri": "spotify:artist:5f4QpKfy7ptCHwTqspnSJI"
                        },
                        {
                            "external_urls": {
                                "spotify": "https://open.spotify.com/artist/1tqysapcCh1lWEAc9dIFpa"
                            },
                            "href": "https://api.spotify.com/v1/artists/1tqysapcCh1lWEAc9dIFpa",
                            "id": "1tqysapcCh1lWEAc9dIFpa",
                            "name": "Jubin Nautiyal",
                            "type": "artist",
                            "uri": "spotify:artist:1tqysapcCh1lWEAc9dIFpa"
                        },
                        {
                            "external_urls": {
                                "spotify": "https://open.spotify.com/artist/5gZhfbckaWo89OzDSk3gdT"
                            },
                            "href": "https://api.spotify.com/v1/artists/5gZhfbckaWo89OzDSk3gdT",
                            "id": "5gZhfbckaWo89OzDSk3gdT",
                            "name": "Jaani",
                            "type": "artist",
                            "uri": "spotify:artist:5gZhfbckaWo89OzDSk3gdT"
                        }
                    ],
                    "available_markets": [
                        "AD",
                        "AE",
                        "AG",
                        "AL",
                        "AM",
                        "AO",
                        "AR",
                        "AT",
                        "AU",
                        "AZ",
                        "BA",
                        "BB",
                        "BD",
                        "BE",
                        "BF",
                        "BG",
                        "BH",
                        "BI",
                        "BJ",
                        "BN",
                        "BO",
                        "BR",
                        "BS",
                        "BT",
                        "BW",
                        "BY",
                        "BZ",
                        "CA",
                        "CH",
                        "CI",
                        "CL",
                        "CM",
                        "CO",
                        "CR",
                        "CV",
                        "CW",
                        "CY",
                        "CZ",
                        "DE",
                        "DJ",
                        "DK",
                        "DM",
                        "DO",
                        "DZ",
                        "EC",
                        "EE",
                        "EG",
                        "ES",
                        "FI",
                        "FJ",
                        "FM",
                        "FR",
                        "GA",
                        "GB",
                        "GD",
                        "GE",
                        "GH",
                        "GM",
                        "GN",
                        "GQ",
                        "GR",
                        "GT",
                        "GW",
                        "GY",
                        "HK",
                        "HN",
                        "HR",
                        "HT",
                        "HU",
                        "ID",
                        "IE",
                        "IL",
                        "IN",
                        "IS",
                        "IT",
                        "JM",
                        "JO",
                        "JP",
                        "KE",
                        "KG",
                        "KH",
                        "KI",
                        "KM",
                        "KN",
                        "KR",
                        "KW",
                        "KZ",
                        "LA",
                        "LB",
                        "LC",
                        "LI",
                        "LK",
                        "LR",
                        "LS",
                        "LT",
                        "LU",
                        "LV",
                        "MA",
                        "MC",
                        "MD",
                        "ME",
                        "MG",
                        "MH",
                        "MK",
                        "ML",
                        "MN",
                        "MO",
                        "MR",
                        "MT",
                        "MU",
                        "MV",
                        "MW",
                        "MX",
                        "MY",
                        "MZ",
                        "NA",
                        "NE",
                        "NG",
                        "NI",
                        "NL",
                        "NO",
                        "NP",
                        "NR",
                        "NZ",
                        "OM",
                        "PA",
                        "PE",
                        "PG",
                        "PH",
                        "PK",
                        "PL",
                        "PS",
                        "PT",
                        "PW",
                        "PY",
                        "QA",
                        "RO",
                        "RS",
                        "RU",
                        "RW",
                        "SA",
                        "SB",
                        "SC",
                        "SE",
                        "SG",
                        "SI",
                        "SK",
                        "SL",
                        "SM",
                        "SN",
                        "SR",
                        "ST",
                        "SV",
                        "SZ",
                        "TD",
                        "TG",
                        "TH",
                        "TL",
                        "TN",
                        "TO",
                        "TR",
                        "TT",
                        "TV",
                        "TW",
                        "TZ",
                        "UA",
                        "UG",
                        "US",
                        "UY",
                        "UZ",
                        "VC",
                        "VN",
                        "VU",
                        "WS",
                        "XK",
                        "ZA",
                        "ZM",
                        "ZW"
                    ],
                    "external_urls": {
                        "spotify": "https://open.spotify.com/album/6gPsylHkKTVVNLXRN9RLYy"
                    },
                    "href": "https://api.spotify.com/v1/albums/6gPsylHkKTVVNLXRN9RLYy",
                    "id": "6gPsylHkKTVVNLXRN9RLYy",
                    "images": [
                        {
                            "height": 640,
                            "url": "https://i.scdn.co/image/ab67616d0000b273eca8738a25b2d5198283b95e",
                            "width": 640
                        },
                        {
                            "height": 300,
                            "url": "https://i.scdn.co/image/ab67616d00001e02eca8738a25b2d5198283b95e",
                            "width": 300
                        },
                        {
                            "height": 64,
                            "url": "https://i.scdn.co/image/ab67616d00004851eca8738a25b2d5198283b95e",
                            "width": 64
                        }
                    ],
                    "name": "Taaron Ke Shehar",
                    "release_date": "2020-09-20",
                    "release_date_precision": "day",
                    "total_tracks": 1,
                    "type": "album",
                    "uri": "spotify:album:6gPsylHkKTVVNLXRN9RLYy"
                },
                "artists": [
                    {
                        "external_urls": {
                            "spotify": "https://open.spotify.com/artist/5f4QpKfy7ptCHwTqspnSJI"
                        },
                        "href": "https://api.spotify.com/v1/artists/5f4QpKfy7ptCHwTqspnSJI",
                        "id": "5f4QpKfy7ptCHwTqspnSJI",
                        "name": "Neha Kakkar",
                        "type": "artist",
                        "uri": "spotify:artist:5f4QpKfy7ptCHwTqspnSJI"
                    },
                    {
                        "external_urls": {
                            "spotify": "https://open.spotify.com/artist/1tqysapcCh1lWEAc9dIFpa"
                        },
                        "href": "https://api.spotify.com/v1/artists/1tqysapcCh1lWEAc9dIFpa",
                        "id": "1tqysapcCh1lWEAc9dIFpa",
                        "name": "Jubin Nautiyal",
                        "type": "artist",
                        "uri": "spotify:artist:1tqysapcCh1lWEAc9dIFpa"
                    },
                    {
                        "external_urls": {
                            "spotify": "https://open.spotify.com/artist/5gZhfbckaWo89OzDSk3gdT"
                        },
                        "href": "https://api.spotify.com/v1/artists/5gZhfbckaWo89OzDSk3gdT",
                        "id": "5gZhfbckaWo89OzDSk3gdT",
                        "name": "Jaani",
                        "type": "artist",
                        "uri": "spotify:artist:5gZhfbckaWo89OzDSk3gdT"
                    }
                ],
                "available_markets": [
                    "AD",
                    "AE",
                    "AG",
                    "AL",
                    "AM",
                    "AO",
                    "AR",
                    "AT",
                    "AU",
                    "AZ",
                    "BA",
                    "BB",
                    "BD",
                    "BE",
                    "BF",
                    "BG",
                    "BH",
                    "BI",
                    "BJ",
                    "BN",
                    "BO",
                    "BR",
                    "BS",
                    "BT",
                    "BW",
                    "BY",
                    "BZ",
                    "CA",
                    "CH",
                    "CI",
                    "CL",
                    "CM",
                    "CO",
                    "CR",
                    "CV",
                    "CW",
                    "CY",
                    "CZ",
                    "DE",
                    "DJ",
                    "DK",
                    "DM",
                    "DO",
                    "DZ",
                    "EC",
                    "EE",
                    "EG",
                    "ES",
                    "FI",
                    "FJ",
                    "FM",
                    "FR",
                    "GA",
                    "GB",
                    "GD",
                    "GE",
                    "GH",
                    "GM",
                    "GN",
                    "GQ",
                    "GR",
                    "GT",
                    "GW",
                    "GY",
                    "HK",
                    "HN",
                    "HR",
                    "HT",
                    "HU",
                    "ID",
                    "IE",
                    "IL",
                    "IN",
                    "IS",
                    "IT",
                    "JM",
                    "JO",
                    "JP",
                    "KE",
                    "KG",
                    "KH",
                    "KI",
                    "KM",
                    "KN",
                    "KR",
                    "KW",
                    "KZ",
                    "LA",
                    "LB",
                    "LC",
                    "LI",
                    "LK",
                    "LR",
                    "LS",
                    "LT",
                    "LU",
                    "LV",
                    "MA",
                    "MC",
                    "MD",
                    "ME",
                    "MG",
                    "MH",
                    "MK",
                    "ML",
                    "MN",
                    "MO",
                    "MR",
                    "MT",
                    "MU",
                    "MV",
                    "MW",
                    "MX",
                    "MY",
                    "MZ",
                    "NA",
                    "NE",
                    "NG",
                    "NI",
                    "NL",
                    "NO",
                    "NP",
                    "NR",
                    "NZ",
                    "OM",
                    "PA",
                    "PE",
                    "PG",
                    "PH",
                    "PK",
                    "PL",
                    "PS",
                    "PT",
                    "PW",
                    "PY",
                    "QA",
                    "RO",
                    "RS",
                    "RU",
                    "RW",
                    "SA",
                    "SB",
                    "SC",
                    "SE",
                    "SG",
                    "SI",
                    "SK",
                    "SL",
                    "SM",
                    "SN",
                    "SR",
                    "ST",
                    "SV",
                    "SZ",
                    "TD",
                    "TG",
                    "TH",
                    "TL",
                    "TN",
                    "TO",
                    "TR",
                    "TT",
                    "TV",
                    "TW",
                    "TZ",
                    "UA",
                    "UG",
                    "US",
                    "UY",
                    "UZ",
                    "VC",
                    "VN",
                    "VU",
                    "WS",
                    "XK",
                    "ZA",
                    "ZM",
                    "ZW"
                ],
                "disc_number": 1,
                "duration_ms": 230082,
                "explicit": false,
                "external_ids": {
                    "isrc": "INS182006274"
                },
                "external_urls": {
                    "spotify": "https://open.spotify.com/track/1r6sFC5J0p9r3jcfIoSGDM"
                },
                "href": "https://api.spotify.com/v1/tracks/1r6sFC5J0p9r3jcfIoSGDM",
                "id": "1r6sFC5J0p9r3jcfIoSGDM",
                "is_local": false,
                "name": "Taaron Ke Shehar",
                "popularity": 69,
                "preview_url": "https://p.scdn.co/mp3-preview/661a27e9a12438dac8c8fc5b013e00677bc4abec?cid=774b29d4f13844c495f206cafdad9c86",
                "track_number": 1,
                "type": "track",
                "uri": "spotify:track:1r6sFC5J0p9r3jcfIoSGDM"
            },
            {
                "album": {
                    "album_type": "single",
                    "artists": [
                        {
                            "external_urls": {
                                "spotify": "https://open.spotify.com/artist/3dN9MQpjIyNxyeRfz4EDZe"
                            },
                            "href": "https://api.spotify.com/v1/artists/3dN9MQpjIyNxyeRfz4EDZe",
                            "id": "3dN9MQpjIyNxyeRfz4EDZe",
                            "name": "Rochak Kohli",
                            "type": "artist",
                            "uri": "spotify:artist:3dN9MQpjIyNxyeRfz4EDZe"
                        },
                        {
                            "external_urls": {
                                "spotify": "https://open.spotify.com/artist/1tqysapcCh1lWEAc9dIFpa"
                            },
                            "href": "https://api.spotify.com/v1/artists/1tqysapcCh1lWEAc9dIFpa",
                            "id": "1tqysapcCh1lWEAc9dIFpa",
                            "name": "Jubin Nautiyal",
                            "type": "artist",
                            "uri": "spotify:artist:1tqysapcCh1lWEAc9dIFpa"
                        }
                    ],
                    "available_markets": [
                        "AD",
                        "AE",
                        "AG",
                        "AL",
                        "AM",
                        "AO",
                        "AR",
                        "AT",
                        "AU",
                        "AZ",
                        "BA",
                        "BB",
                        "BD",
                        "BE",
                        "BF",
                        "BG",
                        "BH",
                        "BI",
                        "BJ",
                        "BN",
                        "BO",
                        "BR",
                        "BS",
                        "BT",
                        "BW",
                        "BY",
                        "BZ",
                        "CA",
                        "CH",
                        "CI",
                        "CL",
                        "CM",
                        "CO",
                        "CR",
                        "CV",
                        "CW",
                        "CY",
                        "CZ",
                        "DE",
                        "DJ",
                        "DK",
                        "DM",
                        "DO",
                        "DZ",
                        "EC",
                        "EE",
                        "EG",
                        "ES",
                        "FI",
                        "FJ",
                        "FM",
                        "FR",
                        "GA",
                        "GB",
                        "GD",
                        "GE",
                        "GH",
                        "GM",
                        "GN",
                        "GQ",
                        "GR",
                        "GT",
                        "GW",
                        "GY",
                        "HK",
                        "HN",
                        "HR",
                        "HT",
                        "HU",
                        "ID",
                        "IE",
                        "IL",
                        "IN",
                        "IS",
                        "IT",
                        "JM",
                        "JO",
                        "JP",
                        "KE",
                        "KG",
                        "KH",
                        "KI",
                        "KM",
                        "KN",
                        "KR",
                        "KW",
                        "KZ",
                        "LA",
                        "LB",
                        "LC",
                        "LI",
                        "LK",
                        "LR",
                        "LS",
                        "LT",
                        "LU",
                        "LV",
                        "MA",
                        "MC",
                        "MD",
                        "ME",
                        "MG",
                        "MH",
                        "MK",
                        "ML",
                        "MN",
                        "MO",
                        "MR",
                        "MT",
                        "MU",
                        "MV",
                        "MW",
                        "MX",
                        "MY",
                        "MZ",
                        "NA",
                        "NE",
                        "NG",
                        "NI",
                        "NL",
                        "NO",
                        "NP",
                        "NR",
                        "NZ",
                        "OM",
                        "PA",
                        "PE",
                        "PG",
                        "PH",
                        "PK",
                        "PL",
                        "PS",
                        "PT",
                        "PW",
                        "PY",
                        "QA",
                        "RO",
                        "RS",
                        "RU",
                        "RW",
                        "SA",
                        "SB",
                        "SC",
                        "SE",
                        "SG",
                        "SI",
                        "SK",
                        "SL",
                        "SM",
                        "SN",
                        "SR",
                        "ST",
                        "SV",
                        "SZ",
                        "TD",
                        "TG",
                        "TH",
                        "TL",
                        "TN",
                        "TO",
                        "TR",
                        "TT",
                        "TV",
                        "TW",
                        "TZ",
                        "UA",
                        "UG",
                        "US",
                        "UY",
                        "UZ",
                        "VC",
                        "VN",
                        "VU",
                        "WS",
                        "XK",
                        "ZA",
                        "ZM",
                        "ZW"
                    ],
                    "external_urls": {
                        "spotify": "https://open.spotify.com/album/5u8vmQ2Y0KRf5cYMa1VwV4"
                    },
                    "href": "https://api.spotify.com/v1/albums/5u8vmQ2Y0KRf5cYMa1VwV4",
                    "id": "5u8vmQ2Y0KRf5cYMa1VwV4",
                    "images": [
                        {
                            "height": 640,
                            "url": "https://i.scdn.co/image/ab67616d0000b273fdd9c6d0a3d7171646686149",
                            "width": 640
                        },
                        {
                            "height": 300,
                            "url": "https://i.scdn.co/image/ab67616d00001e02fdd9c6d0a3d7171646686149",
                            "width": 300
                        },
                        {
                            "height": 64,
                            "url": "https://i.scdn.co/image/ab67616d00004851fdd9c6d0a3d7171646686149",
                            "width": 64
                        }
                    ],
                    "name": "Bewafa Tera Masoom Chehra",
                    "release_date": "2020-11-16",
                    "release_date_precision": "day",
                    "total_tracks": 1,
                    "type": "album",
                    "uri": "spotify:album:5u8vmQ2Y0KRf5cYMa1VwV4"
                },
                "artists": [
                    {
                        "external_urls": {
                            "spotify": "https://open.spotify.com/artist/3dN9MQpjIyNxyeRfz4EDZe"
                        },
                        "href": "https://api.spotify.com/v1/artists/3dN9MQpjIyNxyeRfz4EDZe",
                        "id": "3dN9MQpjIyNxyeRfz4EDZe",
                        "name": "Rochak Kohli",
                        "type": "artist",
                        "uri": "spotify:artist:3dN9MQpjIyNxyeRfz4EDZe"
                    },
                    {
                        "external_urls": {
                            "spotify": "https://open.spotify.com/artist/1tqysapcCh1lWEAc9dIFpa"
                        },
                        "href": "https://api.spotify.com/v1/artists/1tqysapcCh1lWEAc9dIFpa",
                        "id": "1tqysapcCh1lWEAc9dIFpa",
                        "name": "Jubin Nautiyal",
                        "type": "artist",
                        "uri": "spotify:artist:1tqysapcCh1lWEAc9dIFpa"
                    }
                ],
                "available_markets": [
                    "AD",
                    "AE",
                    "AG",
                    "AL",
                    "AM",
                    "AO",
                    "AR",
                    "AT",
                    "AU",
                    "AZ",
                    "BA",
                    "BB",
                    "BD",
                    "BE",
                    "BF",
                    "BG",
                    "BH",
                    "BI",
                    "BJ",
                    "BN",
                    "BO",
                    "BR",
                    "BS",
                    "BT",
                    "BW",
                    "BY",
                    "BZ",
                    "CA",
                    "CH",
                    "CI",
                    "CL",
                    "CM",
                    "CO",
                    "CR",
                    "CV",
                    "CW",
                    "CY",
                    "CZ",
                    "DE",
                    "DJ",
                    "DK",
                    "DM",
                    "DO",
                    "DZ",
                    "EC",
                    "EE",
                    "EG",
                    "ES",
                    "FI",
                    "FJ",
                    "FM",
                    "FR",
                    "GA",
                    "GB",
                    "GD",
                    "GE",
                    "GH",
                    "GM",
                    "GN",
                    "GQ",
                    "GR",
                    "GT",
                    "GW",
                    "GY",
                    "HK",
                    "HN",
                    "HR",
                    "HT",
                    "HU",
                    "ID",
                    "IE",
                    "IL",
                    "IN",
                    "IS",
                    "IT",
                    "JM",
                    "JO",
                    "JP",
                    "KE",
                    "KG",
                    "KH",
                    "KI",
                    "KM",
                    "KN",
                    "KR",
                    "KW",
                    "KZ",
                    "LA",
                    "LB",
                    "LC",
                    "LI",
                    "LK",
                    "LR",
                    "LS",
                    "LT",
                    "LU",
                    "LV",
                    "MA",
                    "MC",
                    "MD",
                    "ME",
                    "MG",
                    "MH",
                    "MK",
                    "ML",
                    "MN",
                    "MO",
                    "MR",
                    "MT",
                    "MU",
                    "MV",
                    "MW",
                    "MX",
                    "MY",
                    "MZ",
                    "NA",
                    "NE",
                    "NG",
                    "NI",
                    "NL",
                    "NO",
                    "NP",
                    "NR",
                    "NZ",
                    "OM",
                    "PA",
                    "PE",
                    "PG",
                    "PH",
                    "PK",
                    "PL",
                    "PS",
                    "PT",
                    "PW",
                    "PY",
                    "QA",
                    "RO",
                    "RS",
                    "RU",
                    "RW",
                    "SA",
                    "SB",
                    "SC",
                    "SE",
                    "SG",
                    "SI",
                    "SK",
                    "SL",
                    "SM",
                    "SN",
                    "SR",
                    "ST",
                    "SV",
                    "SZ",
                    "TD",
                    "TG",
                    "TH",
                    "TL",
                    "TN",
                    "TO",
                    "TR",
                    "TT",
                    "TV",
                    "TW",
                    "TZ",
                    "UA",
                    "UG",
                    "US",
                    "UY",
                    "UZ",
                    "VC",
                    "VN",
                    "VU",
                    "WS",
                    "XK",
                    "ZA",
                    "ZM",
                    "ZW"
                ],
                "disc_number": 1,
                "duration_ms": 242149,
                "explicit": false,
                "external_ids": {
                    "isrc": "INS182006822"
                },
                "external_urls": {
                    "spotify": "https://open.spotify.com/track/2plj6f8TqOF0YNuHd2VzJD"
                },
                "href": "https://api.spotify.com/v1/tracks/2plj6f8TqOF0YNuHd2VzJD",
                "id": "2plj6f8TqOF0YNuHd2VzJD",
                "is_local": false,
                "name": "Bewafa Tera Masoom Chehra",
                "popularity": 68,
                "preview_url": "https://p.scdn.co/mp3-preview/c455f40c53db3f45f883a6b53f4df2656ee7e44d?cid=774b29d4f13844c495f206cafdad9c86",
                "track_number": 1,
                "type": "track",
                "uri": "spotify:track:2plj6f8TqOF0YNuHd2VzJD"
            },
            {
                "album": {
                    "album_type": "single",
                    "artists": [
                        {
                            "external_urls": {
                                "spotify": "https://open.spotify.com/artist/6FtZhorjCMfkaVJ7kKdmq7"
                            },
                            "href": "https://api.spotify.com/v1/artists/6FtZhorjCMfkaVJ7kKdmq7",
                            "id": "6FtZhorjCMfkaVJ7kKdmq7",
                            "name": "Payal Dev",
                            "type": "artist",
                            "uri": "spotify:artist:6FtZhorjCMfkaVJ7kKdmq7"
                        },
                        {
                            "external_urls": {
                                "spotify": "https://open.spotify.com/artist/1tqysapcCh1lWEAc9dIFpa"
                            },
                            "href": "https://api.spotify.com/v1/artists/1tqysapcCh1lWEAc9dIFpa",
                            "id": "1tqysapcCh1lWEAc9dIFpa",
                            "name": "Jubin Nautiyal",
                            "type": "artist",
                            "uri": "spotify:artist:1tqysapcCh1lWEAc9dIFpa"
                        }
                    ],
                    "available_markets": [
                        "AD",
                        "AE",
                        "AG",
                        "AL",
                        "AM",
                        "AO",
                        "AR",
                        "AT",
                        "AU",
                        "AZ",
                        "BA",
                        "BB",
                        "BD",
                        "BE",
                        "BF",
                        "BG",
                        "BH",
                        "BI",
                        "BJ",
                        "BN",
                        "BO",
                        "BR",
                        "BS",
                        "BT",
                        "BW",
                        "BY",
                        "BZ",
                        "CA",
                        "CH",
                        "CI",
                        "CL",
                        "CM",
                        "CO",
                        "CR",
                        "CV",
                        "CW",
                        "CY",
                        "CZ",
                        "DE",
                        "DJ",
                        "DK",
                        "DM",
                        "DO",
                        "DZ",
                        "EC",
                        "EE",
                        "EG",
                        "ES",
                        "FI",
                        "FJ",
                        "FM",
                        "FR",
                        "GA",
                        "GB",
                        "GD",
                        "GE",
                        "GH",
                        "GM",
                        "GN",
                        "GQ",
                        "GR",
                        "GT",
                        "GW",
                        "GY",
                        "HK",
                        "HN",
                        "HR",
                        "HT",
                        "HU",
                        "ID",
                        "IE",
                        "IL",
                        "IN",
                        "IS",
                        "IT",
                        "JM",
                        "JO",
                        "JP",
                        "KE",
                        "KG",
                        "KH",
                        "KI",
                        "KM",
                        "KN",
                        "KR",
                        "KW",
                        "KZ",
                        "LA",
                        "LB",
                        "LC",
                        "LI",
                        "LK",
                        "LR",
                        "LS",
                        "LT",
                        "LU",
                        "LV",
                        "MA",
                        "MC",
                        "MD",
                        "ME",
                        "MG",
                        "MH",
                        "MK",
                        "ML",
                        "MN",
                        "MO",
                        "MR",
                        "MT",
                        "MU",
                        "MV",
                        "MW",
                        "MX",
                        "MY",
                        "MZ",
                        "NA",
                        "NE",
                        "NG",
                        "NI",
                        "NL",
                        "NO",
                        "NP",
                        "NR",
                        "NZ",
                        "OM",
                        "PA",
                        "PE",
                        "PG",
                        "PH",
                        "PK",
                        "PL",
                        "PS",
                        "PT",
                        "PW",
                        "PY",
                        "QA",
                        "RO",
                        "RS",
                        "RU",
                        "RW",
                        "SA",
                        "SB",
                        "SC",
                        "SE",
                        "SG",
                        "SI",
                        "SK",
                        "SL",
                        "SM",
                        "SN",
                        "SR",
                        "ST",
                        "SV",
                        "SZ",
                        "TD",
                        "TG",
                        "TH",
                        "TL",
                        "TN",
                        "TO",
                        "TR",
                        "TT",
                        "TV",
                        "TW",
                        "TZ",
                        "UA",
                        "UG",
                        "US",
                        "UY",
                        "UZ",
                        "VC",
                        "VN",
                        "VU",
                        "WS",
                        "XK",
                        "ZA",
                        "ZM",
                        "ZW"
                    ],
                    "external_urls": {
                        "spotify": "https://open.spotify.com/album/4T4pSf21EvGk9vFqMomFUs"
                    },
                    "href": "https://api.spotify.com/v1/albums/4T4pSf21EvGk9vFqMomFUs",
                    "id": "4T4pSf21EvGk9vFqMomFUs",
                    "images": [
                        {
                            "height": 640,
                            "url": "https://i.scdn.co/image/ab67616d0000b2736539071e0f1833190a491d4d",
                            "width": 640
                        },
                        {
                            "height": 300,
                            "url": "https://i.scdn.co/image/ab67616d00001e026539071e0f1833190a491d4d",
                            "width": 300
                        },
                        {
                            "height": 64,
                            "url": "https://i.scdn.co/image/ab67616d000048516539071e0f1833190a491d4d",
                            "width": 64
                        }
                    ],
                    "name": "Tum Hi Aana (From \"Marjaavaan\")",
                    "release_date": "2019-10-03",
                    "release_date_precision": "day",
                    "total_tracks": 1,
                    "type": "album",
                    "uri": "spotify:album:4T4pSf21EvGk9vFqMomFUs"
                },
                "artists": [
                    {
                        "external_urls": {
                            "spotify": "https://open.spotify.com/artist/6FtZhorjCMfkaVJ7kKdmq7"
                        },
                        "href": "https://api.spotify.com/v1/artists/6FtZhorjCMfkaVJ7kKdmq7",
                        "id": "6FtZhorjCMfkaVJ7kKdmq7",
                        "name": "Payal Dev",
                        "type": "artist",
                        "uri": "spotify:artist:6FtZhorjCMfkaVJ7kKdmq7"
                    },
                    {
                        "external_urls": {
                            "spotify": "https://open.spotify.com/artist/1tqysapcCh1lWEAc9dIFpa"
                        },
                        "href": "https://api.spotify.com/v1/artists/1tqysapcCh1lWEAc9dIFpa",
                        "id": "1tqysapcCh1lWEAc9dIFpa",
                        "name": "Jubin Nautiyal",
                        "type": "artist",
                        "uri": "spotify:artist:1tqysapcCh1lWEAc9dIFpa"
                    }
                ],
                "available_markets": [
                    "AD",
                    "AE",
                    "AG",
                    "AL",
                    "AM",
                    "AO",
                    "AR",
                    "AT",
                    "AU",
                    "AZ",
                    "BA",
                    "BB",
                    "BD",
                    "BE",
                    "BF",
                    "BG",
                    "BH",
                    "BI",
                    "BJ",
                    "BN",
                    "BO",
                    "BR",
                    "BS",
                    "BT",
                    "BW",
                    "BY",
                    "BZ",
                    "CA",
                    "CH",
                    "CI",
                    "CL",
                    "CM",
                    "CO",
                    "CR",
                    "CV",
                    "CW",
                    "CY",
                    "CZ",
                    "DE",
                    "DJ",
                    "DK",
                    "DM",
                    "DO",
                    "DZ",
                    "EC",
                    "EE",
                    "EG",
                    "ES",
                    "FI",
                    "FJ",
                    "FM",
                    "FR",
                    "GA",
                    "GB",
                    "GD",
                    "GE",
                    "GH",
                    "GM",
                    "GN",
                    "GQ",
                    "GR",
                    "GT",
                    "GW",
                    "GY",
                    "HK",
                    "HN",
                    "HR",
                    "HT",
                    "HU",
                    "ID",
                    "IE",
                    "IL",
                    "IN",
                    "IS",
                    "IT",
                    "JM",
                    "JO",
                    "JP",
                    "KE",
                    "KG",
                    "KH",
                    "KI",
                    "KM",
                    "KN",
                    "KR",
                    "KW",
                    "KZ",
                    "LA",
                    "LB",
                    "LC",
                    "LI",
                    "LK",
                    "LR",
                    "LS",
                    "LT",
                    "LU",
                    "LV",
                    "MA",
                    "MC",
                    "MD",
                    "ME",
                    "MG",
                    "MH",
                    "MK",
                    "ML",
                    "MN",
                    "MO",
                    "MR",
                    "MT",
                    "MU",
                    "MV",
                    "MW",
                    "MX",
                    "MY",
                    "MZ",
                    "NA",
                    "NE",
                    "NG",
                    "NI",
                    "NL",
                    "NO",
                    "NP",
                    "NR",
                    "NZ",
                    "OM",
                    "PA",
                    "PE",
                    "PG",
                    "PH",
                    "PK",
                    "PL",
                    "PS",
                    "PT",
                    "PW",
                    "PY",
                    "QA",
                    "RO",
                    "RS",
                    "RU",
                    "RW",
                    "SA",
                    "SB",
                    "SC",
                    "SE",
                    "SG",
                    "SI",
                    "SK",
                    "SL",
                    "SM",
                    "SN",
                    "SR",
                    "ST",
                    "SV",
                    "SZ",
                    "TD",
                    "TG",
                    "TH",
                    "TL",
                    "TN",
                    "TO",
                    "TR",
                    "TT",
                    "TV",
                    "TW",
                    "TZ",
                    "UA",
                    "UG",
                    "US",
                    "UY",
                    "UZ",
                    "VC",
                    "VN",
                    "VU",
                    "WS",
                    "XK",
                    "ZA",
                    "ZM",
                    "ZW"
                ],
                "disc_number": 1,
                "duration_ms": 249126,
                "explicit": false,
                "external_ids": {
                    "isrc": "INS181905004"
                },
                "external_urls": {
                    "spotify": "https://open.spotify.com/track/6E9UwSfT80age2xknoMS7Y"
                },
                "href": "https://api.spotify.com/v1/tracks/6E9UwSfT80age2xknoMS7Y",
                "id": "6E9UwSfT80age2xknoMS7Y",
                "is_local": false,
                "name": "Tum Hi Aana (From \"Marjaavaan\")",
                "popularity": 68,
                "preview_url": "https://p.scdn.co/mp3-preview/9a2cb03a571d183a409af0f0bd573934556af000?cid=774b29d4f13844c495f206cafdad9c86",
                "track_number": 1,
                "type": "track",
                "uri": "spotify:track:6E9UwSfT80age2xknoMS7Y"
            },
            {
                "album": {
                    "album_type": "single",
                    "artists": [
                        {
                            "external_urls": {
                                "spotify": "https://open.spotify.com/artist/1OPqAyxsQc8mcRmoNBAnVk"
                            },
                            "href": "https://api.spotify.com/v1/artists/1OPqAyxsQc8mcRmoNBAnVk",
                            "id": "1OPqAyxsQc8mcRmoNBAnVk",
                            "name": "Dhvani Bhanushali",
                            "type": "artist",
                            "uri": "spotify:artist:1OPqAyxsQc8mcRmoNBAnVk"
                        },
                        {
                            "external_urls": {
                                "spotify": "https://open.spotify.com/artist/1tqysapcCh1lWEAc9dIFpa"
                            },
                            "href": "https://api.spotify.com/v1/artists/1tqysapcCh1lWEAc9dIFpa",
                            "id": "1tqysapcCh1lWEAc9dIFpa",
                            "name": "Jubin Nautiyal",
                            "type": "artist",
                            "uri": "spotify:artist:1tqysapcCh1lWEAc9dIFpa"
                        },
                        {
                            "external_urls": {
                                "spotify": "https://open.spotify.com/artist/5TNSXFCNwlq2CfiMcNOCDP"
                            },
                            "href": "https://api.spotify.com/v1/artists/5TNSXFCNwlq2CfiMcNOCDP",
                            "id": "5TNSXFCNwlq2CfiMcNOCDP",
                            "name": "Lijo George-Dj Chetas",
                            "type": "artist",
                            "uri": "spotify:artist:5TNSXFCNwlq2CfiMcNOCDP"
                        }
                    ],
                    "available_markets": [
                        "AD",
                        "AE",
                        "AG",
                        "AL",
                        "AM",
                        "AO",
                        "AR",
                        "AT",
                        "AU",
                        "AZ",
                        "BA",
                        "BB",
                        "BD",
                        "BE",
                        "BF",
                        "BG",
                        "BH",
                        "BI",
                        "BJ",
                        "BN",
                        "BO",
                        "BR",
                        "BS",
                        "BT",
                        "BW",
                        "BY",
                        "BZ",
                        "CA",
                        "CH",
                        "CI",
                        "CL",
                        "CM",
                        "CO",
                        "CR",
                        "CV",
                        "CW",
                        "CY",
                        "CZ",
                        "DE",
                        "DJ",
                        "DK",
                        "DM",
                        "DO",
                        "DZ",
                        "EC",
                        "EE",
                        "EG",
                        "ES",
                        "FI",
                        "FJ",
                        "FM",
                        "FR",
                        "GA",
                        "GB",
                        "GD",
                        "GE",
                        "GH",
                        "GM",
                        "GN",
                        "GQ",
                        "GR",
                        "GT",
                        "GW",
                        "GY",
                        "HK",
                        "HN",
                        "HR",
                        "HT",
                        "HU",
                        "ID",
                        "IE",
                        "IL",
                        "IN",
                        "IS",
                        "IT",
                        "JM",
                        "JO",
                        "JP",
                        "KE",
                        "KG",
                        "KH",
                        "KI",
                        "KM",
                        "KN",
                        "KR",
                        "KW",
                        "KZ",
                        "LA",
                        "LB",
                        "LC",
                        "LI",
                        "LK",
                        "LR",
                        "LS",
                        "LT",
                        "LU",
                        "LV",
                        "MA",
                        "MC",
                        "MD",
                        "ME",
                        "MG",
                        "MH",
                        "MK",
                        "ML",
                        "MN",
                        "MO",
                        "MR",
                        "MT",
                        "MU",
                        "MV",
                        "MW",
                        "MX",
                        "MY",
                        "MZ",
                        "NA",
                        "NE",
                        "NG",
                        "NI",
                        "NL",
                        "NO",
                        "NP",
                        "NR",
                        "NZ",
                        "OM",
                        "PA",
                        "PE",
                        "PG",
                        "PH",
                        "PK",
                        "PL",
                        "PS",
                        "PT",
                        "PW",
                        "PY",
                        "QA",
                        "RO",
                        "RS",
                        "RU",
                        "RW",
                        "SA",
                        "SB",
                        "SC",
                        "SE",
                        "SG",
                        "SI",
                        "SK",
                        "SL",
                        "SM",
                        "SN",
                        "SR",
                        "ST",
                        "SV",
                        "SZ",
                        "TD",
                        "TG",
                        "TH",
                        "TL",
                        "TN",
                        "TO",
                        "TR",
                        "TT",
                        "TV",
                        "TW",
                        "TZ",
                        "UA",
                        "UG",
                        "US",
                        "UY",
                        "UZ",
                        "VC",
                        "VN",
                        "VU",
                        "WS",
                        "XK",
                        "ZA",
                        "ZM",
                        "ZW"
                    ],
                    "external_urls": {
                        "spotify": "https://open.spotify.com/album/73wnThE4TNKMDdPTTSBTsM"
                    },
                    "href": "https://api.spotify.com/v1/albums/73wnThE4TNKMDdPTTSBTsM",
                    "id": "73wnThE4TNKMDdPTTSBTsM",
                    "images": [
                        {
                            "height": 640,
                            "url": "https://i.scdn.co/image/ab67616d0000b273c5d340e8799d3ede8f1377cc",
                            "width": 640
                        },
                        {
                            "height": 300,
                            "url": "https://i.scdn.co/image/ab67616d00001e02c5d340e8799d3ede8f1377cc",
                            "width": 300
                        },
                        {
                            "height": 64,
                            "url": "https://i.scdn.co/image/ab67616d00004851c5d340e8799d3ede8f1377cc",
                            "width": 64
                        }
                    ],
                    "name": "Nayan",
                    "release_date": "2020-12-08",
                    "release_date_precision": "day",
                    "total_tracks": 1,
                    "type": "album",
                    "uri": "spotify:album:73wnThE4TNKMDdPTTSBTsM"
                },
                "artists": [
                    {
                        "external_urls": {
                            "spotify": "https://open.spotify.com/artist/1OPqAyxsQc8mcRmoNBAnVk"
                        },
                        "href": "https://api.spotify.com/v1/artists/1OPqAyxsQc8mcRmoNBAnVk",
                        "id": "1OPqAyxsQc8mcRmoNBAnVk",
                        "name": "Dhvani Bhanushali",
                        "type": "artist",
                        "uri": "spotify:artist:1OPqAyxsQc8mcRmoNBAnVk"
                    },
                    {
                        "external_urls": {
                            "spotify": "https://open.spotify.com/artist/1tqysapcCh1lWEAc9dIFpa"
                        },
                        "href": "https://api.spotify.com/v1/artists/1tqysapcCh1lWEAc9dIFpa",
                        "id": "1tqysapcCh1lWEAc9dIFpa",
                        "name": "Jubin Nautiyal",
                        "type": "artist",
                        "uri": "spotify:artist:1tqysapcCh1lWEAc9dIFpa"
                    },
                    {
                        "external_urls": {
                            "spotify": "https://open.spotify.com/artist/5TNSXFCNwlq2CfiMcNOCDP"
                        },
                        "href": "https://api.spotify.com/v1/artists/5TNSXFCNwlq2CfiMcNOCDP",
                        "id": "5TNSXFCNwlq2CfiMcNOCDP",
                        "name": "Lijo George-Dj Chetas",
                        "type": "artist",
                        "uri": "spotify:artist:5TNSXFCNwlq2CfiMcNOCDP"
                    }
                ],
                "available_markets": [
                    "AD",
                    "AE",
                    "AG",
                    "AL",
                    "AM",
                    "AO",
                    "AR",
                    "AT",
                    "AU",
                    "AZ",
                    "BA",
                    "BB",
                    "BD",
                    "BE",
                    "BF",
                    "BG",
                    "BH",
                    "BI",
                    "BJ",
                    "BN",
                    "BO",
                    "BR",
                    "BS",
                    "BT",
                    "BW",
                    "BY",
                    "BZ",
                    "CA",
                    "CH",
                    "CI",
                    "CL",
                    "CM",
                    "CO",
                    "CR",
                    "CV",
                    "CW",
                    "CY",
                    "CZ",
                    "DE",
                    "DJ",
                    "DK",
                    "DM",
                    "DO",
                    "DZ",
                    "EC",
                    "EE",
                    "EG",
                    "ES",
                    "FI",
                    "FJ",
                    "FM",
                    "FR",
                    "GA",
                    "GB",
                    "GD",
                    "GE",
                    "GH",
                    "GM",
                    "GN",
                    "GQ",
                    "GR",
                    "GT",
                    "GW",
                    "GY",
                    "HK",
                    "HN",
                    "HR",
                    "HT",
                    "HU",
                    "ID",
                    "IE",
                    "IL",
                    "IN",
                    "IS",
                    "IT",
                    "JM",
                    "JO",
                    "JP",
                    "KE",
                    "KG",
                    "KH",
                    "KI",
                    "KM",
                    "KN",
                    "KR",
                    "KW",
                    "KZ",
                    "LA",
                    "LB",
                    "LC",
                    "LI",
                    "LK",
                    "LR",
                    "LS",
                    "LT",
                    "LU",
                    "LV",
                    "MA",
                    "MC",
                    "MD",
                    "ME",
                    "MG",
                    "MH",
                    "MK",
                    "ML",
                    "MN",
                    "MO",
                    "MR",
                    "MT",
                    "MU",
                    "MV",
                    "MW",
                    "MX",
                    "MY",
                    "MZ",
                    "NA",
                    "NE",
                    "NG",
                    "NI",
                    "NL",
                    "NO",
                    "NP",
                    "NR",
                    "NZ",
                    "OM",
                    "PA",
                    "PE",
                    "PG",
                    "PH",
                    "PK",
                    "PL",
                    "PS",
                    "PT",
                    "PW",
                    "PY",
                    "QA",
                    "RO",
                    "RS",
                    "RU",
                    "RW",
                    "SA",
                    "SB",
                    "SC",
                    "SE",
                    "SG",
                    "SI",
                    "SK",
                    "SL",
                    "SM",
                    "SN",
                    "SR",
                    "ST",
                    "SV",
                    "SZ",
                    "TD",
                    "TG",
                    "TH",
                    "TL",
                    "TN",
                    "TO",
                    "TR",
                    "TT",
                    "TV",
                    "TW",
                    "TZ",
                    "UA",
                    "UG",
                    "US",
                    "UY",
                    "UZ",
                    "VC",
                    "VN",
                    "VU",
                    "WS",
                    "XK",
                    "ZA",
                    "ZM",
                    "ZW"
                ],
                "disc_number": 1,
                "duration_ms": 254931,
                "explicit": false,
                "external_ids": {
                    "isrc": "INS182006908"
                },
                "external_urls": {
                    "spotify": "https://open.spotify.com/track/2KrrAi2smn5Fa7sy7TxrKg"
                },
                "href": "https://api.spotify.com/v1/tracks/2KrrAi2smn5Fa7sy7TxrKg",
                "id": "2KrrAi2smn5Fa7sy7TxrKg",
                "is_local": false,
                "name": "Nayan",
                "popularity": 67,
                "preview_url": "https://p.scdn.co/mp3-preview/fdeabb8a6ff37b3b91d07e25ad0564435fce7e2f?cid=774b29d4f13844c495f206cafdad9c86",
                "track_number": 1,
                "type": "track",
                "uri": "spotify:track:2KrrAi2smn5Fa7sy7TxrKg"
            },
            {
                "album": {
                    "album_type": "single",
                    "artists": [
                        {
                            "external_urls": {
                                "spotify": "https://open.spotify.com/artist/1tqysapcCh1lWEAc9dIFpa"
                            },
                            "href": "https://api.spotify.com/v1/artists/1tqysapcCh1lWEAc9dIFpa",
                            "id": "1tqysapcCh1lWEAc9dIFpa",
                            "name": "Jubin Nautiyal",
                            "type": "artist",
                            "uri": "spotify:artist:1tqysapcCh1lWEAc9dIFpa"
                        },
                        {
                            "external_urls": {
                                "spotify": "https://open.spotify.com/artist/5Obu9ifz8EKdm0uL5CvgUY"
                            },
                            "href": "https://api.spotify.com/v1/artists/5Obu9ifz8EKdm0uL5CvgUY",
                            "id": "5Obu9ifz8EKdm0uL5CvgUY",
                            "name": "Rocky - Shiv",
                            "type": "artist",
                            "uri": "spotify:artist:5Obu9ifz8EKdm0uL5CvgUY"
                        }
                    ],
                    "available_markets": [
                        "AD",
                        "AE",
                        "AG",
                        "AL",
                        "AM",
                        "AO",
                        "AR",
                        "AT",
                        "AU",
                        "AZ",
                        "BA",
                        "BB",
                        "BD",
                        "BE",
                        "BF",
                        "BG",
                        "BH",
                        "BI",
                        "BJ",
                        "BN",
                        "BO",
                        "BR",
                        "BS",
                        "BT",
                        "BW",
                        "BY",
                        "BZ",
                        "CA",
                        "CH",
                        "CI",
                        "CL",
                        "CM",
                        "CO",
                        "CR",
                        "CV",
                        "CW",
                        "CY",
                        "CZ",
                        "DE",
                        "DJ",
                        "DK",
                        "DM",
                        "DO",
                        "DZ",
                        "EC",
                        "EE",
                        "EG",
                        "ES",
                        "FI",
                        "FJ",
                        "FM",
                        "FR",
                        "GA",
                        "GB",
                        "GD",
                        "GE",
                        "GH",
                        "GM",
                        "GN",
                        "GQ",
                        "GR",
                        "GT",
                        "GW",
                        "GY",
                        "HK",
                        "HN",
                        "HR",
                        "HT",
                        "HU",
                        "ID",
                        "IE",
                        "IL",
                        "IN",
                        "IS",
                        "IT",
                        "JM",
                        "JO",
                        "JP",
                        "KE",
                        "KG",
                        "KH",
                        "KI",
                        "KM",
                        "KN",
                        "KR",
                        "KW",
                        "KZ",
                        "LA",
                        "LB",
                        "LC",
                        "LI",
                        "LK",
                        "LR",
                        "LS",
                        "LT",
                        "LU",
                        "LV",
                        "MA",
                        "MC",
                        "MD",
                        "ME",
                        "MG",
                        "MH",
                        "MK",
                        "ML",
                        "MN",
                        "MO",
                        "MR",
                        "MT",
                        "MU",
                        "MV",
                        "MW",
                        "MX",
                        "MY",
                        "MZ",
                        "NA",
                        "NE",
                        "NG",
                        "NI",
                        "NL",
                        "NO",
                        "NP",
                        "NR",
                        "NZ",
                        "OM",
                        "PA",
                        "PE",
                        "PG",
                        "PH",
                        "PK",
                        "PL",
                        "PS",
                        "PT",
                        "PW",
                        "PY",
                        "QA",
                        "RO",
                        "RS",
                        "RU",
                        "RW",
                        "SA",
                        "SB",
                        "SC",
                        "SE",
                        "SG",
                        "SI",
                        "SK",
                        "SL",
                        "SM",
                        "SN",
                        "SR",
                        "ST",
                        "SV",
                        "SZ",
                        "TD",
                        "TG",
                        "TH",
                        "TL",
                        "TN",
                        "TO",
                        "TR",
                        "TT",
                        "TV",
                        "TW",
                        "TZ",
                        "UA",
                        "UG",
                        "US",
                        "UY",
                        "UZ",
                        "VC",
                        "VN",
                        "VU",
                        "WS",
                        "XK",
                        "ZA",
                        "ZM",
                        "ZW"
                    ],
                    "external_urls": {
                        "spotify": "https://open.spotify.com/album/2BrJ0sEF6AR2Y4kaX1byd2"
                    },
                    "href": "https://api.spotify.com/v1/albums/2BrJ0sEF6AR2Y4kaX1byd2",
                    "id": "2BrJ0sEF6AR2Y4kaX1byd2",
                    "images": [
                        {
                            "height": 640,
                            "url": "https://i.scdn.co/image/ab67616d0000b273c1cd18ce264a99c525dd88f5",
                            "width": 640
                        },
                        {
                            "height": 300,
                            "url": "https://i.scdn.co/image/ab67616d00001e02c1cd18ce264a99c525dd88f5",
                            "width": 300
                        },
                        {
                            "height": 64,
                            "url": "https://i.scdn.co/image/ab67616d00004851c1cd18ce264a99c525dd88f5",
                            "width": 64
                        }
                    ],
                    "name": "Humnava Mere",
                    "release_date": "2018-05-23",
                    "release_date_precision": "day",
                    "total_tracks": 1,
                    "type": "album",
                    "uri": "spotify:album:2BrJ0sEF6AR2Y4kaX1byd2"
                },
                "artists": [
                    {
                        "external_urls": {
                            "spotify": "https://open.spotify.com/artist/1tqysapcCh1lWEAc9dIFpa"
                        },
                        "href": "https://api.spotify.com/v1/artists/1tqysapcCh1lWEAc9dIFpa",
                        "id": "1tqysapcCh1lWEAc9dIFpa",
                        "name": "Jubin Nautiyal",
                        "type": "artist",
                        "uri": "spotify:artist:1tqysapcCh1lWEAc9dIFpa"
                    },
                    {
                        "external_urls": {
                            "spotify": "https://open.spotify.com/artist/5Obu9ifz8EKdm0uL5CvgUY"
                        },
                        "href": "https://api.spotify.com/v1/artists/5Obu9ifz8EKdm0uL5CvgUY",
                        "id": "5Obu9ifz8EKdm0uL5CvgUY",
                        "name": "Rocky - Shiv",
                        "type": "artist",
                        "uri": "spotify:artist:5Obu9ifz8EKdm0uL5CvgUY"
                    }
                ],
                "available_markets": [
                    "AD",
                    "AE",
                    "AG",
                    "AL",
                    "AM",
                    "AO",
                    "AR",
                    "AT",
                    "AU",
                    "AZ",
                    "BA",
                    "BB",
                    "BD",
                    "BE",
                    "BF",
                    "BG",
                    "BH",
                    "BI",
                    "BJ",
                    "BN",
                    "BO",
                    "BR",
                    "BS",
                    "BT",
                    "BW",
                    "BY",
                    "BZ",
                    "CA",
                    "CH",
                    "CI",
                    "CL",
                    "CM",
                    "CO",
                    "CR",
                    "CV",
                    "CW",
                    "CY",
                    "CZ",
                    "DE",
                    "DJ",
                    "DK",
                    "DM",
                    "DO",
                    "DZ",
                    "EC",
                    "EE",
                    "EG",
                    "ES",
                    "FI",
                    "FJ",
                    "FM",
                    "FR",
                    "GA",
                    "GB",
                    "GD",
                    "GE",
                    "GH",
                    "GM",
                    "GN",
                    "GQ",
                    "GR",
                    "GT",
                    "GW",
                    "GY",
                    "HK",
                    "HN",
                    "HR",
                    "HT",
                    "HU",
                    "ID",
                    "IE",
                    "IL",
                    "IN",
                    "IS",
                    "IT",
                    "JM",
                    "JO",
                    "JP",
                    "KE",
                    "KG",
                    "KH",
                    "KI",
                    "KM",
                    "KN",
                    "KR",
                    "KW",
                    "KZ",
                    "LA",
                    "LB",
                    "LC",
                    "LI",
                    "LK",
                    "LR",
                    "LS",
                    "LT",
                    "LU",
                    "LV",
                    "MA",
                    "MC",
                    "MD",
                    "ME",
                    "MG",
                    "MH",
                    "MK",
                    "ML",
                    "MN",
                    "MO",
                    "MR",
                    "MT",
                    "MU",
                    "MV",
                    "MW",
                    "MX",
                    "MY",
                    "MZ",
                    "NA",
                    "NE",
                    "NG",
                    "NI",
                    "NL",
                    "NO",
                    "NP",
                    "NR",
                    "NZ",
                    "OM",
                    "PA",
                    "PE",
                    "PG",
                    "PH",
                    "PK",
                    "PL",
                    "PS",
                    "PT",
                    "PW",
                    "PY",
                    "QA",
                    "RO",
                    "RS",
                    "RU",
                    "RW",
                    "SA",
                    "SB",
                    "SC",
                    "SE",
                    "SG",
                    "SI",
                    "SK",
                    "SL",
                    "SM",
                    "SN",
                    "SR",
                    "ST",
                    "SV",
                    "SZ",
                    "TD",
                    "TG",
                    "TH",
                    "TL",
                    "TN",
                    "TO",
                    "TR",
                    "TT",
                    "TV",
                    "TW",
                    "TZ",
                    "UA",
                    "UG",
                    "US",
                    "UY",
                    "UZ",
                    "VC",
                    "VN",
                    "VU",
                    "WS",
                    "XK",
                    "ZA",
                    "ZM",
                    "ZW"
                ],
                "disc_number": 1,
                "duration_ms": 328992,
                "explicit": false,
                "external_ids": {
                    "isrc": "INS181801175"
                },
                "external_urls": {
                    "spotify": "https://open.spotify.com/track/0loZn1c5heXie7OAtvK6nH"
                },
                "href": "https://api.spotify.com/v1/tracks/0loZn1c5heXie7OAtvK6nH",
                "id": "0loZn1c5heXie7OAtvK6nH",
                "is_local": false,
                "name": "Humnava Mere",
                "popularity": 65,
                "preview_url": "https://p.scdn.co/mp3-preview/99ac942ce8d9c0eb24a349318bc9cc204be85413?cid=774b29d4f13844c495f206cafdad9c86",
                "track_number": 1,
                "type": "track",
                "uri": "spotify:track:0loZn1c5heXie7OAtvK6nH"
            },
            {
                "album": {
                    "album_type": "album",
                    "artists": [
                        {
                            "external_urls": {
                                "spotify": "https://open.spotify.com/artist/1wRPtKGflJrBx9BmLsSwlU"
                            },
                            "href": "https://api.spotify.com/v1/artists/1wRPtKGflJrBx9BmLsSwlU",
                            "id": "1wRPtKGflJrBx9BmLsSwlU",
                            "name": "Pritam",
                            "type": "artist",
                            "uri": "spotify:artist:1wRPtKGflJrBx9BmLsSwlU"
                        }
                    ],
                    "available_markets": [
                        "AD",
                        "AE",
                        "AG",
                        "AL",
                        "AM",
                        "AO",
                        "AR",
                        "AT",
                        "AU",
                        "AZ",
                        "BA",
                        "BB",
                        "BD",
                        "BE",
                        "BF",
                        "BG",
                        "BH",
                        "BI",
                        "BJ",
                        "BN",
                        "BO",
                        "BR",
                        "BS",
                        "BT",
                        "BW",
                        "BY",
                        "BZ",
                        "CA",
                        "CH",
                        "CI",
                        "CL",
                        "CM",
                        "CO",
                        "CR",
                        "CV",
                        "CW",
                        "CY",
                        "CZ",
                        "DE",
                        "DJ",
                        "DK",
                        "DM",
                        "DO",
                        "DZ",
                        "EC",
                        "EE",
                        "EG",
                        "ES",
                        "FI",
                        "FJ",
                        "FM",
                        "FR",
                        "GA",
                        "GB",
                        "GD",
                        "GE",
                        "GH",
                        "GM",
                        "GN",
                        "GQ",
                        "GR",
                        "GT",
                        "GW",
                        "GY",
                        "HK",
                        "HN",
                        "HR",
                        "HT",
                        "HU",
                        "ID",
                        "IE",
                        "IL",
                        "IN",
                        "IS",
                        "IT",
                        "JM",
                        "JO",
                        "JP",
                        "KE",
                        "KG",
                        "KH",
                        "KI",
                        "KM",
                        "KN",
                        "KR",
                        "KW",
                        "KZ",
                        "LA",
                        "LB",
                        "LC",
                        "LI",
                        "LK",
                        "LR",
                        "LS",
                        "LT",
                        "LU",
                        "LV",
                        "MA",
                        "MC",
                        "MD",
                        "ME",
                        "MG",
                        "MH",
                        "MK",
                        "ML",
                        "MN",
                        "MO",
                        "MR",
                        "MT",
                        "MU",
                        "MV",
                        "MW",
                        "MX",
                        "MY",
                        "MZ",
                        "NA",
                        "NE",
                        "NG",
                        "NI",
                        "NL",
                        "NO",
                        "NP",
                        "NR",
                        "NZ",
                        "OM",
                        "PA",
                        "PE",
                        "PG",
                        "PH",
                        "PK",
                        "PL",
                        "PS",
                        "PT",
                        "PW",
                        "PY",
                        "QA",
                        "RO",
                        "RS",
                        "RU",
                        "RW",
                        "SA",
                        "SB",
                        "SC",
                        "SE",
                        "SG",
                        "SI",
                        "SK",
                        "SL",
                        "SM",
                        "SN",
                        "SR",
                        "ST",
                        "SV",
                        "SZ",
                        "TD",
                        "TG",
                        "TH",
                        "TL",
                        "TN",
                        "TO",
                        "TR",
                        "TT",
                        "TV",
                        "TW",
                        "TZ",
                        "UA",
                        "UG",
                        "US",
                        "UY",
                        "UZ",
                        "VC",
                        "VN",
                        "VU",
                        "WS",
                        "XK",
                        "ZA",
                        "ZM",
                        "ZW"
                    ],
                    "external_urls": {
                        "spotify": "https://open.spotify.com/album/4nZOPP0atfJbBlkedLYi7t"
                    },
                    "href": "https://api.spotify.com/v1/albums/4nZOPP0atfJbBlkedLYi7t",
                    "id": "4nZOPP0atfJbBlkedLYi7t",
                    "images": [
                        {
                            "height": 640,
                            "url": "https://i.scdn.co/image/ab67616d0000b273e7f1ff44b74df429307f4164",
                            "width": 640
                        },
                        {
                            "height": 300,
                            "url": "https://i.scdn.co/image/ab67616d00001e02e7f1ff44b74df429307f4164",
                            "width": 300
                        },
                        {
                            "height": 64,
                            "url": "https://i.scdn.co/image/ab67616d00004851e7f1ff44b74df429307f4164",
                            "width": 64
                        }
                    ],
                    "name": "Bajrangi Bhaijaan",
                    "release_date": "2015-07-07",
                    "release_date_precision": "day",
                    "total_tracks": 11,
                    "type": "album",
                    "uri": "spotify:album:4nZOPP0atfJbBlkedLYi7t"
                },
                "artists": [
                    {
                        "external_urls": {
                            "spotify": "https://open.spotify.com/artist/1wRPtKGflJrBx9BmLsSwlU"
                        },
                        "href": "https://api.spotify.com/v1/artists/1wRPtKGflJrBx9BmLsSwlU",
                        "id": "1wRPtKGflJrBx9BmLsSwlU",
                        "name": "Pritam",
                        "type": "artist",
                        "uri": "spotify:artist:1wRPtKGflJrBx9BmLsSwlU"
                    },
                    {
                        "external_urls": {
                            "spotify": "https://open.spotify.com/artist/1tqysapcCh1lWEAc9dIFpa"
                        },
                        "href": "https://api.spotify.com/v1/artists/1tqysapcCh1lWEAc9dIFpa",
                        "id": "1tqysapcCh1lWEAc9dIFpa",
                        "name": "Jubin Nautiyal",
                        "type": "artist",
                        "uri": "spotify:artist:1tqysapcCh1lWEAc9dIFpa"
                    }
                ],
                "available_markets": [
                    "AD",
                    "AE",
                    "AG",
                    "AL",
                    "AM",
                    "AO",
                    "AR",
                    "AT",
                    "AU",
                    "AZ",
                    "BA",
                    "BB",
                    "BD",
                    "BE",
                    "BF",
                    "BG",
                    "BH",
                    "BI",
                    "BJ",
                    "BN",
                    "BO",
                    "BR",
                    "BS",
                    "BT",
                    "BW",
                    "BY",
                    "BZ",
                    "CA",
                    "CH",
                    "CI",
                    "CL",
                    "CM",
                    "CO",
                    "CR",
                    "CV",
                    "CW",
                    "CY",
                    "CZ",
                    "DE",
                    "DJ",
                    "DK",
                    "DM",
                    "DO",
                    "DZ",
                    "EC",
                    "EE",
                    "EG",
                    "ES",
                    "FI",
                    "FJ",
                    "FM",
                    "FR",
                    "GA",
                    "GB",
                    "GD",
                    "GE",
                    "GH",
                    "GM",
                    "GN",
                    "GQ",
                    "GR",
                    "GT",
                    "GW",
                    "GY",
                    "HK",
                    "HN",
                    "HR",
                    "HT",
                    "HU",
                    "ID",
                    "IE",
                    "IL",
                    "IN",
                    "IS",
                    "IT",
                    "JM",
                    "JO",
                    "JP",
                    "KE",
                    "KG",
                    "KH",
                    "KI",
                    "KM",
                    "KN",
                    "KR",
                    "KW",
                    "KZ",
                    "LA",
                    "LB",
                    "LC",
                    "LI",
                    "LK",
                    "LR",
                    "LS",
                    "LT",
                    "LU",
                    "LV",
                    "MA",
                    "MC",
                    "MD",
                    "ME",
                    "MG",
                    "MH",
                    "MK",
                    "ML",
                    "MN",
                    "MO",
                    "MR",
                    "MT",
                    "MU",
                    "MV",
                    "MW",
                    "MX",
                    "MY",
                    "MZ",
                    "NA",
                    "NE",
                    "NG",
                    "NI",
                    "NL",
                    "NO",
                    "NP",
                    "NR",
                    "NZ",
                    "OM",
                    "PA",
                    "PE",
                    "PG",
                    "PH",
                    "PK",
                    "PL",
                    "PS",
                    "PT",
                    "PW",
                    "PY",
                    "QA",
                    "RO",
                    "RS",
                    "RU",
                    "RW",
                    "SA",
                    "SB",
                    "SC",
                    "SE",
                    "SG",
                    "SI",
                    "SK",
                    "SL",
                    "SM",
                    "SN",
                    "SR",
                    "ST",
                    "SV",
                    "SZ",
                    "TD",
                    "TG",
                    "TH",
                    "TL",
                    "TN",
                    "TO",
                    "TR",
                    "TT",
                    "TV",
                    "TW",
                    "TZ",
                    "UA",
                    "UG",
                    "US",
                    "UY",
                    "UZ",
                    "VC",
                    "VN",
                    "VU",
                    "WS",
                    "XK",
                    "ZA",
                    "ZM",
                    "ZW"
                ],
                "disc_number": 1,
                "duration_ms": 258877,
                "explicit": false,
                "external_ids": {
                    "isrc": "INS181501045"
                },
                "external_urls": {
                    "spotify": "https://open.spotify.com/track/6TGX01ExmdHyOG72fqUU3Q"
                },
                "href": "https://api.spotify.com/v1/tracks/6TGX01ExmdHyOG72fqUU3Q",
                "id": "6TGX01ExmdHyOG72fqUU3Q",
                "is_local": false,
                "name": "Zindagi Kuch Toh Bata (Reprise)",
                "popularity": 63,
                "preview_url": "https://p.scdn.co/mp3-preview/3b96e9d7b304b63be5c00acc63f81973bd4d868f?cid=774b29d4f13844c495f206cafdad9c86",
                "track_number": 6,
                "type": "track",
                "uri": "spotify:track:6TGX01ExmdHyOG72fqUU3Q"
            },
            {
                "album": {
                    "album_type": "compilation",
                    "artists": [
                        {
                            "external_urls": {
                                "spotify": "https://open.spotify.com/artist/0LyfQWJT6nXafLPZqxe9Of"
                            },
                            "href": "https://api.spotify.com/v1/artists/0LyfQWJT6nXafLPZqxe9Of",
                            "id": "0LyfQWJT6nXafLPZqxe9Of",
                            "name": "Various Artists",
                            "type": "artist",
                            "uri": "spotify:artist:0LyfQWJT6nXafLPZqxe9Of"
                        }
                    ],
                    "available_markets": [
                        "AD",
                        "AE",
                        "AG",
                        "AL",
                        "AM",
                        "AO",
                        "AR",
                        "AT",
                        "AU",
                        "AZ",
                        "BA",
                        "BB",
                        "BD",
                        "BE",
                        "BF",
                        "BG",
                        "BH",
                        "BI",
                        "BJ",
                        "BN",
                        "BO",
                        "BR",
                        "BS",
                        "BT",
                        "BW",
                        "BY",
                        "BZ",
                        "CA",
                        "CH",
                        "CI",
                        "CL",
                        "CM",
                        "CO",
                        "CR",
                        "CV",
                        "CW",
                        "CY",
                        "CZ",
                        "DE",
                        "DJ",
                        "DK",
                        "DM",
                        "DO",
                        "DZ",
                        "EC",
                        "EE",
                        "EG",
                        "ES",
                        "FI",
                        "FJ",
                        "FM",
                        "FR",
                        "GA",
                        "GB",
                        "GD",
                        "GE",
                        "GH",
                        "GM",
                        "GN",
                        "GQ",
                        "GR",
                        "GT",
                        "GW",
                        "GY",
                        "HK",
                        "HN",
                        "HR",
                        "HT",
                        "HU",
                        "ID",
                        "IE",
                        "IL",
                        "IN",
                        "IS",
                        "IT",
                        "JM",
                        "JO",
                        "JP",
                        "KE",
                        "KG",
                        "KH",
                        "KI",
                        "KM",
                        "KN",
                        "KR",
                        "KW",
                        "KZ",
                        "LA",
                        "LB",
                        "LC",
                        "LI",
                        "LK",
                        "LR",
                        "LS",
                        "LT",
                        "LU",
                        "LV",
                        "MA",
                        "MC",
                        "MD",
                        "ME",
                        "MG",
                        "MH",
                        "MK",
                        "ML",
                        "MN",
                        "MO",
                        "MR",
                        "MT",
                        "MU",
                        "MV",
                        "MW",
                        "MX",
                        "MY",
                        "MZ",
                        "NA",
                        "NE",
                        "NG",
                        "NI",
                        "NL",
                        "NO",
                        "NP",
                        "NR",
                        "NZ",
                        "OM",
                        "PA",
                        "PE",
                        "PG",
                        "PH",
                        "PK",
                        "PL",
                        "PS",
                        "PT",
                        "PW",
                        "PY",
                        "QA",
                        "RO",
                        "RS",
                        "RU",
                        "RW",
                        "SA",
                        "SB",
                        "SC",
                        "SE",
                        "SG",
                        "SI",
                        "SK",
                        "SL",
                        "SM",
                        "SN",
                        "SR",
                        "ST",
                        "SV",
                        "SZ",
                        "TD",
                        "TG",
                        "TH",
                        "TL",
                        "TN",
                        "TO",
                        "TR",
                        "TT",
                        "TV",
                        "TW",
                        "TZ",
                        "UA",
                        "UG",
                        "US",
                        "UY",
                        "UZ",
                        "VC",
                        "VN",
                        "VU",
                        "WS",
                        "XK",
                        "ZA",
                        "ZM",
                        "ZW"
                    ],
                    "external_urls": {
                        "spotify": "https://open.spotify.com/album/3uuu6u13U0KeVQsZ3CZKK4"
                    },
                    "href": "https://api.spotify.com/v1/albums/3uuu6u13U0KeVQsZ3CZKK4",
                    "id": "3uuu6u13U0KeVQsZ3CZKK4",
                    "images": [
                        {
                            "height": 640,
                            "url": "https://i.scdn.co/image/ab67616d0000b273c5545f737b16ad5ee767b62a",
                            "width": 640
                        },
                        {
                            "height": 300,
                            "url": "https://i.scdn.co/image/ab67616d00001e02c5545f737b16ad5ee767b62a",
                            "width": 300
                        },
                        {
                            "height": 64,
                            "url": "https://i.scdn.co/image/ab67616d00004851c5545f737b16ad5ee767b62a",
                            "width": 64
                        }
                    ],
                    "name": "Kabir Singh",
                    "release_date": "2019-06-14",
                    "release_date_precision": "day",
                    "total_tracks": 9,
                    "type": "album",
                    "uri": "spotify:album:3uuu6u13U0KeVQsZ3CZKK4"
                },
                "artists": [
                    {
                        "external_urls": {
                            "spotify": "https://open.spotify.com/artist/1tqysapcCh1lWEAc9dIFpa"
                        },
                        "href": "https://api.spotify.com/v1/artists/1tqysapcCh1lWEAc9dIFpa",
                        "id": "1tqysapcCh1lWEAc9dIFpa",
                        "name": "Jubin Nautiyal",
                        "type": "artist",
                        "uri": "spotify:artist:1tqysapcCh1lWEAc9dIFpa"
                    }
                ],
                "available_markets": [
                    "AD",
                    "AE",
                    "AG",
                    "AL",
                    "AM",
                    "AO",
                    "AR",
                    "AT",
                    "AU",
                    "AZ",
                    "BA",
                    "BB",
                    "BD",
                    "BE",
                    "BF",
                    "BG",
                    "BH",
                    "BI",
                    "BJ",
                    "BN",
                    "BO",
                    "BR",
                    "BS",
                    "BT",
                    "BW",
                    "BY",
                    "BZ",
                    "CA",
                    "CH",
                    "CI",
                    "CL",
                    "CM",
                    "CO",
                    "CR",
                    "CV",
                    "CW",
                    "CY",
                    "CZ",
                    "DE",
                    "DJ",
                    "DK",
                    "DM",
                    "DO",
                    "DZ",
                    "EC",
                    "EE",
                    "EG",
                    "ES",
                    "FI",
                    "FJ",
                    "FM",
                    "FR",
                    "GA",
                    "GB",
                    "GD",
                    "GE",
                    "GH",
                    "GM",
                    "GN",
                    "GQ",
                    "GR",
                    "GT",
                    "GW",
                    "GY",
                    "HK",
                    "HN",
                    "HR",
                    "HT",
                    "HU",
                    "ID",
                    "IE",
                    "IL",
                    "IN",
                    "IS",
                    "IT",
                    "JM",
                    "JO",
                    "JP",
                    "KE",
                    "KG",
                    "KH",
                    "KI",
                    "KM",
                    "KN",
                    "KR",
                    "KW",
                    "KZ",
                    "LA",
                    "LB",
                    "LC",
                    "LI",
                    "LK",
                    "LR",
                    "LS",
                    "LT",
                    "LU",
                    "LV",
                    "MA",
                    "MC",
                    "MD",
                    "ME",
                    "MG",
                    "MH",
                    "MK",
                    "ML",
                    "MN",
                    "MO",
                    "MR",
                    "MT",
                    "MU",
                    "MV",
                    "MW",
                    "MX",
                    "MY",
                    "MZ",
                    "NA",
                    "NE",
                    "NG",
                    "NI",
                    "NL",
                    "NO",
                    "NP",
                    "NR",
                    "NZ",
                    "OM",
                    "PA",
                    "PE",
                    "PG",
                    "PH",
                    "PK",
                    "PL",
                    "PS",
                    "PT",
                    "PW",
                    "PY",
                    "QA",
                    "RO",
                    "RS",
                    "RU",
                    "RW",
                    "SA",
                    "SB",
                    "SC",
                    "SE",
                    "SG",
                    "SI",
                    "SK",
                    "SL",
                    "SM",
                    "SN",
                    "SR",
                    "ST",
                    "SV",
                    "SZ",
                    "TD",
                    "TG",
                    "TH",
                    "TL",
                    "TN",
                    "TO",
                    "TR",
                    "TT",
                    "TV",
                    "TW",
                    "TZ",
                    "UA",
                    "UG",
                    "US",
                    "UY",
                    "UZ",
                    "VC",
                    "VN",
                    "VU",
                    "WS",
                    "XK",
                    "ZA",
                    "ZM",
                    "ZW"
                ],
                "disc_number": 1,
                "duration_ms": 276244,
                "explicit": false,
                "external_ids": {
                    "isrc": "INS181903757"
                },
                "external_urls": {
                    "spotify": "https://open.spotify.com/track/0mHU8dcIvGrGDazLMmQpSg"
                },
                "href": "https://api.spotify.com/v1/tracks/0mHU8dcIvGrGDazLMmQpSg",
                "id": "0mHU8dcIvGrGDazLMmQpSg",
                "is_local": false,
                "name": "Tujhe Kitna Chahein Aur (Film Version)",
                "popularity": 63,
                "preview_url": "https://p.scdn.co/mp3-preview/5e5a6216601433e10fae407250726b728795615f?cid=774b29d4f13844c495f206cafdad9c86",
                "track_number": 9,
                "type": "track",
                "uri": "spotify:track:0mHU8dcIvGrGDazLMmQpSg"
            },
            {
                "album": {
                    "album_type": "single",
                    "artists": [
                        {
                            "external_urls": {
                                "spotify": "https://open.spotify.com/artist/1tqysapcCh1lWEAc9dIFpa"
                            },
                            "href": "https://api.spotify.com/v1/artists/1tqysapcCh1lWEAc9dIFpa",
                            "id": "1tqysapcCh1lWEAc9dIFpa",
                            "name": "Jubin Nautiyal",
                            "type": "artist",
                            "uri": "spotify:artist:1tqysapcCh1lWEAc9dIFpa"
                        },
                        {
                            "external_urls": {
                                "spotify": "https://open.spotify.com/artist/3dN9MQpjIyNxyeRfz4EDZe"
                            },
                            "href": "https://api.spotify.com/v1/artists/3dN9MQpjIyNxyeRfz4EDZe",
                            "id": "3dN9MQpjIyNxyeRfz4EDZe",
                            "name": "Rochak Kohli",
                            "type": "artist",
                            "uri": "spotify:artist:3dN9MQpjIyNxyeRfz4EDZe"
                        }
                    ],
                    "available_markets": [
                        "AD",
                        "AE",
                        "AG",
                        "AL",
                        "AM",
                        "AO",
                        "AR",
                        "AT",
                        "AU",
                        "AZ",
                        "BA",
                        "BB",
                        "BD",
                        "BE",
                        "BF",
                        "BG",
                        "BH",
                        "BI",
                        "BJ",
                        "BN",
                        "BO",
                        "BR",
                        "BS",
                        "BT",
                        "BW",
                        "BY",
                        "BZ",
                        "CA",
                        "CH",
                        "CI",
                        "CL",
                        "CM",
                        "CO",
                        "CR",
                        "CV",
                        "CW",
                        "CY",
                        "CZ",
                        "DE",
                        "DJ",
                        "DK",
                        "DM",
                        "DO",
                        "DZ",
                        "EC",
                        "EE",
                        "EG",
                        "ES",
                        "FI",
                        "FJ",
                        "FM",
                        "FR",
                        "GA",
                        "GB",
                        "GD",
                        "GE",
                        "GH",
                        "GM",
                        "GN",
                        "GQ",
                        "GR",
                        "GT",
                        "GW",
                        "GY",
                        "HK",
                        "HN",
                        "HR",
                        "HT",
                        "HU",
                        "ID",
                        "IE",
                        "IL",
                        "IN",
                        "IS",
                        "IT",
                        "JM",
                        "JO",
                        "JP",
                        "KE",
                        "KG",
                        "KH",
                        "KI",
                        "KM",
                        "KN",
                        "KR",
                        "KW",
                        "KZ",
                        "LA",
                        "LB",
                        "LC",
                        "LI",
                        "LK",
                        "LR",
                        "LS",
                        "LT",
                        "LU",
                        "LV",
                        "MA",
                        "MC",
                        "MD",
                        "ME",
                        "MG",
                        "MH",
                        "MK",
                        "ML",
                        "MN",
                        "MO",
                        "MR",
                        "MT",
                        "MU",
                        "MV",
                        "MW",
                        "MX",
                        "MY",
                        "MZ",
                        "NA",
                        "NE",
                        "NG",
                        "NI",
                        "NL",
                        "NO",
                        "NP",
                        "NR",
                        "NZ",
                        "OM",
                        "PA",
                        "PE",
                        "PG",
                        "PH",
                        "PK",
                        "PL",
                        "PS",
                        "PT",
                        "PW",
                        "PY",
                        "QA",
                        "RO",
                        "RS",
                        "RU",
                        "RW",
                        "SA",
                        "SB",
                        "SC",
                        "SE",
                        "SG",
                        "SI",
                        "SK",
                        "SL",
                        "SM",
                        "SN",
                        "SR",
                        "ST",
                        "SV",
                        "SZ",
                        "TD",
                        "TG",
                        "TH",
                        "TL",
                        "TN",
                        "TO",
                        "TR",
                        "TT",
                        "TV",
                        "TW",
                        "TZ",
                        "UA",
                        "UG",
                        "US",
                        "UY",
                        "UZ",
                        "VC",
                        "VN",
                        "VU",
                        "WS",
                        "XK",
                        "ZA",
                        "ZM",
                        "ZW"
                    ],
                    "external_urls": {
                        "spotify": "https://open.spotify.com/album/7B5QeVfOY5EN3EgNyz8DEw"
                    },
                    "href": "https://api.spotify.com/v1/albums/7B5QeVfOY5EN3EgNyz8DEw",
                    "id": "7B5QeVfOY5EN3EgNyz8DEw",
                    "images": [
                        {
                            "height": 640,
                            "url": "https://i.scdn.co/image/ab67616d0000b27355fb17270db10e180ffcfad9",
                            "width": 640
                        },
                        {
                            "height": 300,
                            "url": "https://i.scdn.co/image/ab67616d00001e0255fb17270db10e180ffcfad9",
                            "width": 300
                        },
                        {
                            "height": 64,
                            "url": "https://i.scdn.co/image/ab67616d0000485155fb17270db10e180ffcfad9",
                            "width": 64
                        }
                    ],
                    "name": "Meri Aashiqui",
                    "release_date": "2020-06-03",
                    "release_date_precision": "day",
                    "total_tracks": 1,
                    "type": "album",
                    "uri": "spotify:album:7B5QeVfOY5EN3EgNyz8DEw"
                },
                "artists": [
                    {
                        "external_urls": {
                            "spotify": "https://open.spotify.com/artist/1tqysapcCh1lWEAc9dIFpa"
                        },
                        "href": "https://api.spotify.com/v1/artists/1tqysapcCh1lWEAc9dIFpa",
                        "id": "1tqysapcCh1lWEAc9dIFpa",
                        "name": "Jubin Nautiyal",
                        "type": "artist",
                        "uri": "spotify:artist:1tqysapcCh1lWEAc9dIFpa"
                    },
                    {
                        "external_urls": {
                            "spotify": "https://open.spotify.com/artist/3dN9MQpjIyNxyeRfz4EDZe"
                        },
                        "href": "https://api.spotify.com/v1/artists/3dN9MQpjIyNxyeRfz4EDZe",
                        "id": "3dN9MQpjIyNxyeRfz4EDZe",
                        "name": "Rochak Kohli",
                        "type": "artist",
                        "uri": "spotify:artist:3dN9MQpjIyNxyeRfz4EDZe"
                    }
                ],
                "available_markets": [
                    "AD",
                    "AE",
                    "AG",
                    "AL",
                    "AM",
                    "AO",
                    "AR",
                    "AT",
                    "AU",
                    "AZ",
                    "BA",
                    "BB",
                    "BD",
                    "BE",
                    "BF",
                    "BG",
                    "BH",
                    "BI",
                    "BJ",
                    "BN",
                    "BO",
                    "BR",
                    "BS",
                    "BT",
                    "BW",
                    "BY",
                    "BZ",
                    "CA",
                    "CH",
                    "CI",
                    "CL",
                    "CM",
                    "CO",
                    "CR",
                    "CV",
                    "CW",
                    "CY",
                    "CZ",
                    "DE",
                    "DJ",
                    "DK",
                    "DM",
                    "DO",
                    "DZ",
                    "EC",
                    "EE",
                    "EG",
                    "ES",
                    "FI",
                    "FJ",
                    "FM",
                    "FR",
                    "GA",
                    "GB",
                    "GD",
                    "GE",
                    "GH",
                    "GM",
                    "GN",
                    "GQ",
                    "GR",
                    "GT",
                    "GW",
                    "GY",
                    "HK",
                    "HN",
                    "HR",
                    "HT",
                    "HU",
                    "ID",
                    "IE",
                    "IL",
                    "IN",
                    "IS",
                    "IT",
                    "JM",
                    "JO",
                    "JP",
                    "KE",
                    "KG",
                    "KH",
                    "KI",
                    "KM",
                    "KN",
                    "KR",
                    "KW",
                    "KZ",
                    "LA",
                    "LB",
                    "LC",
                    "LI",
                    "LK",
                    "LR",
                    "LS",
                    "LT",
                    "LU",
                    "LV",
                    "MA",
                    "MC",
                    "MD",
                    "ME",
                    "MG",
                    "MH",
                    "MK",
                    "ML",
                    "MN",
                    "MO",
                    "MR",
                    "MT",
                    "MU",
                    "MV",
                    "MW",
                    "MX",
                    "MY",
                    "MZ",
                    "NA",
                    "NE",
                    "NG",
                    "NI",
                    "NL",
                    "NO",
                    "NP",
                    "NR",
                    "NZ",
                    "OM",
                    "PA",
                    "PE",
                    "PG",
                    "PH",
                    "PK",
                    "PL",
                    "PS",
                    "PT",
                    "PW",
                    "PY",
                    "QA",
                    "RO",
                    "RS",
                    "RU",
                    "RW",
                    "SA",
                    "SB",
                    "SC",
                    "SE",
                    "SG",
                    "SI",
                    "SK",
                    "SL",
                    "SM",
                    "SN",
                    "SR",
                    "ST",
                    "SV",
                    "SZ",
                    "TD",
                    "TG",
                    "TH",
                    "TL",
                    "TN",
                    "TO",
                    "TR",
                    "TT",
                    "TV",
                    "TW",
                    "TZ",
                    "UA",
                    "UG",
                    "US",
                    "UY",
                    "UZ",
                    "VC",
                    "VN",
                    "VU",
                    "WS",
                    "XK",
                    "ZA",
                    "ZM",
                    "ZW"
                ],
                "disc_number": 1,
                "duration_ms": 280148,
                "explicit": false,
                "external_ids": {
                    "isrc": "INS182001012"
                },
                "external_urls": {
                    "spotify": "https://open.spotify.com/track/2Zwv2vKU8mwgh2LI5GUKcT"
                },
                "href": "https://api.spotify.com/v1/tracks/2Zwv2vKU8mwgh2LI5GUKcT",
                "id": "2Zwv2vKU8mwgh2LI5GUKcT",
                "is_local": false,
                "name": "Meri Aashiqui",
                "popularity": 62,
                "preview_url": "https://p.scdn.co/mp3-preview/af2107adeaab4289cd64b884f9f340503eae9fb7?cid=774b29d4f13844c495f206cafdad9c86",
                "track_number": 1,
                "type": "track",
                "uri": "spotify:track:2Zwv2vKU8mwgh2LI5GUKcT"
            },
            {
                "album": {
                    "album_type": "single",
                    "artists": [
                        {
                            "external_urls": {
                                "spotify": "https://open.spotify.com/artist/1tqysapcCh1lWEAc9dIFpa"
                            },
                            "href": "https://api.spotify.com/v1/artists/1tqysapcCh1lWEAc9dIFpa",
                            "id": "1tqysapcCh1lWEAc9dIFpa",
                            "name": "Jubin Nautiyal",
                            "type": "artist",
                            "uri": "spotify:artist:1tqysapcCh1lWEAc9dIFpa"
                        },
                        {
                            "external_urls": {
                                "spotify": "https://open.spotify.com/artist/0qpsFfOT3SmdGmnyV6rOhS"
                            },
                            "href": "https://api.spotify.com/v1/artists/0qpsFfOT3SmdGmnyV6rOhS",
                            "id": "0qpsFfOT3SmdGmnyV6rOhS",
                            "name": "Meet Bros.",
                            "type": "artist",
                            "uri": "spotify:artist:0qpsFfOT3SmdGmnyV6rOhS"
                        },
                        {
                            "external_urls": {
                                "spotify": "https://open.spotify.com/artist/0HsUQSehtJfQENJxgxQwg5"
                            },
                            "href": "https://api.spotify.com/v1/artists/0HsUQSehtJfQENJxgxQwg5",
                            "id": "0HsUQSehtJfQENJxgxQwg5",
                            "name": "Nikhil Vinay",
                            "type": "artist",
                            "uri": "spotify:artist:0HsUQSehtJfQENJxgxQwg5"
                        }
                    ],
                    "available_markets": [
                        "AD",
                        "AE",
                        "AG",
                        "AL",
                        "AM",
                        "AO",
                        "AR",
                        "AT",
                        "AU",
                        "AZ",
                        "BA",
                        "BB",
                        "BD",
                        "BE",
                        "BF",
                        "BG",
                        "BH",
                        "BI",
                        "BJ",
                        "BN",
                        "BO",
                        "BR",
                        "BS",
                        "BT",
                        "BW",
                        "BY",
                        "BZ",
                        "CA",
                        "CH",
                        "CI",
                        "CL",
                        "CM",
                        "CO",
                        "CR",
                        "CV",
                        "CW",
                        "CY",
                        "CZ",
                        "DE",
                        "DJ",
                        "DK",
                        "DM",
                        "DO",
                        "DZ",
                        "EC",
                        "EE",
                        "EG",
                        "ES",
                        "FI",
                        "FJ",
                        "FM",
                        "FR",
                        "GA",
                        "GB",
                        "GD",
                        "GE",
                        "GH",
                        "GM",
                        "GN",
                        "GQ",
                        "GR",
                        "GT",
                        "GW",
                        "GY",
                        "HK",
                        "HN",
                        "HR",
                        "HT",
                        "HU",
                        "ID",
                        "IE",
                        "IL",
                        "IN",
                        "IS",
                        "IT",
                        "JM",
                        "JO",
                        "JP",
                        "KE",
                        "KG",
                        "KH",
                        "KI",
                        "KM",
                        "KN",
                        "KR",
                        "KW",
                        "KZ",
                        "LA",
                        "LB",
                        "LC",
                        "LI",
                        "LK",
                        "LR",
                        "LS",
                        "LT",
                        "LU",
                        "LV",
                        "MA",
                        "MC",
                        "MD",
                        "ME",
                        "MG",
                        "MH",
                        "MK",
                        "ML",
                        "MN",
                        "MO",
                        "MR",
                        "MT",
                        "MU",
                        "MV",
                        "MW",
                        "MX",
                        "MY",
                        "MZ",
                        "NA",
                        "NE",
                        "NG",
                        "NI",
                        "NL",
                        "NO",
                        "NP",
                        "NR",
                        "NZ",
                        "OM",
                        "PA",
                        "PE",
                        "PG",
                        "PH",
                        "PK",
                        "PL",
                        "PS",
                        "PT",
                        "PW",
                        "PY",
                        "QA",
                        "RO",
                        "RS",
                        "RU",
                        "RW",
                        "SA",
                        "SB",
                        "SC",
                        "SE",
                        "SG",
                        "SI",
                        "SK",
                        "SL",
                        "SM",
                        "SN",
                        "SR",
                        "ST",
                        "SV",
                        "SZ",
                        "TD",
                        "TG",
                        "TH",
                        "TL",
                        "TN",
                        "TO",
                        "TR",
                        "TT",
                        "TV",
                        "TW",
                        "TZ",
                        "UA",
                        "UG",
                        "US",
                        "UY",
                        "UZ",
                        "VC",
                        "VN",
                        "VU",
                        "WS",
                        "XK",
                        "ZA",
                        "ZM",
                        "ZW"
                    ],
                    "external_urls": {
                        "spotify": "https://open.spotify.com/album/4SJ1Bg3UAbnkLiaqkHcwaz"
                    },
                    "href": "https://api.spotify.com/v1/albums/4SJ1Bg3UAbnkLiaqkHcwaz",
                    "id": "4SJ1Bg3UAbnkLiaqkHcwaz",
                    "images": [
                        {
                            "height": 640,
                            "url": "https://i.scdn.co/image/ab67616d0000b2730b2bf28fef192da165279c25",
                            "width": 640
                        },
                        {
                            "height": 300,
                            "url": "https://i.scdn.co/image/ab67616d00001e020b2bf28fef192da165279c25",
                            "width": 300
                        },
                        {
                            "height": 64,
                            "url": "https://i.scdn.co/image/ab67616d000048510b2bf28fef192da165279c25",
                            "width": 64
                        }
                    ],
                    "name": "Wafa Na Raas Aayee",
                    "release_date": "2021-04-23",
                    "release_date_precision": "day",
                    "total_tracks": 1,
                    "type": "album",
                    "uri": "spotify:album:4SJ1Bg3UAbnkLiaqkHcwaz"
                },
                "artists": [
                    {
                        "external_urls": {
                            "spotify": "https://open.spotify.com/artist/1tqysapcCh1lWEAc9dIFpa"
                        },
                        "href": "https://api.spotify.com/v1/artists/1tqysapcCh1lWEAc9dIFpa",
                        "id": "1tqysapcCh1lWEAc9dIFpa",
                        "name": "Jubin Nautiyal",
                        "type": "artist",
                        "uri": "spotify:artist:1tqysapcCh1lWEAc9dIFpa"
                    },
                    {
                        "external_urls": {
                            "spotify": "https://open.spotify.com/artist/0qpsFfOT3SmdGmnyV6rOhS"
                        },
                        "href": "https://api.spotify.com/v1/artists/0qpsFfOT3SmdGmnyV6rOhS",
                        "id": "0qpsFfOT3SmdGmnyV6rOhS",
                        "name": "Meet Bros.",
                        "type": "artist",
                        "uri": "spotify:artist:0qpsFfOT3SmdGmnyV6rOhS"
                    },
                    {
                        "external_urls": {
                            "spotify": "https://open.spotify.com/artist/0HsUQSehtJfQENJxgxQwg5"
                        },
                        "href": "https://api.spotify.com/v1/artists/0HsUQSehtJfQENJxgxQwg5",
                        "id": "0HsUQSehtJfQENJxgxQwg5",
                        "name": "Nikhil Vinay",
                        "type": "artist",
                        "uri": "spotify:artist:0HsUQSehtJfQENJxgxQwg5"
                    }
                ],
                "available_markets": [
                    "AD",
                    "AE",
                    "AG",
                    "AL",
                    "AM",
                    "AO",
                    "AR",
                    "AT",
                    "AU",
                    "AZ",
                    "BA",
                    "BB",
                    "BD",
                    "BE",
                    "BF",
                    "BG",
                    "BH",
                    "BI",
                    "BJ",
                    "BN",
                    "BO",
                    "BR",
                    "BS",
                    "BT",
                    "BW",
                    "BY",
                    "BZ",
                    "CA",
                    "CH",
                    "CI",
                    "CL",
                    "CM",
                    "CO",
                    "CR",
                    "CV",
                    "CW",
                    "CY",
                    "CZ",
                    "DE",
                    "DJ",
                    "DK",
                    "DM",
                    "DO",
                    "DZ",
                    "EC",
                    "EE",
                    "EG",
                    "ES",
                    "FI",
                    "FJ",
                    "FM",
                    "FR",
                    "GA",
                    "GB",
                    "GD",
                    "GE",
                    "GH",
                    "GM",
                    "GN",
                    "GQ",
                    "GR",
                    "GT",
                    "GW",
                    "GY",
                    "HK",
                    "HN",
                    "HR",
                    "HT",
                    "HU",
                    "ID",
                    "IE",
                    "IL",
                    "IN",
                    "IS",
                    "IT",
                    "JM",
                    "JO",
                    "JP",
                    "KE",
                    "KG",
                    "KH",
                    "KI",
                    "KM",
                    "KN",
                    "KR",
                    "KW",
                    "KZ",
                    "LA",
                    "LB",
                    "LC",
                    "LI",
                    "LK",
                    "LR",
                    "LS",
                    "LT",
                    "LU",
                    "LV",
                    "MA",
                    "MC",
                    "MD",
                    "ME",
                    "MG",
                    "MH",
                    "MK",
                    "ML",
                    "MN",
                    "MO",
                    "MR",
                    "MT",
                    "MU",
                    "MV",
                    "MW",
                    "MX",
                    "MY",
                    "MZ",
                    "NA",
                    "NE",
                    "NG",
                    "NI",
                    "NL",
                    "NO",
                    "NP",
                    "NR",
                    "NZ",
                    "OM",
                    "PA",
                    "PE",
                    "PG",
                    "PH",
                    "PK",
                    "PL",
                    "PS",
                    "PT",
                    "PW",
                    "PY",
                    "QA",
                    "RO",
                    "RS",
                    "RU",
                    "RW",
                    "SA",
                    "SB",
                    "SC",
                    "SE",
                    "SG",
                    "SI",
                    "SK",
                    "SL",
                    "SM",
                    "SN",
                    "SR",
                    "ST",
                    "SV",
                    "SZ",
                    "TD",
                    "TG",
                    "TH",
                    "TL",
                    "TN",
                    "TO",
                    "TR",
                    "TT",
                    "TV",
                    "TW",
                    "TZ",
                    "UA",
                    "UG",
                    "US",
                    "UY",
                    "UZ",
                    "VC",
                    "VN",
                    "VU",
                    "WS",
                    "XK",
                    "ZA",
                    "ZM",
                    "ZW"
                ],
                "disc_number": 1,
                "duration_ms": 288152,
                "explicit": false,
                "external_ids": {
                    "isrc": "INS182100820"
                },
                "external_urls": {
                    "spotify": "https://open.spotify.com/track/7rjFYm6THGNETjg3vb1Tof"
                },
                "href": "https://api.spotify.com/v1/tracks/7rjFYm6THGNETjg3vb1Tof",
                "id": "7rjFYm6THGNETjg3vb1Tof",
                "is_local": false,
                "name": "Wafa Na Raas Aayee",
                "popularity": 51,
                "preview_url": "https://p.scdn.co/mp3-preview/92c75d3b775169fcbc4f1f0a548788c3f0f2fe7e?cid=774b29d4f13844c495f206cafdad9c86",
                "track_number": 1,
                "type": "track",
                "uri": "spotify:track:7rjFYm6THGNETjg3vb1Tof"
            },
            {
                "album": {
                    "album_type": "single",
                    "artists": [
                        {
                            "external_urls": {
                                "spotify": "https://open.spotify.com/artist/0LyfQWJT6nXafLPZqxe9Of"
                            },
                            "href": "https://api.spotify.com/v1/artists/0LyfQWJT6nXafLPZqxe9Of",
                            "id": "0LyfQWJT6nXafLPZqxe9Of",
                            "name": "Various Artists",
                            "type": "artist",
                            "uri": "spotify:artist:0LyfQWJT6nXafLPZqxe9Of"
                        }
                    ],
                    "available_markets": [
                        "AD",
                        "AE",
                        "AG",
                        "AL",
                        "AM",
                        "AO",
                        "AR",
                        "AT",
                        "AU",
                        "AZ",
                        "BA",
                        "BB",
                        "BD",
                        "BE",
                        "BF",
                        "BG",
                        "BH",
                        "BI",
                        "BJ",
                        "BN",
                        "BO",
                        "BR",
                        "BS",
                        "BT",
                        "BW",
                        "BY",
                        "BZ",
                        "CA",
                        "CH",
                        "CI",
                        "CL",
                        "CM",
                        "CO",
                        "CR",
                        "CV",
                        "CW",
                        "CY",
                        "CZ",
                        "DE",
                        "DJ",
                        "DK",
                        "DM",
                        "DO",
                        "DZ",
                        "EC",
                        "EE",
                        "EG",
                        "ES",
                        "FI",
                        "FJ",
                        "FM",
                        "FR",
                        "GA",
                        "GB",
                        "GD",
                        "GE",
                        "GH",
                        "GM",
                        "GN",
                        "GQ",
                        "GR",
                        "GT",
                        "GW",
                        "GY",
                        "HK",
                        "HN",
                        "HR",
                        "HT",
                        "HU",
                        "ID",
                        "IE",
                        "IL",
                        "IN",
                        "IS",
                        "IT",
                        "JM",
                        "JO",
                        "JP",
                        "KE",
                        "KG",
                        "KH",
                        "KI",
                        "KM",
                        "KN",
                        "KR",
                        "KW",
                        "KZ",
                        "LA",
                        "LB",
                        "LC",
                        "LI",
                        "LK",
                        "LR",
                        "LS",
                        "LT",
                        "LU",
                        "LV",
                        "MA",
                        "MC",
                        "MD",
                        "ME",
                        "MG",
                        "MH",
                        "MK",
                        "ML",
                        "MN",
                        "MO",
                        "MR",
                        "MT",
                        "MU",
                        "MV",
                        "MW",
                        "MX",
                        "MY",
                        "MZ",
                        "NA",
                        "NE",
                        "NG",
                        "NI",
                        "NL",
                        "NO",
                        "NP",
                        "NR",
                        "NZ",
                        "OM",
                        "PA",
                        "PE",
                        "PG",
                        "PH",
                        "PK",
                        "PL",
                        "PS",
                        "PT",
                        "PW",
                        "PY",
                        "QA",
                        "RO",
                        "RS",
                        "RU",
                        "RW",
                        "SA",
                        "SB",
                        "SC",
                        "SE",
                        "SG",
                        "SI",
                        "SK",
                        "SL",
                        "SM",
                        "SN",
                        "SR",
                        "ST",
                        "SV",
                        "SZ",
                        "TD",
                        "TG",
                        "TH",
                        "TL",
                        "TN",
                        "TO",
                        "TR",
                        "TT",
                        "TV",
                        "TW",
                        "TZ",
                        "UA",
                        "UG",
                        "US",
                        "UY",
                        "UZ",
                        "VC",
                        "VN",
                        "VU",
                        "WS",
                        "XK",
                        "ZA",
                        "ZM",
                        "ZW"
                    ],
                    "external_urls": {
                        "spotify": "https://open.spotify.com/album/16AQy6HuGxznQphzEGlAPd"
                    },
                    "href": "https://api.spotify.com/v1/albums/16AQy6HuGxznQphzEGlAPd",
                    "id": "16AQy6HuGxznQphzEGlAPd",
                    "images": [
                        {
                            "height": 640,
                            "url": "https://i.scdn.co/image/ab67616d0000b2738937d121a718fc1afd4f93ea",
                            "width": 640
                        },
                        {
                            "height": 300,
                            "url": "https://i.scdn.co/image/ab67616d00001e028937d121a718fc1afd4f93ea",
                            "width": 300
                        },
                        {
                            "height": 64,
                            "url": "https://i.scdn.co/image/ab67616d000048518937d121a718fc1afd4f93ea",
                            "width": 64
                        }
                    ],
                    "name": "Main Jis Din Bhulaa Du",
                    "release_date": "2021-02-10",
                    "release_date_precision": "day",
                    "total_tracks": 1,
                    "type": "album",
                    "uri": "spotify:album:16AQy6HuGxznQphzEGlAPd"
                },
                "artists": [
                    {
                        "external_urls": {
                            "spotify": "https://open.spotify.com/artist/3dN9MQpjIyNxyeRfz4EDZe"
                        },
                        "href": "https://api.spotify.com/v1/artists/3dN9MQpjIyNxyeRfz4EDZe",
                        "id": "3dN9MQpjIyNxyeRfz4EDZe",
                        "name": "Rochak Kohli",
                        "type": "artist",
                        "uri": "spotify:artist:3dN9MQpjIyNxyeRfz4EDZe"
                    },
                    {
                        "external_urls": {
                            "spotify": "https://open.spotify.com/artist/1tqysapcCh1lWEAc9dIFpa"
                        },
                        "href": "https://api.spotify.com/v1/artists/1tqysapcCh1lWEAc9dIFpa",
                        "id": "1tqysapcCh1lWEAc9dIFpa",
                        "name": "Jubin Nautiyal",
                        "type": "artist",
                        "uri": "spotify:artist:1tqysapcCh1lWEAc9dIFpa"
                    },
                    {
                        "external_urls": {
                            "spotify": "https://open.spotify.com/artist/0T1CMVkqffHlqEk4BcAph1"
                        },
                        "href": "https://api.spotify.com/v1/artists/0T1CMVkqffHlqEk4BcAph1",
                        "id": "0T1CMVkqffHlqEk4BcAph1",
                        "name": "Tulsi Kumar",
                        "type": "artist",
                        "uri": "spotify:artist:0T1CMVkqffHlqEk4BcAph1"
                    },
                    {
                        "external_urls": {
                            "spotify": "https://open.spotify.com/artist/0RdFLtxyUpC7CXCRTc57PZ"
                        },
                        "href": "https://api.spotify.com/v1/artists/0RdFLtxyUpC7CXCRTc57PZ",
                        "id": "0RdFLtxyUpC7CXCRTc57PZ",
                        "name": "M. Ashraf",
                        "type": "artist",
                        "uri": "spotify:artist:0RdFLtxyUpC7CXCRTc57PZ"
                    }
                ],
                "available_markets": [
                    "AD",
                    "AE",
                    "AG",
                    "AL",
                    "AM",
                    "AO",
                    "AR",
                    "AT",
                    "AU",
                    "AZ",
                    "BA",
                    "BB",
                    "BD",
                    "BE",
                    "BF",
                    "BG",
                    "BH",
                    "BI",
                    "BJ",
                    "BN",
                    "BO",
                    "BR",
                    "BS",
                    "BT",
                    "BW",
                    "BY",
                    "BZ",
                    "CA",
                    "CH",
                    "CI",
                    "CL",
                    "CM",
                    "CO",
                    "CR",
                    "CV",
                    "CW",
                    "CY",
                    "CZ",
                    "DE",
                    "DJ",
                    "DK",
                    "DM",
                    "DO",
                    "DZ",
                    "EC",
                    "EE",
                    "EG",
                    "ES",
                    "FI",
                    "FJ",
                    "FM",
                    "FR",
                    "GA",
                    "GB",
                    "GD",
                    "GE",
                    "GH",
                    "GM",
                    "GN",
                    "GQ",
                    "GR",
                    "GT",
                    "GW",
                    "GY",
                    "HK",
                    "HN",
                    "HR",
                    "HT",
                    "HU",
                    "ID",
                    "IE",
                    "IL",
                    "IN",
                    "IS",
                    "IT",
                    "JM",
                    "JO",
                    "JP",
                    "KE",
                    "KG",
                    "KH",
                    "KI",
                    "KM",
                    "KN",
                    "KR",
                    "KW",
                    "KZ",
                    "LA",
                    "LB",
                    "LC",
                    "LI",
                    "LK",
                    "LR",
                    "LS",
                    "LT",
                    "LU",
                    "LV",
                    "MA",
                    "MC",
                    "MD",
                    "ME",
                    "MG",
                    "MH",
                    "MK",
                    "ML",
                    "MN",
                    "MO",
                    "MR",
                    "MT",
                    "MU",
                    "MV",
                    "MW",
                    "MX",
                    "MY",
                    "MZ",
                    "NA",
                    "NE",
                    "NG",
                    "NI",
                    "NL",
                    "NO",
                    "NP",
                    "NR",
                    "NZ",
                    "OM",
                    "PA",
                    "PE",
                    "PG",
                    "PH",
                    "PK",
                    "PL",
                    "PS",
                    "PT",
                    "PW",
                    "PY",
                    "QA",
                    "RO",
                    "RS",
                    "RU",
                    "RW",
                    "SA",
                    "SB",
                    "SC",
                    "SE",
                    "SG",
                    "SI",
                    "SK",
                    "SL",
                    "SM",
                    "SN",
                    "SR",
                    "ST",
                    "SV",
                    "SZ",
                    "TD",
                    "TG",
                    "TH",
                    "TL",
                    "TN",
                    "TO",
                    "TR",
                    "TT",
                    "TV",
                    "TW",
                    "TZ",
                    "UA",
                    "UG",
                    "US",
                    "UY",
                    "UZ",
                    "VC",
                    "VN",
                    "VU",
                    "WS",
                    "XK",
                    "ZA",
                    "ZM",
                    "ZW"
                ],
                "disc_number": 1,
                "duration_ms": 300000,
                "explicit": false,
                "external_ids": {
                    "isrc": "INS182100012"
                },
                "external_urls": {
                    "spotify": "https://open.spotify.com/track/6X3FjTFOKsj7FQk2rd0gPv"
                },
                "href": "https://api.spotify.com/v1/tracks/6X3FjTFOKsj7FQk2rd0gPv",
                "id": "6X3FjTFOKsj7FQk2rd0gPv",
                "is_local": false,
                "name": "Main Jis Din Bhulaa Du",
                "popularity": 61,
                "preview_url": "https://p.scdn.co/mp3-preview/66441932deba470028bbb9d275601de8d9607a12?cid=774b29d4f13844c495f206cafdad9c86",
                "track_number": 1,
                "type": "track",
                "uri": "spotify:track:6X3FjTFOKsj7FQk2rd0gPv"
            },
            {
                "album": {
                    "album_type": "compilation",
                    "artists": [
                        {
                            "external_urls": {
                                "spotify": "https://open.spotify.com/artist/0LyfQWJT6nXafLPZqxe9Of"
                            },
                            "href": "https://api.spotify.com/v1/artists/0LyfQWJT6nXafLPZqxe9Of",
                            "id": "0LyfQWJT6nXafLPZqxe9Of",
                            "name": "Various Artists",
                            "type": "artist",
                            "uri": "spotify:artist:0LyfQWJT6nXafLPZqxe9Of"
                        }
                    ],
                    "available_markets": [
                        "AD",
                        "AE",
                        "AG",
                        "AL",
                        "AM",
                        "AO",
                        "AR",
                        "AT",
                        "AU",
                        "AZ",
                        "BA",
                        "BB",
                        "BD",
                        "BE",
                        "BF",
                        "BG",
                        "BH",
                        "BI",
                        "BJ",
                        "BN",
                        "BO",
                        "BR",
                        "BS",
                        "BT",
                        "BW",
                        "BY",
                        "BZ",
                        "CA",
                        "CH",
                        "CI",
                        "CL",
                        "CM",
                        "CO",
                        "CR",
                        "CV",
                        "CW",
                        "CY",
                        "CZ",
                        "DE",
                        "DJ",
                        "DK",
                        "DM",
                        "DO",
                        "DZ",
                        "EC",
                        "EE",
                        "EG",
                        "ES",
                        "FI",
                        "FJ",
                        "FM",
                        "FR",
                        "GA",
                        "GB",
                        "GD",
                        "GE",
                        "GH",
                        "GM",
                        "GN",
                        "GQ",
                        "GR",
                        "GT",
                        "GW",
                        "GY",
                        "HK",
                        "HN",
                        "HR",
                        "HT",
                        "HU",
                        "ID",
                        "IE",
                        "IL",
                        "IN",
                        "IS",
                        "IT",
                        "JM",
                        "JO",
                        "JP",
                        "KE",
                        "KG",
                        "KH",
                        "KI",
                        "KM",
                        "KN",
                        "KR",
                        "KW",
                        "KZ",
                        "LA",
                        "LB",
                        "LC",
                        "LI",
                        "LK",
                        "LR",
                        "LS",
                        "LT",
                        "LU",
                        "LV",
                        "MA",
                        "MC",
                        "MD",
                        "ME",
                        "MG",
                        "MH",
                        "MK",
                        "ML",
                        "MN",
                        "MO",
                        "MR",
                        "MT",
                        "MU",
                        "MV",
                        "MW",
                        "MX",
                        "MY",
                        "MZ",
                        "NA",
                        "NE",
                        "NG",
                        "NI",
                        "NL",
                        "NO",
                        "NP",
                        "NR",
                        "NZ",
                        "OM",
                        "PA",
                        "PE",
                        "PG",
                        "PH",
                        "PK",
                        "PL",
                        "PS",
                        "PT",
                        "PW",
                        "PY",
                        "QA",
                        "RO",
                        "RS",
                        "RU",
                        "RW",
                        "SA",
                        "SB",
                        "SC",
                        "SE",
                        "SG",
                        "SI",
                        "SK",
                        "SL",
                        "SM",
                        "SN",
                        "SR",
                        "ST",
                        "SV",
                        "SZ",
                        "TD",
                        "TG",
                        "TH",
                        "TL",
                        "TN",
                        "TO",
                        "TR",
                        "TT",
                        "TV",
                        "TW",
                        "TZ",
                        "UA",
                        "UG",
                        "US",
                        "UY",
                        "UZ",
                        "VC",
                        "VN",
                        "VU",
                        "WS",
                        "XK",
                        "ZA",
                        "ZM",
                        "ZW"
                    ],
                    "external_urls": {
                        "spotify": "https://open.spotify.com/album/1duamJWcTHpStsgqCUnlBh"
                    },
                    "href": "https://api.spotify.com/v1/albums/1duamJWcTHpStsgqCUnlBh",
                    "id": "1duamJWcTHpStsgqCUnlBh",
                    "images": [
                        {
                            "height": 640,
                            "url": "https://i.scdn.co/image/ab67616d0000b273add298a2d194b33da1d364dd",
                            "width": 640
                        },
                        {
                            "height": 300,
                            "url": "https://i.scdn.co/image/ab67616d00001e02add298a2d194b33da1d364dd",
                            "width": 300
                        },
                        {
                            "height": 64,
                            "url": "https://i.scdn.co/image/ab67616d00004851add298a2d194b33da1d364dd",
                            "width": 64
                        }
                    ],
                    "name": "Sonali Cable",
                    "release_date": "2018-06-04",
                    "release_date_precision": "day",
                    "total_tracks": 9,
                    "type": "album",
                    "uri": "spotify:album:1duamJWcTHpStsgqCUnlBh"
                },
                "artists": [
                    {
                        "external_urls": {
                            "spotify": "https://open.spotify.com/artist/1tqysapcCh1lWEAc9dIFpa"
                        },
                        "href": "https://api.spotify.com/v1/artists/1tqysapcCh1lWEAc9dIFpa",
                        "id": "1tqysapcCh1lWEAc9dIFpa",
                        "name": "Jubin Nautiyal",
                        "type": "artist",
                        "uri": "spotify:artist:1tqysapcCh1lWEAc9dIFpa"
                    }
                ],
                "available_markets": [
                    "AD",
                    "AE",
                    "AG",
                    "AL",
                    "AM",
                    "AO",
                    "AR",
                    "AT",
                    "AU",
                    "AZ",
                    "BA",
                    "BB",
                    "BD",
                    "BE",
                    "BF",
                    "BG",
                    "BH",
                    "BI",
                    "BJ",
                    "BN",
                    "BO",
                    "BR",
                    "BS",
                    "BT",
                    "BW",
                    "BY",
                    "BZ",
                    "CA",
                    "CH",
                    "CI",
                    "CL",
                    "CM",
                    "CO",
                    "CR",
                    "CV",
                    "CW",
                    "CY",
                    "CZ",
                    "DE",
                    "DJ",
                    "DK",
                    "DM",
                    "DO",
                    "DZ",
                    "EC",
                    "EE",
                    "EG",
                    "ES",
                    "FI",
                    "FJ",
                    "FM",
                    "FR",
                    "GA",
                    "GB",
                    "GD",
                    "GE",
                    "GH",
                    "GM",
                    "GN",
                    "GQ",
                    "GR",
                    "GT",
                    "GW",
                    "GY",
                    "HK",
                    "HN",
                    "HR",
                    "HT",
                    "HU",
                    "ID",
                    "IE",
                    "IL",
                    "IN",
                    "IS",
                    "IT",
                    "JM",
                    "JO",
                    "JP",
                    "KE",
                    "KG",
                    "KH",
                    "KI",
                    "KM",
                    "KN",
                    "KR",
                    "KW",
                    "KZ",
                    "LA",
                    "LB",
                    "LC",
                    "LI",
                    "LK",
                    "LR",
                    "LS",
                    "LT",
                    "LU",
                    "LV",
                    "MA",
                    "MC",
                    "MD",
                    "ME",
                    "MG",
                    "MH",
                    "MK",
                    "ML",
                    "MN",
                    "MO",
                    "MR",
                    "MT",
                    "MU",
                    "MV",
                    "MW",
                    "MX",
                    "MY",
                    "MZ",
                    "NA",
                    "NE",
                    "NG",
                    "NI",
                    "NL",
                    "NO",
                    "NP",
                    "NR",
                    "NZ",
                    "OM",
                    "PA",
                    "PE",
                    "PG",
                    "PH",
                    "PK",
                    "PL",
                    "PS",
                    "PT",
                    "PW",
                    "PY",
                    "QA",
                    "RO",
                    "RS",
                    "RU",
                    "RW",
                    "SA",
                    "SB",
                    "SC",
                    "SE",
                    "SG",
                    "SI",
                    "SK",
                    "SL",
                    "SM",
                    "SN",
                    "SR",
                    "ST",
                    "SV",
                    "SZ",
                    "TD",
                    "TG",
                    "TH",
                    "TL",
                    "TN",
                    "TO",
                    "TR",
                    "TT",
                    "TV",
                    "TW",
                    "TZ",
                    "UA",
                    "UG",
                    "US",
                    "UY",
                    "UZ",
                    "VC",
                    "VN",
                    "VU",
                    "WS",
                    "XK",
                    "ZA",
                    "ZM",
                    "ZW"
                ],
                "disc_number": 1,
                "duration_ms": 313835,
                "explicit": false,
                "external_ids": {
                    "isrc": "INZ031400154"
                },
                "external_urls": {
                    "spotify": "https://open.spotify.com/track/7DoMSoKN9uXj9okZMOSLpx"
                },
                "href": "https://api.spotify.com/v1/tracks/7DoMSoKN9uXj9okZMOSLpx",
                "id": "7DoMSoKN9uXj9okZMOSLpx",
                "is_local": false,
                "name": "Ek Mulaqat - Jubin",
                "popularity": 55,
                "preview_url": "https://p.scdn.co/mp3-preview/3811c432e4e8f72748e0fc4d91baee1325560534?cid=774b29d4f13844c495f206cafdad9c86",
                "track_number": 2,
                "type": "track",
                "uri": "spotify:track:7DoMSoKN9uXj9okZMOSLpx"
            },
            {
                "album": {
                    "album_type": "album",
                    "artists": [
                        {
                            "external_urls": {
                                "spotify": "https://open.spotify.com/artist/0LyfQWJT6nXafLPZqxe9Of"
                            },
                            "href": "https://api.spotify.com/v1/artists/0LyfQWJT6nXafLPZqxe9Of",
                            "id": "0LyfQWJT6nXafLPZqxe9Of",
                            "name": "Various Artists",
                            "type": "artist",
                            "uri": "spotify:artist:0LyfQWJT6nXafLPZqxe9Of"
                        }
                    ],
                    "available_markets": [
                        "AD",
                        "AE",
                        "AG",
                        "AL",
                        "AM",
                        "AO",
                        "AR",
                        "AT",
                        "AU",
                        "AZ",
                        "BA",
                        "BB",
                        "BD",
                        "BE",
                        "BF",
                        "BG",
                        "BH",
                        "BI",
                        "BJ",
                        "BN",
                        "BO",
                        "BR",
                        "BS",
                        "BT",
                        "BW",
                        "BY",
                        "BZ",
                        "CA",
                        "CH",
                        "CI",
                        "CL",
                        "CM",
                        "CO",
                        "CR",
                        "CV",
                        "CW",
                        "CY",
                        "CZ",
                        "DE",
                        "DJ",
                        "DK",
                        "DM",
                        "DO",
                        "DZ",
                        "EC",
                        "EE",
                        "EG",
                        "ES",
                        "FI",
                        "FJ",
                        "FM",
                        "FR",
                        "GA",
                        "GB",
                        "GD",
                        "GE",
                        "GH",
                        "GM",
                        "GN",
                        "GQ",
                        "GR",
                        "GT",
                        "GW",
                        "GY",
                        "HK",
                        "HN",
                        "HR",
                        "HT",
                        "HU",
                        "ID",
                        "IE",
                        "IL",
                        "IN",
                        "IS",
                        "IT",
                        "JM",
                        "JO",
                        "JP",
                        "KE",
                        "KG",
                        "KH",
                        "KI",
                        "KM",
                        "KN",
                        "KR",
                        "KW",
                        "KZ",
                        "LA",
                        "LB",
                        "LC",
                        "LI",
                        "LK",
                        "LR",
                        "LS",
                        "LT",
                        "LU",
                        "LV",
                        "MA",
                        "MC",
                        "MD",
                        "ME",
                        "MG",
                        "MH",
                        "MK",
                        "ML",
                        "MN",
                        "MO",
                        "MR",
                        "MT",
                        "MU",
                        "MV",
                        "MW",
                        "MX",
                        "MY",
                        "MZ",
                        "NA",
                        "NE",
                        "NG",
                        "NI",
                        "NL",
                        "NO",
                        "NP",
                        "NR",
                        "NZ",
                        "OM",
                        "PA",
                        "PE",
                        "PG",
                        "PH",
                        "PK",
                        "PL",
                        "PS",
                        "PT",
                        "PW",
                        "PY",
                        "QA",
                        "RO",
                        "RS",
                        "RU",
                        "RW",
                        "SA",
                        "SB",
                        "SC",
                        "SE",
                        "SG",
                        "SI",
                        "SK",
                        "SL",
                        "SM",
                        "SN",
                        "SR",
                        "ST",
                        "SV",
                        "SZ",
                        "TD",
                        "TG",
                        "TH",
                        "TL",
                        "TN",
                        "TO",
                        "TR",
                        "TT",
                        "TV",
                        "TW",
                        "TZ",
                        "UA",
                        "UG",
                        "US",
                        "UY",
                        "UZ",
                        "VC",
                        "VN",
                        "VU",
                        "WS",
                        "XK",
                        "ZA",
                        "ZM",
                        "ZW"
                    ],
                    "external_urls": {
                        "spotify": "https://open.spotify.com/album/4KFEHvkGVZCLQ2vJM6tlh1"
                    },
                    "href": "https://api.spotify.com/v1/albums/4KFEHvkGVZCLQ2vJM6tlh1",
                    "id": "4KFEHvkGVZCLQ2vJM6tlh1",
                    "images": [
                        {
                            "height": 640,
                            "url": "https://i.scdn.co/image/ab67616d0000b273dae669e0bc817fd2d2235fa6",
                            "width": 640
                        },
                        {
                            "height": 300,
                            "url": "https://i.scdn.co/image/ab67616d00001e02dae669e0bc817fd2d2235fa6",
                            "width": 300
                        },
                        {
                            "height": 64,
                            "url": "https://i.scdn.co/image/ab67616d00004851dae669e0bc817fd2d2235fa6",
                            "width": 64
                        }
                    ],
                    "name": "The Shaukeens",
                    "release_date": "2018-08-07",
                    "release_date_precision": "day",
                    "total_tracks": 7,
                    "type": "album",
                    "uri": "spotify:album:4KFEHvkGVZCLQ2vJM6tlh1"
                },
                "artists": [
                    {
                        "external_urls": {
                            "spotify": "https://open.spotify.com/artist/6jf2eKjiPT6P18RbOSLzf0"
                        },
                        "href": "https://api.spotify.com/v1/artists/6jf2eKjiPT6P18RbOSLzf0",
                        "id": "6jf2eKjiPT6P18RbOSLzf0",
                        "name": "Arko",
                        "type": "artist",
                        "uri": "spotify:artist:6jf2eKjiPT6P18RbOSLzf0"
                    },
                    {
                        "external_urls": {
                            "spotify": "https://open.spotify.com/artist/1tqysapcCh1lWEAc9dIFpa"
                        },
                        "href": "https://api.spotify.com/v1/artists/1tqysapcCh1lWEAc9dIFpa",
                        "id": "1tqysapcCh1lWEAc9dIFpa",
                        "name": "Jubin Nautiyal",
                        "type": "artist",
                        "uri": "spotify:artist:1tqysapcCh1lWEAc9dIFpa"
                    }
                ],
                "available_markets": [
                    "AD",
                    "AE",
                    "AG",
                    "AL",
                    "AM",
                    "AO",
                    "AR",
                    "AT",
                    "AU",
                    "AZ",
                    "BA",
                    "BB",
                    "BD",
                    "BE",
                    "BF",
                    "BG",
                    "BH",
                    "BI",
                    "BJ",
                    "BN",
                    "BO",
                    "BR",
                    "BS",
                    "BT",
                    "BW",
                    "BY",
                    "BZ",
                    "CA",
                    "CH",
                    "CI",
                    "CL",
                    "CM",
                    "CO",
                    "CR",
                    "CV",
                    "CW",
                    "CY",
                    "CZ",
                    "DE",
                    "DJ",
                    "DK",
                    "DM",
                    "DO",
                    "DZ",
                    "EC",
                    "EE",
                    "EG",
                    "ES",
                    "FI",
                    "FJ",
                    "FM",
                    "FR",
                    "GA",
                    "GB",
                    "GD",
                    "GE",
                    "GH",
                    "GM",
                    "GN",
                    "GQ",
                    "GR",
                    "GT",
                    "GW",
                    "GY",
                    "HK",
                    "HN",
                    "HR",
                    "HT",
                    "HU",
                    "ID",
                    "IE",
                    "IL",
                    "IN",
                    "IS",
                    "IT",
                    "JM",
                    "JO",
                    "JP",
                    "KE",
                    "KG",
                    "KH",
                    "KI",
                    "KM",
                    "KN",
                    "KR",
                    "KW",
                    "KZ",
                    "LA",
                    "LB",
                    "LC",
                    "LI",
                    "LK",
                    "LR",
                    "LS",
                    "LT",
                    "LU",
                    "LV",
                    "MA",
                    "MC",
                    "MD",
                    "ME",
                    "MG",
                    "MH",
                    "MK",
                    "ML",
                    "MN",
                    "MO",
                    "MR",
                    "MT",
                    "MU",
                    "MV",
                    "MW",
                    "MX",
                    "MY",
                    "MZ",
                    "NA",
                    "NE",
                    "NG",
                    "NI",
                    "NL",
                    "NO",
                    "NP",
                    "NR",
                    "NZ",
                    "OM",
                    "PA",
                    "PE",
                    "PG",
                    "PH",
                    "PK",
                    "PL",
                    "PS",
                    "PT",
                    "PW",
                    "PY",
                    "QA",
                    "RO",
                    "RS",
                    "RU",
                    "RW",
                    "SA",
                    "SB",
                    "SC",
                    "SE",
                    "SG",
                    "SI",
                    "SK",
                    "SL",
                    "SM",
                    "SN",
                    "SR",
                    "ST",
                    "SV",
                    "SZ",
                    "TD",
                    "TG",
                    "TH",
                    "TL",
                    "TN",
                    "TO",
                    "TR",
                    "TT",
                    "TV",
                    "TW",
                    "TZ",
                    "UA",
                    "UG",
                    "US",
                    "UY",
                    "UZ",
                    "VC",
                    "VN",
                    "VU",
                    "WS",
                    "XK",
                    "ZA",
                    "ZM",
                    "ZW"
                ],
                "disc_number": 1,
                "duration_ms": 243591,
                "explicit": false,
                "external_ids": {
                    "isrc": "INZ031400246"
                },
                "external_urls": {
                    "spotify": "https://open.spotify.com/track/55LK166LWHOpXOroZ5g82J"
                },
                "href": "https://api.spotify.com/v1/tracks/55LK166LWHOpXOroZ5g82J",
                "id": "55LK166LWHOpXOroZ5g82J",
                "is_local": false,
                "name": "Meherbani",
                "popularity": 61,
                "preview_url": "https://p.scdn.co/mp3-preview/edbf85e7c3767bf58a0f6fb599e7afe0cda8c9cb?cid=774b29d4f13844c495f206cafdad9c86",
                "track_number": 4,
                "type": "track",
                "uri": "spotify:track:55LK166LWHOpXOroZ5g82J"
            },
            {
                "album": {
                    "album_type": "album",
                    "artists": [
                        {
                            "external_urls": {
                                "spotify": "https://open.spotify.com/artist/1mYsTxnqsietFxj1OgoGbG"
                            },
                            "href": "https://api.spotify.com/v1/artists/1mYsTxnqsietFxj1OgoGbG",
                            "id": "1mYsTxnqsietFxj1OgoGbG",
                            "name": "A.R. Rahman",
                            "type": "artist",
                            "uri": "spotify:artist:1mYsTxnqsietFxj1OgoGbG"
                        }
                    ],
                    "available_markets": [
                        "AD",
                        "AE",
                        "AG",
                        "AL",
                        "AM",
                        "AO",
                        "AR",
                        "AT",
                        "AU",
                        "AZ",
                        "BA",
                        "BB",
                        "BD",
                        "BE",
                        "BF",
                        "BG",
                        "BH",
                        "BI",
                        "BJ",
                        "BN",
                        "BO",
                        "BR",
                        "BS",
                        "BT",
                        "BW",
                        "BY",
                        "BZ",
                        "CA",
                        "CH",
                        "CI",
                        "CL",
                        "CM",
                        "CO",
                        "CR",
                        "CV",
                        "CW",
                        "CY",
                        "CZ",
                        "DE",
                        "DJ",
                        "DK",
                        "DM",
                        "DO",
                        "DZ",
                        "EC",
                        "EE",
                        "EG",
                        "ES",
                        "FI",
                        "FJ",
                        "FM",
                        "FR",
                        "GA",
                        "GB",
                        "GD",
                        "GE",
                        "GH",
                        "GM",
                        "GN",
                        "GQ",
                        "GR",
                        "GT",
                        "GW",
                        "GY",
                        "HK",
                        "HN",
                        "HR",
                        "HT",
                        "HU",
                        "ID",
                        "IE",
                        "IL",
                        "IN",
                        "IS",
                        "IT",
                        "JM",
                        "JO",
                        "JP",
                        "KE",
                        "KG",
                        "KH",
                        "KI",
                        "KM",
                        "KN",
                        "KR",
                        "KW",
                        "KZ",
                        "LA",
                        "LB",
                        "LC",
                        "LI",
                        "LK",
                        "LR",
                        "LS",
                        "LT",
                        "LU",
                        "LV",
                        "MA",
                        "MC",
                        "MD",
                        "ME",
                        "MG",
                        "MH",
                        "MK",
                        "ML",
                        "MN",
                        "MO",
                        "MR",
                        "MT",
                        "MU",
                        "MV",
                        "MW",
                        "MX",
                        "MY",
                        "MZ",
                        "NA",
                        "NE",
                        "NG",
                        "NI",
                        "NL",
                        "NO",
                        "NP",
                        "NR",
                        "NZ",
                        "OM",
                        "PA",
                        "PE",
                        "PG",
                        "PH",
                        "PK",
                        "PL",
                        "PS",
                        "PT",
                        "PW",
                        "PY",
                        "QA",
                        "RO",
                        "RS",
                        "RU",
                        "RW",
                        "SA",
                        "SB",
                        "SC",
                        "SE",
                        "SG",
                        "SI",
                        "SK",
                        "SL",
                        "SM",
                        "SN",
                        "SR",
                        "ST",
                        "SV",
                        "SZ",
                        "TD",
                        "TG",
                        "TH",
                        "TL",
                        "TN",
                        "TO",
                        "TR",
                        "TT",
                        "TV",
                        "TW",
                        "TZ",
                        "UA",
                        "UG",
                        "US",
                        "UY",
                        "UZ",
                        "VC",
                        "VN",
                        "VU",
                        "WS",
                        "XK",
                        "ZA",
                        "ZM",
                        "ZW"
                    ],
                    "external_urls": {
                        "spotify": "https://open.spotify.com/album/3Ha8CM9px7D2fn25K4ijl6"
                    },
                    "href": "https://api.spotify.com/v1/albums/3Ha8CM9px7D2fn25K4ijl6",
                    "id": "3Ha8CM9px7D2fn25K4ijl6",
                    "images": [
                        {
                            "height": 640,
                            "url": "https://i.scdn.co/image/ab67616d0000b2737f59a7efcdad7a7b22d87878",
                            "width": 640
                        },
                        {
                            "height": 300,
                            "url": "https://i.scdn.co/image/ab67616d00001e027f59a7efcdad7a7b22d87878",
                            "width": 300
                        },
                        {
                            "height": 64,
                            "url": "https://i.scdn.co/image/ab67616d000048517f59a7efcdad7a7b22d87878",
                            "width": 64
                        }
                    ],
                    "name": "OK Jaanu (Original Motion Picture Soundtrack)",
                    "release_date": "2017-01-04",
                    "release_date_precision": "day",
                    "total_tracks": 8,
                    "type": "album",
                    "uri": "spotify:album:3Ha8CM9px7D2fn25K4ijl6"
                },
                "artists": [
                    {
                        "external_urls": {
                            "spotify": "https://open.spotify.com/artist/1mYsTxnqsietFxj1OgoGbG"
                        },
                        "href": "https://api.spotify.com/v1/artists/1mYsTxnqsietFxj1OgoGbG",
                        "id": "1mYsTxnqsietFxj1OgoGbG",
                        "name": "A.R. Rahman",
                        "type": "artist",
                        "uri": "spotify:artist:1mYsTxnqsietFxj1OgoGbG"
                    },
                    {
                        "external_urls": {
                            "spotify": "https://open.spotify.com/artist/0y59o4v8uw5crbN9M3JiL1"
                        },
                        "href": "https://api.spotify.com/v1/artists/0y59o4v8uw5crbN9M3JiL1",
                        "id": "0y59o4v8uw5crbN9M3JiL1",
                        "name": "Badshah",
                        "type": "artist",
                        "uri": "spotify:artist:0y59o4v8uw5crbN9M3JiL1"
                    },
                    {
                        "external_urls": {
                            "spotify": "https://open.spotify.com/artist/4f7KfxeHq9BiylGmyXepGt"
                        },
                        "href": "https://api.spotify.com/v1/artists/4f7KfxeHq9BiylGmyXepGt",
                        "id": "4f7KfxeHq9BiylGmyXepGt",
                        "name": "Tanishk Bagchi",
                        "type": "artist",
                        "uri": "spotify:artist:4f7KfxeHq9BiylGmyXepGt"
                    },
                    {
                        "external_urls": {
                            "spotify": "https://open.spotify.com/artist/12CpR4SNDzVIlDoPSeNFeW"
                        },
                        "href": "https://api.spotify.com/v1/artists/12CpR4SNDzVIlDoPSeNFeW",
                        "id": "12CpR4SNDzVIlDoPSeNFeW",
                        "name": "Shashaa Tirupati",
                        "type": "artist",
                        "uri": "spotify:artist:12CpR4SNDzVIlDoPSeNFeW"
                    },
                    {
                        "external_urls": {
                            "spotify": "https://open.spotify.com/artist/1tqysapcCh1lWEAc9dIFpa"
                        },
                        "href": "https://api.spotify.com/v1/artists/1tqysapcCh1lWEAc9dIFpa",
                        "id": "1tqysapcCh1lWEAc9dIFpa",
                        "name": "Jubin Nautiyal",
                        "type": "artist",
                        "uri": "spotify:artist:1tqysapcCh1lWEAc9dIFpa"
                    }
                ],
                "available_markets": [
                    "AD",
                    "AE",
                    "AG",
                    "AL",
                    "AM",
                    "AO",
                    "AR",
                    "AT",
                    "AU",
                    "AZ",
                    "BA",
                    "BB",
                    "BD",
                    "BE",
                    "BF",
                    "BG",
                    "BH",
                    "BI",
                    "BJ",
                    "BN",
                    "BO",
                    "BR",
                    "BS",
                    "BT",
                    "BW",
                    "BY",
                    "BZ",
                    "CA",
                    "CH",
                    "CI",
                    "CL",
                    "CM",
                    "CO",
                    "CR",
                    "CV",
                    "CW",
                    "CY",
                    "CZ",
                    "DE",
                    "DJ",
                    "DK",
                    "DM",
                    "DO",
                    "DZ",
                    "EC",
                    "EE",
                    "EG",
                    "ES",
                    "FI",
                    "FJ",
                    "FM",
                    "FR",
                    "GA",
                    "GB",
                    "GD",
                    "GE",
                    "GH",
                    "GM",
                    "GN",
                    "GQ",
                    "GR",
                    "GT",
                    "GW",
                    "GY",
                    "HK",
                    "HN",
                    "HR",
                    "HT",
                    "HU",
                    "ID",
                    "IE",
                    "IL",
                    "IN",
                    "IS",
                    "IT",
                    "JM",
                    "JO",
                    "JP",
                    "KE",
                    "KG",
                    "KH",
                    "KI",
                    "KM",
                    "KN",
                    "KR",
                    "KW",
                    "KZ",
                    "LA",
                    "LB",
                    "LC",
                    "LI",
                    "LK",
                    "LR",
                    "LS",
                    "LT",
                    "LU",
                    "LV",
                    "MA",
                    "MC",
                    "MD",
                    "ME",
                    "MG",
                    "MH",
                    "MK",
                    "ML",
                    "MN",
                    "MO",
                    "MR",
                    "MT",
                    "MU",
                    "MV",
                    "MW",
                    "MX",
                    "MY",
                    "MZ",
                    "NA",
                    "NE",
                    "NG",
                    "NI",
                    "NL",
                    "NO",
                    "NP",
                    "NR",
                    "NZ",
                    "OM",
                    "PA",
                    "PE",
                    "PG",
                    "PH",
                    "PK",
                    "PL",
                    "PS",
                    "PT",
                    "PW",
                    "PY",
                    "QA",
                    "RO",
                    "RS",
                    "RU",
                    "RW",
                    "SA",
                    "SB",
                    "SC",
                    "SE",
                    "SG",
                    "SI",
                    "SK",
                    "SL",
                    "SM",
                    "SN",
                    "SR",
                    "ST",
                    "SV",
                    "SZ",
                    "TD",
                    "TG",
                    "TH",
                    "TL",
                    "TN",
                    "TO",
                    "TR",
                    "TT",
                    "TV",
                    "TW",
                    "TZ",
                    "UA",
                    "UG",
                    "US",
                    "UY",
                    "UZ",
                    "VC",
                    "VN",
                    "VU",
                    "WS",
                    "XK",
                    "ZA",
                    "ZM",
                    "ZW"
                ],
                "disc_number": 1,
                "duration_ms": 179657,
                "explicit": false,
                "external_ids": {
                    "isrc": "INS171603168"
                },
                "external_urls": {
                    "spotify": "https://open.spotify.com/track/7heMX7gyHP0mhTlNgd7Lxd"
                },
                "href": "https://api.spotify.com/v1/tracks/7heMX7gyHP0mhTlNgd7Lxd",
                "id": "7heMX7gyHP0mhTlNgd7Lxd",
                "is_local": false,
                "name": "The Humma Song",
                "popularity": 60,
                "preview_url": "https://p.scdn.co/mp3-preview/d717085307608af8198114d0ce3e9d9c4bc78d2d?cid=774b29d4f13844c495f206cafdad9c86",
                "track_number": 8,
                "type": "track",
                "uri": "spotify:track:7heMX7gyHP0mhTlNgd7Lxd"
            },
            {
                "album": {
                    "album_type": "single",
                    "artists": [
                        {
                            "external_urls": {
                                "spotify": "https://open.spotify.com/artist/4f7KfxeHq9BiylGmyXepGt"
                            },
                            "href": "https://api.spotify.com/v1/artists/4f7KfxeHq9BiylGmyXepGt",
                            "id": "4f7KfxeHq9BiylGmyXepGt",
                            "name": "Tanishk Bagchi",
                            "type": "artist",
                            "uri": "spotify:artist:4f7KfxeHq9BiylGmyXepGt"
                        },
                        {
                            "external_urls": {
                                "spotify": "https://open.spotify.com/artist/1tqysapcCh1lWEAc9dIFpa"
                            },
                            "href": "https://api.spotify.com/v1/artists/1tqysapcCh1lWEAc9dIFpa",
                            "id": "1tqysapcCh1lWEAc9dIFpa",
                            "name": "Jubin Nautiyal",
                            "type": "artist",
                            "uri": "spotify:artist:1tqysapcCh1lWEAc9dIFpa"
                        }
                    ],
                    "available_markets": [
                        "AD",
                        "AE",
                        "AG",
                        "AL",
                        "AM",
                        "AO",
                        "AR",
                        "AT",
                        "AU",
                        "AZ",
                        "BA",
                        "BB",
                        "BD",
                        "BE",
                        "BF",
                        "BG",
                        "BH",
                        "BI",
                        "BJ",
                        "BN",
                        "BO",
                        "BR",
                        "BS",
                        "BT",
                        "BW",
                        "BY",
                        "BZ",
                        "CA",
                        "CH",
                        "CI",
                        "CL",
                        "CM",
                        "CO",
                        "CR",
                        "CV",
                        "CW",
                        "CY",
                        "CZ",
                        "DE",
                        "DJ",
                        "DK",
                        "DM",
                        "DO",
                        "DZ",
                        "EC",
                        "EE",
                        "EG",
                        "ES",
                        "FI",
                        "FJ",
                        "FM",
                        "FR",
                        "GA",
                        "GB",
                        "GD",
                        "GE",
                        "GH",
                        "GM",
                        "GN",
                        "GQ",
                        "GR",
                        "GT",
                        "GW",
                        "GY",
                        "HK",
                        "HN",
                        "HR",
                        "HT",
                        "HU",
                        "ID",
                        "IE",
                        "IL",
                        "IN",
                        "IS",
                        "IT",
                        "JM",
                        "JO",
                        "JP",
                        "KE",
                        "KG",
                        "KH",
                        "KI",
                        "KM",
                        "KN",
                        "KR",
                        "KW",
                        "KZ",
                        "LA",
                        "LB",
                        "LC",
                        "LI",
                        "LK",
                        "LR",
                        "LS",
                        "LT",
                        "LU",
                        "LV",
                        "MA",
                        "MC",
                        "MD",
                        "ME",
                        "MG",
                        "MH",
                        "MK",
                        "ML",
                        "MN",
                        "MO",
                        "MR",
                        "MT",
                        "MU",
                        "MV",
                        "MW",
                        "MX",
                        "MY",
                        "MZ",
                        "NA",
                        "NE",
                        "NG",
                        "NI",
                        "NL",
                        "NO",
                        "NP",
                        "NR",
                        "NZ",
                        "OM",
                        "PA",
                        "PE",
                        "PG",
                        "PH",
                        "PK",
                        "PL",
                        "PS",
                        "PT",
                        "PW",
                        "PY",
                        "QA",
                        "RO",
                        "RS",
                        "RU",
                        "RW",
                        "SA",
                        "SB",
                        "SC",
                        "SE",
                        "SG",
                        "SI",
                        "SK",
                        "SL",
                        "SM",
                        "SN",
                        "SR",
                        "ST",
                        "SV",
                        "SZ",
                        "TD",
                        "TG",
                        "TH",
                        "TL",
                        "TN",
                        "TO",
                        "TR",
                        "TT",
                        "TV",
                        "TW",
                        "TZ",
                        "UA",
                        "UG",
                        "US",
                        "UY",
                        "UZ",
                        "VC",
                        "VN",
                        "VU",
                        "WS",
                        "XK",
                        "ZA",
                        "ZM",
                        "ZW"
                    ],
                    "external_urls": {
                        "spotify": "https://open.spotify.com/album/7buhw26ACiRAHLJwml6UQA"
                    },
                    "href": "https://api.spotify.com/v1/albums/7buhw26ACiRAHLJwml6UQA",
                    "id": "7buhw26ACiRAHLJwml6UQA",
                    "images": [
                        {
                            "height": 640,
                            "url": "https://i.scdn.co/image/ab67616d0000b273fbbc4fb567d8c8f9bf52d062",
                            "width": 640
                        },
                        {
                            "height": 300,
                            "url": "https://i.scdn.co/image/ab67616d00001e02fbbc4fb567d8c8f9bf52d062",
                            "width": 300
                        },
                        {
                            "height": 64,
                            "url": "https://i.scdn.co/image/ab67616d00004851fbbc4fb567d8c8f9bf52d062",
                            "width": 64
                        }
                    ],
                    "name": "Sawarne Lage",
                    "release_date": "2018-08-23",
                    "release_date_precision": "day",
                    "total_tracks": 1,
                    "type": "album",
                    "uri": "spotify:album:7buhw26ACiRAHLJwml6UQA"
                },
                "artists": [
                    {
                        "external_urls": {
                            "spotify": "https://open.spotify.com/artist/4f7KfxeHq9BiylGmyXepGt"
                        },
                        "href": "https://api.spotify.com/v1/artists/4f7KfxeHq9BiylGmyXepGt",
                        "id": "4f7KfxeHq9BiylGmyXepGt",
                        "name": "Tanishk Bagchi",
                        "type": "artist",
                        "uri": "spotify:artist:4f7KfxeHq9BiylGmyXepGt"
                    },
                    {
                        "external_urls": {
                            "spotify": "https://open.spotify.com/artist/1tqysapcCh1lWEAc9dIFpa"
                        },
                        "href": "https://api.spotify.com/v1/artists/1tqysapcCh1lWEAc9dIFpa",
                        "id": "1tqysapcCh1lWEAc9dIFpa",
                        "name": "Jubin Nautiyal",
                        "type": "artist",
                        "uri": "spotify:artist:1tqysapcCh1lWEAc9dIFpa"
                    }
                ],
                "available_markets": [
                    "AD",
                    "AE",
                    "AG",
                    "AL",
                    "AM",
                    "AO",
                    "AR",
                    "AT",
                    "AU",
                    "AZ",
                    "BA",
                    "BB",
                    "BD",
                    "BE",
                    "BF",
                    "BG",
                    "BH",
                    "BI",
                    "BJ",
                    "BN",
                    "BO",
                    "BR",
                    "BS",
                    "BT",
                    "BW",
                    "BY",
                    "BZ",
                    "CA",
                    "CH",
                    "CI",
                    "CL",
                    "CM",
                    "CO",
                    "CR",
                    "CV",
                    "CW",
                    "CY",
                    "CZ",
                    "DE",
                    "DJ",
                    "DK",
                    "DM",
                    "DO",
                    "DZ",
                    "EC",
                    "EE",
                    "EG",
                    "ES",
                    "FI",
                    "FJ",
                    "FM",
                    "FR",
                    "GA",
                    "GB",
                    "GD",
                    "GE",
                    "GH",
                    "GM",
                    "GN",
                    "GQ",
                    "GR",
                    "GT",
                    "GW",
                    "GY",
                    "HK",
                    "HN",
                    "HR",
                    "HT",
                    "HU",
                    "ID",
                    "IE",
                    "IL",
                    "IN",
                    "IS",
                    "IT",
                    "JM",
                    "JO",
                    "JP",
                    "KE",
                    "KG",
                    "KH",
                    "KI",
                    "KM",
                    "KN",
                    "KR",
                    "KW",
                    "KZ",
                    "LA",
                    "LB",
                    "LC",
                    "LI",
                    "LK",
                    "LR",
                    "LS",
                    "LT",
                    "LU",
                    "LV",
                    "MA",
                    "MC",
                    "MD",
                    "ME",
                    "MG",
                    "MH",
                    "MK",
                    "ML",
                    "MN",
                    "MO",
                    "MR",
                    "MT",
                    "MU",
                    "MV",
                    "MW",
                    "MX",
                    "MY",
                    "MZ",
                    "NA",
                    "NE",
                    "NG",
                    "NI",
                    "NL",
                    "NO",
                    "NP",
                    "NR",
                    "NZ",
                    "OM",
                    "PA",
                    "PE",
                    "PG",
                    "PH",
                    "PK",
                    "PL",
                    "PS",
                    "PT",
                    "PW",
                    "PY",
                    "QA",
                    "RO",
                    "RS",
                    "RU",
                    "RW",
                    "SA",
                    "SB",
                    "SC",
                    "SE",
                    "SG",
                    "SI",
                    "SK",
                    "SL",
                    "SM",
                    "SN",
                    "SR",
                    "ST",
                    "SV",
                    "SZ",
                    "TD",
                    "TG",
                    "TH",
                    "TL",
                    "TN",
                    "TO",
                    "TR",
                    "TT",
                    "TV",
                    "TW",
                    "TZ",
                    "UA",
                    "UG",
                    "US",
                    "UY",
                    "UZ",
                    "VC",
                    "VN",
                    "VU",
                    "WS",
                    "XK",
                    "ZA",
                    "ZM",
                    "ZW"
                ],
                "disc_number": 1,
                "duration_ms": 167000,
                "explicit": false,
                "external_ids": {
                    "isrc": "INS171806641"
                },
                "external_urls": {
                    "spotify": "https://open.spotify.com/track/7E4sdzJDrVMu8qcwyxz3vP"
                },
                "href": "https://api.spotify.com/v1/tracks/7E4sdzJDrVMu8qcwyxz3vP",
                "id": "7E4sdzJDrVMu8qcwyxz3vP",
                "is_local": false,
                "name": "Sawarne Lage",
                "popularity": 61,
                "preview_url": "https://p.scdn.co/mp3-preview/68b08a24c5c46bc56b54bab1e78f2d5f51a6040d?cid=774b29d4f13844c495f206cafdad9c86",
                "track_number": 1,
                "type": "track",
                "uri": "spotify:track:7E4sdzJDrVMu8qcwyxz3vP"
            },
            {
                "album": {
                    "album_type": "single",
                    "artists": [
                        {
                            "external_urls": {
                                "spotify": "https://open.spotify.com/artist/0qpsFfOT3SmdGmnyV6rOhS"
                            },
                            "href": "https://api.spotify.com/v1/artists/0qpsFfOT3SmdGmnyV6rOhS",
                            "id": "0qpsFfOT3SmdGmnyV6rOhS",
                            "name": "Meet Bros.",
                            "type": "artist",
                            "uri": "spotify:artist:0qpsFfOT3SmdGmnyV6rOhS"
                        },
                        {
                            "external_urls": {
                                "spotify": "https://open.spotify.com/artist/1tqysapcCh1lWEAc9dIFpa"
                            },
                            "href": "https://api.spotify.com/v1/artists/1tqysapcCh1lWEAc9dIFpa",
                            "id": "1tqysapcCh1lWEAc9dIFpa",
                            "name": "Jubin Nautiyal",
                            "type": "artist",
                            "uri": "spotify:artist:1tqysapcCh1lWEAc9dIFpa"
                        },
                        {
                            "external_urls": {
                                "spotify": "https://open.spotify.com/artist/1OPqAyxsQc8mcRmoNBAnVk"
                            },
                            "href": "https://api.spotify.com/v1/artists/1OPqAyxsQc8mcRmoNBAnVk",
                            "id": "1OPqAyxsQc8mcRmoNBAnVk",
                            "name": "Dhvani Bhanushali",
                            "type": "artist",
                            "uri": "spotify:artist:1OPqAyxsQc8mcRmoNBAnVk"
                        }
                    ],
                    "available_markets": [
                        "AD",
                        "AE",
                        "AG",
                        "AL",
                        "AM",
                        "AO",
                        "AR",
                        "AT",
                        "AU",
                        "AZ",
                        "BA",
                        "BB",
                        "BD",
                        "BE",
                        "BF",
                        "BG",
                        "BH",
                        "BI",
                        "BJ",
                        "BN",
                        "BO",
                        "BR",
                        "BS",
                        "BT",
                        "BW",
                        "BY",
                        "BZ",
                        "CA",
                        "CH",
                        "CI",
                        "CL",
                        "CM",
                        "CO",
                        "CR",
                        "CV",
                        "CW",
                        "CY",
                        "CZ",
                        "DE",
                        "DJ",
                        "DK",
                        "DM",
                        "DO",
                        "DZ",
                        "EC",
                        "EE",
                        "EG",
                        "ES",
                        "FI",
                        "FJ",
                        "FM",
                        "FR",
                        "GA",
                        "GB",
                        "GD",
                        "GE",
                        "GH",
                        "GM",
                        "GN",
                        "GQ",
                        "GR",
                        "GT",
                        "GW",
                        "GY",
                        "HK",
                        "HN",
                        "HR",
                        "HT",
                        "HU",
                        "ID",
                        "IE",
                        "IL",
                        "IN",
                        "IS",
                        "IT",
                        "JM",
                        "JO",
                        "JP",
                        "KE",
                        "KG",
                        "KH",
                        "KI",
                        "KM",
                        "KN",
                        "KR",
                        "KW",
                        "KZ",
                        "LA",
                        "LB",
                        "LC",
                        "LI",
                        "LK",
                        "LR",
                        "LS",
                        "LT",
                        "LU",
                        "LV",
                        "MA",
                        "MC",
                        "MD",
                        "ME",
                        "MG",
                        "MH",
                        "MK",
                        "ML",
                        "MN",
                        "MO",
                        "MR",
                        "MT",
                        "MU",
                        "MV",
                        "MW",
                        "MX",
                        "MY",
                        "MZ",
                        "NA",
                        "NE",
                        "NG",
                        "NI",
                        "NL",
                        "NO",
                        "NP",
                        "NR",
                        "NZ",
                        "OM",
                        "PA",
                        "PE",
                        "PG",
                        "PH",
                        "PK",
                        "PL",
                        "PS",
                        "PT",
                        "PW",
                        "PY",
                        "QA",
                        "RO",
                        "RS",
                        "RU",
                        "RW",
                        "SA",
                        "SB",
                        "SC",
                        "SE",
                        "SG",
                        "SI",
                        "SK",
                        "SL",
                        "SM",
                        "SN",
                        "SR",
                        "ST",
                        "SV",
                        "SZ",
                        "TD",
                        "TG",
                        "TH",
                        "TL",
                        "TN",
                        "TO",
                        "TR",
                        "TT",
                        "TV",
                        "TW",
                        "TZ",
                        "UA",
                        "UG",
                        "US",
                        "UY",
                        "UZ",
                        "VC",
                        "VN",
                        "VU",
                        "WS",
                        "XK",
                        "ZA",
                        "ZM",
                        "ZW"
                    ],
                    "external_urls": {
                        "spotify": "https://open.spotify.com/album/6YNF8UfHN8FSPEhhYP9rOI"
                    },
                    "href": "https://api.spotify.com/v1/albums/6YNF8UfHN8FSPEhhYP9rOI",
                    "id": "6YNF8UfHN8FSPEhhYP9rOI",
                    "images": [
                        {
                            "height": 640,
                            "url": "https://i.scdn.co/image/ab67616d0000b273bcfad9cdf2dadb5f5bb78ce4",
                            "width": 640
                        },
                        {
                            "height": 300,
                            "url": "https://i.scdn.co/image/ab67616d00001e02bcfad9cdf2dadb5f5bb78ce4",
                            "width": 300
                        },
                        {
                            "height": 64,
                            "url": "https://i.scdn.co/image/ab67616d00004851bcfad9cdf2dadb5f5bb78ce4",
                            "width": 64
                        }
                    ],
                    "name": "Kinna Sona (From \"Marjaavaan\")",
                    "release_date": "2019-11-06",
                    "release_date_precision": "day",
                    "total_tracks": 1,
                    "type": "album",
                    "uri": "spotify:album:6YNF8UfHN8FSPEhhYP9rOI"
                },
                "artists": [
                    {
                        "external_urls": {
                            "spotify": "https://open.spotify.com/artist/0qpsFfOT3SmdGmnyV6rOhS"
                        },
                        "href": "https://api.spotify.com/v1/artists/0qpsFfOT3SmdGmnyV6rOhS",
                        "id": "0qpsFfOT3SmdGmnyV6rOhS",
                        "name": "Meet Bros.",
                        "type": "artist",
                        "uri": "spotify:artist:0qpsFfOT3SmdGmnyV6rOhS"
                    },
                    {
                        "external_urls": {
                            "spotify": "https://open.spotify.com/artist/1tqysapcCh1lWEAc9dIFpa"
                        },
                        "href": "https://api.spotify.com/v1/artists/1tqysapcCh1lWEAc9dIFpa",
                        "id": "1tqysapcCh1lWEAc9dIFpa",
                        "name": "Jubin Nautiyal",
                        "type": "artist",
                        "uri": "spotify:artist:1tqysapcCh1lWEAc9dIFpa"
                    },
                    {
                        "external_urls": {
                            "spotify": "https://open.spotify.com/artist/1OPqAyxsQc8mcRmoNBAnVk"
                        },
                        "href": "https://api.spotify.com/v1/artists/1OPqAyxsQc8mcRmoNBAnVk",
                        "id": "1OPqAyxsQc8mcRmoNBAnVk",
                        "name": "Dhvani Bhanushali",
                        "type": "artist",
                        "uri": "spotify:artist:1OPqAyxsQc8mcRmoNBAnVk"
                    }
                ],
                "available_markets": [
                    "AD",
                    "AE",
                    "AG",
                    "AL",
                    "AM",
                    "AO",
                    "AR",
                    "AT",
                    "AU",
                    "AZ",
                    "BA",
                    "BB",
                    "BD",
                    "BE",
                    "BF",
                    "BG",
                    "BH",
                    "BI",
                    "BJ",
                    "BN",
                    "BO",
                    "BR",
                    "BS",
                    "BT",
                    "BW",
                    "BY",
                    "BZ",
                    "CA",
                    "CH",
                    "CI",
                    "CL",
                    "CM",
                    "CO",
                    "CR",
                    "CV",
                    "CW",
                    "CY",
                    "CZ",
                    "DE",
                    "DJ",
                    "DK",
                    "DM",
                    "DO",
                    "DZ",
                    "EC",
                    "EE",
                    "EG",
                    "ES",
                    "FI",
                    "FJ",
                    "FM",
                    "FR",
                    "GA",
                    "GB",
                    "GD",
                    "GE",
                    "GH",
                    "GM",
                    "GN",
                    "GQ",
                    "GR",
                    "GT",
                    "GW",
                    "GY",
                    "HK",
                    "HN",
                    "HR",
                    "HT",
                    "HU",
                    "ID",
                    "IE",
                    "IL",
                    "IN",
                    "IS",
                    "IT",
                    "JM",
                    "JO",
                    "JP",
                    "KE",
                    "KG",
                    "KH",
                    "KI",
                    "KM",
                    "KN",
                    "KR",
                    "KW",
                    "KZ",
                    "LA",
                    "LB",
                    "LC",
                    "LI",
                    "LK",
                    "LR",
                    "LS",
                    "LT",
                    "LU",
                    "LV",
                    "MA",
                    "MC",
                    "MD",
                    "ME",
                    "MG",
                    "MH",
                    "MK",
                    "ML",
                    "MN",
                    "MO",
                    "MR",
                    "MT",
                    "MU",
                    "MV",
                    "MW",
                    "MX",
                    "MY",
                    "MZ",
                    "NA",
                    "NE",
                    "NG",
                    "NI",
                    "NL",
                    "NO",
                    "NP",
                    "NR",
                    "NZ",
                    "OM",
                    "PA",
                    "PE",
                    "PG",
                    "PH",
                    "PK",
                    "PL",
                    "PS",
                    "PT",
                    "PW",
                    "PY",
                    "QA",
                    "RO",
                    "RS",
                    "RU",
                    "RW",
                    "SA",
                    "SB",
                    "SC",
                    "SE",
                    "SG",
                    "SI",
                    "SK",
                    "SL",
                    "SM",
                    "SN",
                    "SR",
                    "ST",
                    "SV",
                    "SZ",
                    "TD",
                    "TG",
                    "TH",
                    "TL",
                    "TN",
                    "TO",
                    "TR",
                    "TT",
                    "TV",
                    "TW",
                    "TZ",
                    "UA",
                    "UG",
                    "US",
                    "UY",
                    "UZ",
                    "VC",
                    "VN",
                    "VU",
                    "WS",
                    "XK",
                    "ZA",
                    "ZM",
                    "ZW"
                ],
                "disc_number": 1,
                "duration_ms": 273925,
                "explicit": false,
                "external_ids": {
                    "isrc": "INS181905285"
                },
                "external_urls": {
                    "spotify": "https://open.spotify.com/track/01AE1MgL6L86WQzh4KGDUa"
                },
                "href": "https://api.spotify.com/v1/tracks/01AE1MgL6L86WQzh4KGDUa",
                "id": "01AE1MgL6L86WQzh4KGDUa",
                "is_local": false,
                "name": "Kinna Sona (From \"Marjaavaan\")",
                "popularity": 60,
                "preview_url": "https://p.scdn.co/mp3-preview/58101c24502c8fe9a4b94f15d4b8196343103ab5?cid=774b29d4f13844c495f206cafdad9c86",
                "track_number": 1,
                "type": "track",
                "uri": "spotify:track:01AE1MgL6L86WQzh4KGDUa"
            },
            {
                "album": {
                    "album_type": "single",
                    "artists": [
                        {
                            "external_urls": {
                                "spotify": "https://open.spotify.com/artist/1mBydYMVBECdDmMfE2sEUO"
                            },
                            "href": "https://api.spotify.com/v1/artists/1mBydYMVBECdDmMfE2sEUO",
                            "id": "1mBydYMVBECdDmMfE2sEUO",
                            "name": "Sachin-Jigar",
                            "type": "artist",
                            "uri": "spotify:artist:1mBydYMVBECdDmMfE2sEUO"
                        }
                    ],
                    "available_markets": [
                        "AD",
                        "AE",
                        "AG",
                        "AL",
                        "AM",
                        "AO",
                        "AR",
                        "AT",
                        "AU",
                        "AZ",
                        "BA",
                        "BB",
                        "BD",
                        "BE",
                        "BF",
                        "BG",
                        "BH",
                        "BI",
                        "BJ",
                        "BN",
                        "BO",
                        "BR",
                        "BS",
                        "BT",
                        "BW",
                        "BY",
                        "BZ",
                        "CA",
                        "CH",
                        "CI",
                        "CL",
                        "CM",
                        "CO",
                        "CR",
                        "CV",
                        "CW",
                        "CY",
                        "CZ",
                        "DE",
                        "DJ",
                        "DK",
                        "DM",
                        "DO",
                        "DZ",
                        "EC",
                        "EE",
                        "EG",
                        "ES",
                        "FI",
                        "FJ",
                        "FM",
                        "FR",
                        "GA",
                        "GB",
                        "GD",
                        "GE",
                        "GH",
                        "GM",
                        "GN",
                        "GQ",
                        "GR",
                        "GT",
                        "GW",
                        "GY",
                        "HK",
                        "HN",
                        "HR",
                        "HT",
                        "HU",
                        "ID",
                        "IE",
                        "IL",
                        "IN",
                        "IS",
                        "IT",
                        "JM",
                        "JO",
                        "JP",
                        "KE",
                        "KG",
                        "KH",
                        "KI",
                        "KM",
                        "KN",
                        "KR",
                        "KW",
                        "KZ",
                        "LA",
                        "LB",
                        "LC",
                        "LI",
                        "LK",
                        "LR",
                        "LS",
                        "LT",
                        "LU",
                        "LV",
                        "MA",
                        "MC",
                        "MD",
                        "ME",
                        "MG",
                        "MH",
                        "MK",
                        "ML",
                        "MN",
                        "MO",
                        "MR",
                        "MT",
                        "MU",
                        "MV",
                        "MW",
                        "MX",
                        "MY",
                        "MZ",
                        "NA",
                        "NE",
                        "NG",
                        "NI",
                        "NL",
                        "NO",
                        "NP",
                        "NR",
                        "NZ",
                        "OM",
                        "PA",
                        "PE",
                        "PG",
                        "PH",
                        "PK",
                        "PL",
                        "PS",
                        "PT",
                        "PW",
                        "PY",
                        "QA",
                        "RO",
                        "RS",
                        "RU",
                        "RW",
                        "SA",
                        "SB",
                        "SC",
                        "SE",
                        "SG",
                        "SI",
                        "SK",
                        "SL",
                        "SM",
                        "SN",
                        "SR",
                        "ST",
                        "SV",
                        "SZ",
                        "TD",
                        "TG",
                        "TH",
                        "TL",
                        "TN",
                        "TO",
                        "TR",
                        "TT",
                        "TV",
                        "TW",
                        "TZ",
                        "UA",
                        "UG",
                        "US",
                        "UY",
                        "UZ",
                        "VC",
                        "VN",
                        "VU",
                        "WS",
                        "XK",
                        "ZA",
                        "ZM",
                        "ZW"
                    ],
                    "external_urls": {
                        "spotify": "https://open.spotify.com/album/1sE7bD6MIowiHhOmG6bUX0"
                    },
                    "href": "https://api.spotify.com/v1/albums/1sE7bD6MIowiHhOmG6bUX0",
                    "id": "1sE7bD6MIowiHhOmG6bUX0",
                    "images": [
                        {
                            "height": 640,
                            "url": "https://i.scdn.co/image/ab67616d0000b273a9255b03e21098ad8a1a6300",
                            "width": 640
                        },
                        {
                            "height": 300,
                            "url": "https://i.scdn.co/image/ab67616d00001e02a9255b03e21098ad8a1a6300",
                            "width": 300
                        },
                        {
                            "height": 64,
                            "url": "https://i.scdn.co/image/ab67616d00004851a9255b03e21098ad8a1a6300",
                            "width": 64
                        }
                    ],
                    "name": "Kiston (From \"Roohi\")",
                    "release_date": "2021-02-26",
                    "release_date_precision": "day",
                    "total_tracks": 1,
                    "type": "album",
                    "uri": "spotify:album:1sE7bD6MIowiHhOmG6bUX0"
                },
                "artists": [
                    {
                        "external_urls": {
                            "spotify": "https://open.spotify.com/artist/1mBydYMVBECdDmMfE2sEUO"
                        },
                        "href": "https://api.spotify.com/v1/artists/1mBydYMVBECdDmMfE2sEUO",
                        "id": "1mBydYMVBECdDmMfE2sEUO",
                        "name": "Sachin-Jigar",
                        "type": "artist",
                        "uri": "spotify:artist:1mBydYMVBECdDmMfE2sEUO"
                    },
                    {
                        "external_urls": {
                            "spotify": "https://open.spotify.com/artist/1tqysapcCh1lWEAc9dIFpa"
                        },
                        "href": "https://api.spotify.com/v1/artists/1tqysapcCh1lWEAc9dIFpa",
                        "id": "1tqysapcCh1lWEAc9dIFpa",
                        "name": "Jubin Nautiyal",
                        "type": "artist",
                        "uri": "spotify:artist:1tqysapcCh1lWEAc9dIFpa"
                    }
                ],
                "available_markets": [
                    "AD",
                    "AE",
                    "AG",
                    "AL",
                    "AM",
                    "AO",
                    "AR",
                    "AT",
                    "AU",
                    "AZ",
                    "BA",
                    "BB",
                    "BD",
                    "BE",
                    "BF",
                    "BG",
                    "BH",
                    "BI",
                    "BJ",
                    "BN",
                    "BO",
                    "BR",
                    "BS",
                    "BT",
                    "BW",
                    "BY",
                    "BZ",
                    "CA",
                    "CH",
                    "CI",
                    "CL",
                    "CM",
                    "CO",
                    "CR",
                    "CV",
                    "CW",
                    "CY",
                    "CZ",
                    "DE",
                    "DJ",
                    "DK",
                    "DM",
                    "DO",
                    "DZ",
                    "EC",
                    "EE",
                    "EG",
                    "ES",
                    "FI",
                    "FJ",
                    "FM",
                    "FR",
                    "GA",
                    "GB",
                    "GD",
                    "GE",
                    "GH",
                    "GM",
                    "GN",
                    "GQ",
                    "GR",
                    "GT",
                    "GW",
                    "GY",
                    "HK",
                    "HN",
                    "HR",
                    "HT",
                    "HU",
                    "ID",
                    "IE",
                    "IL",
                    "IN",
                    "IS",
                    "IT",
                    "JM",
                    "JO",
                    "JP",
                    "KE",
                    "KG",
                    "KH",
                    "KI",
                    "KM",
                    "KN",
                    "KR",
                    "KW",
                    "KZ",
                    "LA",
                    "LB",
                    "LC",
                    "LI",
                    "LK",
                    "LR",
                    "LS",
                    "LT",
                    "LU",
                    "LV",
                    "MA",
                    "MC",
                    "MD",
                    "ME",
                    "MG",
                    "MH",
                    "MK",
                    "ML",
                    "MN",
                    "MO",
                    "MR",
                    "MT",
                    "MU",
                    "MV",
                    "MW",
                    "MX",
                    "MY",
                    "MZ",
                    "NA",
                    "NE",
                    "NG",
                    "NI",
                    "NL",
                    "NO",
                    "NP",
                    "NR",
                    "NZ",
                    "OM",
                    "PA",
                    "PE",
                    "PG",
                    "PH",
                    "PK",
                    "PL",
                    "PS",
                    "PT",
                    "PW",
                    "PY",
                    "QA",
                    "RO",
                    "RS",
                    "RU",
                    "RW",
                    "SA",
                    "SB",
                    "SC",
                    "SE",
                    "SG",
                    "SI",
                    "SK",
                    "SL",
                    "SM",
                    "SN",
                    "SR",
                    "ST",
                    "SV",
                    "SZ",
                    "TD",
                    "TG",
                    "TH",
                    "TL",
                    "TN",
                    "TO",
                    "TR",
                    "TT",
                    "TV",
                    "TW",
                    "TZ",
                    "UA",
                    "UG",
                    "US",
                    "UY",
                    "UZ",
                    "VC",
                    "VN",
                    "VU",
                    "WS",
                    "XK",
                    "ZA",
                    "ZM",
                    "ZW"
                ],
                "disc_number": 1,
                "duration_ms": 161241,
                "explicit": false,
                "external_ids": {
                    "isrc": "INS172101133"
                },
                "external_urls": {
                    "spotify": "https://open.spotify.com/track/0CaKRGxx3bB0ZsIgzx7ivt"
                },
                "href": "https://api.spotify.com/v1/tracks/0CaKRGxx3bB0ZsIgzx7ivt",
                "id": "0CaKRGxx3bB0ZsIgzx7ivt",
                "is_local": false,
                "name": "Kiston (From \"Roohi\")",
                "popularity": 58,
                "preview_url": "https://p.scdn.co/mp3-preview/4e99010507ae0cefd00a72527ea60b97594eebbf?cid=774b29d4f13844c495f206cafdad9c86",
                "track_number": 1,
                "type": "track",
                "uri": "spotify:track:0CaKRGxx3bB0ZsIgzx7ivt"
            },
            {
                "album": {
                    "album_type": "single",
                    "artists": [
                        {
                            "external_urls": {
                                "spotify": "https://open.spotify.com/artist/0LyfQWJT6nXafLPZqxe9Of"
                            },
                            "href": "https://api.spotify.com/v1/artists/0LyfQWJT6nXafLPZqxe9Of",
                            "id": "0LyfQWJT6nXafLPZqxe9Of",
                            "name": "Various Artists",
                            "type": "artist",
                            "uri": "spotify:artist:0LyfQWJT6nXafLPZqxe9Of"
                        }
                    ],
                    "available_markets": [
                        "AD",
                        "AE",
                        "AG",
                        "AL",
                        "AM",
                        "AO",
                        "AR",
                        "AT",
                        "AU",
                        "AZ",
                        "BA",
                        "BB",
                        "BD",
                        "BE",
                        "BF",
                        "BG",
                        "BH",
                        "BI",
                        "BJ",
                        "BN",
                        "BO",
                        "BR",
                        "BS",
                        "BT",
                        "BW",
                        "BY",
                        "BZ",
                        "CA",
                        "CH",
                        "CI",
                        "CL",
                        "CM",
                        "CO",
                        "CR",
                        "CV",
                        "CW",
                        "CY",
                        "CZ",
                        "DE",
                        "DJ",
                        "DK",
                        "DM",
                        "DO",
                        "DZ",
                        "EC",
                        "EE",
                        "EG",
                        "ES",
                        "FI",
                        "FJ",
                        "FM",
                        "FR",
                        "GA",
                        "GB",
                        "GD",
                        "GE",
                        "GH",
                        "GM",
                        "GN",
                        "GQ",
                        "GR",
                        "GT",
                        "GW",
                        "GY",
                        "HK",
                        "HN",
                        "HR",
                        "HT",
                        "HU",
                        "ID",
                        "IE",
                        "IL",
                        "IN",
                        "IS",
                        "IT",
                        "JM",
                        "JO",
                        "JP",
                        "KE",
                        "KG",
                        "KH",
                        "KI",
                        "KM",
                        "KN",
                        "KR",
                        "KW",
                        "KZ",
                        "LA",
                        "LB",
                        "LC",
                        "LI",
                        "LK",
                        "LR",
                        "LS",
                        "LT",
                        "LU",
                        "LV",
                        "MA",
                        "MC",
                        "MD",
                        "ME",
                        "MG",
                        "MH",
                        "MK",
                        "ML",
                        "MN",
                        "MO",
                        "MR",
                        "MT",
                        "MU",
                        "MV",
                        "MW",
                        "MX",
                        "MY",
                        "MZ",
                        "NA",
                        "NE",
                        "NG",
                        "NI",
                        "NL",
                        "NO",
                        "NP",
                        "NR",
                        "NZ",
                        "OM",
                        "PA",
                        "PE",
                        "PG",
                        "PH",
                        "PK",
                        "PL",
                        "PS",
                        "PT",
                        "PW",
                        "PY",
                        "QA",
                        "RO",
                        "RS",
                        "RU",
                        "RW",
                        "SA",
                        "SB",
                        "SC",
                        "SE",
                        "SG",
                        "SI",
                        "SK",
                        "SL",
                        "SM",
                        "SN",
                        "SR",
                        "ST",
                        "SV",
                        "SZ",
                        "TD",
                        "TG",
                        "TH",
                        "TL",
                        "TN",
                        "TO",
                        "TR",
                        "TT",
                        "TV",
                        "TW",
                        "TZ",
                        "UA",
                        "UG",
                        "US",
                        "UY",
                        "UZ",
                        "VC",
                        "VN",
                        "VU",
                        "WS",
                        "XK",
                        "ZA",
                        "ZM",
                        "ZW"
                    ],
                    "external_urls": {
                        "spotify": "https://open.spotify.com/album/2CDoBLpNRmnspcfY6Rci1U"
                    },
                    "href": "https://api.spotify.com/v1/albums/2CDoBLpNRmnspcfY6Rci1U",
                    "id": "2CDoBLpNRmnspcfY6Rci1U",
                    "images": [
                        {
                            "height": 640,
                            "url": "https://i.scdn.co/image/ab67616d0000b273f2a31a6f44ddcb76e17b65d9",
                            "width": 640
                        },
                        {
                            "height": 300,
                            "url": "https://i.scdn.co/image/ab67616d00001e02f2a31a6f44ddcb76e17b65d9",
                            "width": 300
                        },
                        {
                            "height": 64,
                            "url": "https://i.scdn.co/image/ab67616d00004851f2a31a6f44ddcb76e17b65d9",
                            "width": 64
                        }
                    ],
                    "name": "Gazab Ka Hai Din (From \"Dil Juunglee\")",
                    "release_date": "2018-01-27",
                    "release_date_precision": "day",
                    "total_tracks": 1,
                    "type": "album",
                    "uri": "spotify:album:2CDoBLpNRmnspcfY6Rci1U"
                },
                "artists": [
                    {
                        "external_urls": {
                            "spotify": "https://open.spotify.com/artist/1tqysapcCh1lWEAc9dIFpa"
                        },
                        "href": "https://api.spotify.com/v1/artists/1tqysapcCh1lWEAc9dIFpa",
                        "id": "1tqysapcCh1lWEAc9dIFpa",
                        "name": "Jubin Nautiyal",
                        "type": "artist",
                        "uri": "spotify:artist:1tqysapcCh1lWEAc9dIFpa"
                    },
                    {
                        "external_urls": {
                            "spotify": "https://open.spotify.com/artist/59pq5Vw16UDkR9txoPKv86"
                        },
                        "href": "https://api.spotify.com/v1/artists/59pq5Vw16UDkR9txoPKv86",
                        "id": "59pq5Vw16UDkR9txoPKv86",
                        "name": "Prakriti Kakar",
                        "type": "artist",
                        "uri": "spotify:artist:59pq5Vw16UDkR9txoPKv86"
                    },
                    {
                        "external_urls": {
                            "spotify": "https://open.spotify.com/artist/4f7KfxeHq9BiylGmyXepGt"
                        },
                        "href": "https://api.spotify.com/v1/artists/4f7KfxeHq9BiylGmyXepGt",
                        "id": "4f7KfxeHq9BiylGmyXepGt",
                        "name": "Tanishk Bagchi",
                        "type": "artist",
                        "uri": "spotify:artist:4f7KfxeHq9BiylGmyXepGt"
                    },
                    {
                        "external_urls": {
                            "spotify": "https://open.spotify.com/artist/2owjgBZQ70LoCNHIgW3gSk"
                        },
                        "href": "https://api.spotify.com/v1/artists/2owjgBZQ70LoCNHIgW3gSk",
                        "id": "2owjgBZQ70LoCNHIgW3gSk",
                        "name": "Anand-Milind",
                        "type": "artist",
                        "uri": "spotify:artist:2owjgBZQ70LoCNHIgW3gSk"
                    }
                ],
                "available_markets": [
                    "AD",
                    "AE",
                    "AG",
                    "AL",
                    "AM",
                    "AO",
                    "AR",
                    "AT",
                    "AU",
                    "AZ",
                    "BA",
                    "BB",
                    "BD",
                    "BE",
                    "BF",
                    "BG",
                    "BH",
                    "BI",
                    "BJ",
                    "BN",
                    "BO",
                    "BR",
                    "BS",
                    "BT",
                    "BW",
                    "BY",
                    "BZ",
                    "CA",
                    "CH",
                    "CI",
                    "CL",
                    "CM",
                    "CO",
                    "CR",
                    "CV",
                    "CW",
                    "CY",
                    "CZ",
                    "DE",
                    "DJ",
                    "DK",
                    "DM",
                    "DO",
                    "DZ",
                    "EC",
                    "EE",
                    "EG",
                    "ES",
                    "FI",
                    "FJ",
                    "FM",
                    "FR",
                    "GA",
                    "GB",
                    "GD",
                    "GE",
                    "GH",
                    "GM",
                    "GN",
                    "GQ",
                    "GR",
                    "GT",
                    "GW",
                    "GY",
                    "HK",
                    "HN",
                    "HR",
                    "HT",
                    "HU",
                    "ID",
                    "IE",
                    "IL",
                    "IN",
                    "IS",
                    "IT",
                    "JM",
                    "JO",
                    "JP",
                    "KE",
                    "KG",
                    "KH",
                    "KI",
                    "KM",
                    "KN",
                    "KR",
                    "KW",
                    "KZ",
                    "LA",
                    "LB",
                    "LC",
                    "LI",
                    "LK",
                    "LR",
                    "LS",
                    "LT",
                    "LU",
                    "LV",
                    "MA",
                    "MC",
                    "MD",
                    "ME",
                    "MG",
                    "MH",
                    "MK",
                    "ML",
                    "MN",
                    "MO",
                    "MR",
                    "MT",
                    "MU",
                    "MV",
                    "MW",
                    "MX",
                    "MY",
                    "MZ",
                    "NA",
                    "NE",
                    "NG",
                    "NI",
                    "NL",
                    "NO",
                    "NP",
                    "NR",
                    "NZ",
                    "OM",
                    "PA",
                    "PE",
                    "PG",
                    "PH",
                    "PK",
                    "PL",
                    "PS",
                    "PT",
                    "PW",
                    "PY",
                    "QA",
                    "RO",
                    "RS",
                    "RU",
                    "RW",
                    "SA",
                    "SB",
                    "SC",
                    "SE",
                    "SG",
                    "SI",
                    "SK",
                    "SL",
                    "SM",
                    "SN",
                    "SR",
                    "ST",
                    "SV",
                    "SZ",
                    "TD",
                    "TG",
                    "TH",
                    "TL",
                    "TN",
                    "TO",
                    "TR",
                    "TT",
                    "TV",
                    "TW",
                    "TZ",
                    "UA",
                    "UG",
                    "US",
                    "UY",
                    "UZ",
                    "VC",
                    "VN",
                    "VU",
                    "WS",
                    "XK",
                    "ZA",
                    "ZM",
                    "ZW"
                ],
                "disc_number": 1,
                "duration_ms": 236325,
                "explicit": false,
                "external_ids": {
                    "isrc": "INS181800175"
                },
                "external_urls": {
                    "spotify": "https://open.spotify.com/track/0lpDlWrV0Cw3eGGvPU6d3R"
                },
                "href": "https://api.spotify.com/v1/tracks/0lpDlWrV0Cw3eGGvPU6d3R",
                "id": "0lpDlWrV0Cw3eGGvPU6d3R",
                "is_local": false,
                "name": "Gazab Ka Hai Din (From \"Dil Juunglee\")",
                "popularity": 58,
                "preview_url": "https://p.scdn.co/mp3-preview/5a55cc7892c565c598a7313983e29b363808fc47?cid=774b29d4f13844c495f206cafdad9c86",
                "track_number": 1,
                "type": "track",
                "uri": "spotify:track:0lpDlWrV0Cw3eGGvPU6d3R"
            },
            {
                "album": {
                    "album_type": "single",
                    "artists": [
                        {
                            "external_urls": {
                                "spotify": "https://open.spotify.com/artist/3dN9MQpjIyNxyeRfz4EDZe"
                            },
                            "href": "https://api.spotify.com/v1/artists/3dN9MQpjIyNxyeRfz4EDZe",
                            "id": "3dN9MQpjIyNxyeRfz4EDZe",
                            "name": "Rochak Kohli",
                            "type": "artist",
                            "uri": "spotify:artist:3dN9MQpjIyNxyeRfz4EDZe"
                        },
                        {
                            "external_urls": {
                                "spotify": "https://open.spotify.com/artist/1tqysapcCh1lWEAc9dIFpa"
                            },
                            "href": "https://api.spotify.com/v1/artists/1tqysapcCh1lWEAc9dIFpa",
                            "id": "1tqysapcCh1lWEAc9dIFpa",
                            "name": "Jubin Nautiyal",
                            "type": "artist",
                            "uri": "spotify:artist:1tqysapcCh1lWEAc9dIFpa"
                        }
                    ],
                    "available_markets": [
                        "AD",
                        "AE",
                        "AG",
                        "AL",
                        "AM",
                        "AO",
                        "AR",
                        "AT",
                        "AU",
                        "AZ",
                        "BA",
                        "BB",
                        "BD",
                        "BE",
                        "BF",
                        "BG",
                        "BH",
                        "BI",
                        "BJ",
                        "BN",
                        "BO",
                        "BR",
                        "BS",
                        "BT",
                        "BW",
                        "BY",
                        "BZ",
                        "CA",
                        "CH",
                        "CI",
                        "CL",
                        "CM",
                        "CO",
                        "CR",
                        "CV",
                        "CW",
                        "CY",
                        "CZ",
                        "DE",
                        "DJ",
                        "DK",
                        "DM",
                        "DO",
                        "DZ",
                        "EC",
                        "EE",
                        "EG",
                        "ES",
                        "FI",
                        "FJ",
                        "FM",
                        "FR",
                        "GA",
                        "GB",
                        "GD",
                        "GE",
                        "GH",
                        "GM",
                        "GN",
                        "GQ",
                        "GR",
                        "GT",
                        "GW",
                        "GY",
                        "HK",
                        "HN",
                        "HR",
                        "HT",
                        "HU",
                        "ID",
                        "IE",
                        "IL",
                        "IN",
                        "IS",
                        "IT",
                        "JM",
                        "JO",
                        "JP",
                        "KE",
                        "KG",
                        "KH",
                        "KI",
                        "KM",
                        "KN",
                        "KR",
                        "KW",
                        "KZ",
                        "LA",
                        "LB",
                        "LC",
                        "LI",
                        "LK",
                        "LR",
                        "LS",
                        "LT",
                        "LU",
                        "LV",
                        "MA",
                        "MC",
                        "MD",
                        "ME",
                        "MG",
                        "MH",
                        "MK",
                        "ML",
                        "MN",
                        "MO",
                        "MR",
                        "MT",
                        "MU",
                        "MV",
                        "MW",
                        "MX",
                        "MY",
                        "MZ",
                        "NA",
                        "NE",
                        "NG",
                        "NI",
                        "NL",
                        "NO",
                        "NP",
                        "NR",
                        "NZ",
                        "OM",
                        "PA",
                        "PE",
                        "PG",
                        "PH",
                        "PK",
                        "PL",
                        "PS",
                        "PT",
                        "PW",
                        "PY",
                        "QA",
                        "RO",
                        "RS",
                        "RU",
                        "RW",
                        "SA",
                        "SB",
                        "SC",
                        "SE",
                        "SG",
                        "SI",
                        "SK",
                        "SL",
                        "SM",
                        "SN",
                        "SR",
                        "ST",
                        "SV",
                        "SZ",
                        "TD",
                        "TG",
                        "TH",
                        "TL",
                        "TN",
                        "TO",
                        "TR",
                        "TT",
                        "TV",
                        "TW",
                        "TZ",
                        "UA",
                        "UG",
                        "US",
                        "UY",
                        "UZ",
                        "VC",
                        "VN",
                        "VU",
                        "WS",
                        "XK",
                        "ZA",
                        "ZM",
                        "ZW"
                    ],
                    "external_urls": {
                        "spotify": "https://open.spotify.com/album/2W6ZCzLC2pezmRYJQKbr2C"
                    },
                    "href": "https://api.spotify.com/v1/albums/2W6ZCzLC2pezmRYJQKbr2C",
                    "id": "2W6ZCzLC2pezmRYJQKbr2C",
                    "images": [
                        {
                            "height": 640,
                            "url": "https://i.scdn.co/image/ab67616d0000b273bf17712fd7635ca8e38997d3",
                            "width": 640
                        },
                        {
                            "height": 300,
                            "url": "https://i.scdn.co/image/ab67616d00001e02bf17712fd7635ca8e38997d3",
                            "width": 300
                        },
                        {
                            "height": 64,
                            "url": "https://i.scdn.co/image/ab67616d00004851bf17712fd7635ca8e38997d3",
                            "width": 64
                        }
                    ],
                    "name": "Tujhe Bhoolna Toh Chaaha",
                    "release_date": "2021-03-31",
                    "release_date_precision": "day",
                    "total_tracks": 1,
                    "type": "album",
                    "uri": "spotify:album:2W6ZCzLC2pezmRYJQKbr2C"
                },
                "artists": [
                    {
                        "external_urls": {
                            "spotify": "https://open.spotify.com/artist/3dN9MQpjIyNxyeRfz4EDZe"
                        },
                        "href": "https://api.spotify.com/v1/artists/3dN9MQpjIyNxyeRfz4EDZe",
                        "id": "3dN9MQpjIyNxyeRfz4EDZe",
                        "name": "Rochak Kohli",
                        "type": "artist",
                        "uri": "spotify:artist:3dN9MQpjIyNxyeRfz4EDZe"
                    },
                    {
                        "external_urls": {
                            "spotify": "https://open.spotify.com/artist/1tqysapcCh1lWEAc9dIFpa"
                        },
                        "href": "https://api.spotify.com/v1/artists/1tqysapcCh1lWEAc9dIFpa",
                        "id": "1tqysapcCh1lWEAc9dIFpa",
                        "name": "Jubin Nautiyal",
                        "type": "artist",
                        "uri": "spotify:artist:1tqysapcCh1lWEAc9dIFpa"
                    }
                ],
                "available_markets": [
                    "AD",
                    "AE",
                    "AG",
                    "AL",
                    "AM",
                    "AO",
                    "AR",
                    "AT",
                    "AU",
                    "AZ",
                    "BA",
                    "BB",
                    "BD",
                    "BE",
                    "BF",
                    "BG",
                    "BH",
                    "BI",
                    "BJ",
                    "BN",
                    "BO",
                    "BR",
                    "BS",
                    "BT",
                    "BW",
                    "BY",
                    "BZ",
                    "CA",
                    "CH",
                    "CI",
                    "CL",
                    "CM",
                    "CO",
                    "CR",
                    "CV",
                    "CW",
                    "CY",
                    "CZ",
                    "DE",
                    "DJ",
                    "DK",
                    "DM",
                    "DO",
                    "DZ",
                    "EC",
                    "EE",
                    "EG",
                    "ES",
                    "FI",
                    "FJ",
                    "FM",
                    "FR",
                    "GA",
                    "GB",
                    "GD",
                    "GE",
                    "GH",
                    "GM",
                    "GN",
                    "GQ",
                    "GR",
                    "GT",
                    "GW",
                    "GY",
                    "HK",
                    "HN",
                    "HR",
                    "HT",
                    "HU",
                    "ID",
                    "IE",
                    "IL",
                    "IN",
                    "IS",
                    "IT",
                    "JM",
                    "JO",
                    "JP",
                    "KE",
                    "KG",
                    "KH",
                    "KI",
                    "KM",
                    "KN",
                    "KR",
                    "KW",
                    "KZ",
                    "LA",
                    "LB",
                    "LC",
                    "LI",
                    "LK",
                    "LR",
                    "LS",
                    "LT",
                    "LU",
                    "LV",
                    "MA",
                    "MC",
                    "MD",
                    "ME",
                    "MG",
                    "MH",
                    "MK",
                    "ML",
                    "MN",
                    "MO",
                    "MR",
                    "MT",
                    "MU",
                    "MV",
                    "MW",
                    "MX",
                    "MY",
                    "MZ",
                    "NA",
                    "NE",
                    "NG",
                    "NI",
                    "NL",
                    "NO",
                    "NP",
                    "NR",
                    "NZ",
                    "OM",
                    "PA",
                    "PE",
                    "PG",
                    "PH",
                    "PK",
                    "PL",
                    "PS",
                    "PT",
                    "PW",
                    "PY",
                    "QA",
                    "RO",
                    "RS",
                    "RU",
                    "RW",
                    "SA",
                    "SB",
                    "SC",
                    "SE",
                    "SG",
                    "SI",
                    "SK",
                    "SL",
                    "SM",
                    "SN",
                    "SR",
                    "ST",
                    "SV",
                    "SZ",
                    "TD",
                    "TG",
                    "TH",
                    "TL",
                    "TN",
                    "TO",
                    "TR",
                    "TT",
                    "TV",
                    "TW",
                    "TZ",
                    "UA",
                    "UG",
                    "US",
                    "UY",
                    "UZ",
                    "VC",
                    "VN",
                    "VU",
                    "WS",
                    "XK",
                    "ZA",
                    "ZM",
                    "ZW"
                ],
                "disc_number": 1,
                "duration_ms": 275133,
                "explicit": false,
                "external_ids": {
                    "isrc": "INS182100635"
                },
                "external_urls": {
                    "spotify": "https://open.spotify.com/track/1mp0zS57ydCqZp9Tm4VvIy"
                },
                "href": "https://api.spotify.com/v1/tracks/1mp0zS57ydCqZp9Tm4VvIy",
                "id": "1mp0zS57ydCqZp9Tm4VvIy",
                "is_local": false,
                "name": "Tujhe Bhoolna Toh Chaaha",
                "popularity": 57,
                "preview_url": "https://p.scdn.co/mp3-preview/a68be2cbe44a51d4b49af27a22ee1e7be59e961b?cid=774b29d4f13844c495f206cafdad9c86",
                "track_number": 1,
                "type": "track",
                "uri": "spotify:track:1mp0zS57ydCqZp9Tm4VvIy"
            },
            {
                "album": {
                    "album_type": "single",
                    "artists": [
                        {
                            "external_urls": {
                                "spotify": "https://open.spotify.com/artist/1tqysapcCh1lWEAc9dIFpa"
                            },
                            "href": "https://api.spotify.com/v1/artists/1tqysapcCh1lWEAc9dIFpa",
                            "id": "1tqysapcCh1lWEAc9dIFpa",
                            "name": "Jubin Nautiyal",
                            "type": "artist",
                            "uri": "spotify:artist:1tqysapcCh1lWEAc9dIFpa"
                        },
                        {
                            "external_urls": {
                                "spotify": "https://open.spotify.com/artist/6FtZhorjCMfkaVJ7kKdmq7"
                            },
                            "href": "https://api.spotify.com/v1/artists/6FtZhorjCMfkaVJ7kKdmq7",
                            "id": "6FtZhorjCMfkaVJ7kKdmq7",
                            "name": "Payal Dev",
                            "type": "artist",
                            "uri": "spotify:artist:6FtZhorjCMfkaVJ7kKdmq7"
                        }
                    ],
                    "available_markets": [
                        "AD",
                        "AE",
                        "AG",
                        "AL",
                        "AM",
                        "AO",
                        "AR",
                        "AT",
                        "AU",
                        "AZ",
                        "BA",
                        "BB",
                        "BD",
                        "BE",
                        "BF",
                        "BG",
                        "BH",
                        "BI",
                        "BJ",
                        "BN",
                        "BO",
                        "BR",
                        "BS",
                        "BT",
                        "BW",
                        "BY",
                        "BZ",
                        "CA",
                        "CH",
                        "CI",
                        "CL",
                        "CM",
                        "CO",
                        "CR",
                        "CV",
                        "CW",
                        "CY",
                        "CZ",
                        "DE",
                        "DJ",
                        "DK",
                        "DM",
                        "DO",
                        "DZ",
                        "EC",
                        "EE",
                        "EG",
                        "ES",
                        "FI",
                        "FJ",
                        "FM",
                        "FR",
                        "GA",
                        "GB",
                        "GD",
                        "GE",
                        "GH",
                        "GM",
                        "GN",
                        "GQ",
                        "GR",
                        "GT",
                        "GW",
                        "GY",
                        "HK",
                        "HN",
                        "HR",
                        "HT",
                        "HU",
                        "ID",
                        "IE",
                        "IL",
                        "IN",
                        "IS",
                        "IT",
                        "JM",
                        "JO",
                        "JP",
                        "KE",
                        "KG",
                        "KH",
                        "KI",
                        "KM",
                        "KN",
                        "KR",
                        "KW",
                        "KZ",
                        "LA",
                        "LB",
                        "LC",
                        "LI",
                        "LK",
                        "LR",
                        "LS",
                        "LT",
                        "LU",
                        "LV",
                        "MA",
                        "MC",
                        "MD",
                        "ME",
                        "MG",
                        "MH",
                        "MK",
                        "ML",
                        "MN",
                        "MO",
                        "MR",
                        "MT",
                        "MU",
                        "MV",
                        "MW",
                        "MX",
                        "MY",
                        "MZ",
                        "NA",
                        "NE",
                        "NG",
                        "NI",
                        "NL",
                        "NO",
                        "NP",
                        "NR",
                        "NZ",
                        "OM",
                        "PA",
                        "PE",
                        "PG",
                        "PH",
                        "PK",
                        "PL",
                        "PS",
                        "PT",
                        "PW",
                        "PY",
                        "QA",
                        "RO",
                        "RS",
                        "RU",
                        "RW",
                        "SA",
                        "SB",
                        "SC",
                        "SE",
                        "SG",
                        "SI",
                        "SK",
                        "SL",
                        "SM",
                        "SN",
                        "SR",
                        "ST",
                        "SV",
                        "SZ",
                        "TD",
                        "TG",
                        "TH",
                        "TL",
                        "TN",
                        "TO",
                        "TR",
                        "TT",
                        "TV",
                        "TW",
                        "TZ",
                        "UA",
                        "UG",
                        "US",
                        "UY",
                        "UZ",
                        "VC",
                        "VN",
                        "VU",
                        "WS",
                        "XK",
                        "ZA",
                        "ZM",
                        "ZW"
                    ],
                    "external_urls": {
                        "spotify": "https://open.spotify.com/album/55lZbgtwpfxnNO0ktC07np"
                    },
                    "href": "https://api.spotify.com/v1/albums/55lZbgtwpfxnNO0ktC07np",
                    "id": "55lZbgtwpfxnNO0ktC07np",
                    "images": [
                        {
                            "height": 640,
                            "url": "https://i.scdn.co/image/ab67616d0000b273e814d81595212f2fbcf9c3d8",
                            "width": 640
                        },
                        {
                            "height": 300,
                            "url": "https://i.scdn.co/image/ab67616d00001e02e814d81595212f2fbcf9c3d8",
                            "width": 300
                        },
                        {
                            "height": 64,
                            "url": "https://i.scdn.co/image/ab67616d00004851e814d81595212f2fbcf9c3d8",
                            "width": 64
                        }
                    ],
                    "name": "Dil Chahte Ho",
                    "release_date": "2020-08-27",
                    "release_date_precision": "day",
                    "total_tracks": 1,
                    "type": "album",
                    "uri": "spotify:album:55lZbgtwpfxnNO0ktC07np"
                },
                "artists": [
                    {
                        "external_urls": {
                            "spotify": "https://open.spotify.com/artist/1tqysapcCh1lWEAc9dIFpa"
                        },
                        "href": "https://api.spotify.com/v1/artists/1tqysapcCh1lWEAc9dIFpa",
                        "id": "1tqysapcCh1lWEAc9dIFpa",
                        "name": "Jubin Nautiyal",
                        "type": "artist",
                        "uri": "spotify:artist:1tqysapcCh1lWEAc9dIFpa"
                    },
                    {
                        "external_urls": {
                            "spotify": "https://open.spotify.com/artist/6FtZhorjCMfkaVJ7kKdmq7"
                        },
                        "href": "https://api.spotify.com/v1/artists/6FtZhorjCMfkaVJ7kKdmq7",
                        "id": "6FtZhorjCMfkaVJ7kKdmq7",
                        "name": "Payal Dev",
                        "type": "artist",
                        "uri": "spotify:artist:6FtZhorjCMfkaVJ7kKdmq7"
                    }
                ],
                "available_markets": [
                    "AD",
                    "AE",
                    "AG",
                    "AL",
                    "AM",
                    "AO",
                    "AR",
                    "AT",
                    "AU",
                    "AZ",
                    "BA",
                    "BB",
                    "BD",
                    "BE",
                    "BF",
                    "BG",
                    "BH",
                    "BI",
                    "BJ",
                    "BN",
                    "BO",
                    "BR",
                    "BS",
                    "BT",
                    "BW",
                    "BY",
                    "BZ",
                    "CA",
                    "CH",
                    "CI",
                    "CL",
                    "CM",
                    "CO",
                    "CR",
                    "CV",
                    "CW",
                    "CY",
                    "CZ",
                    "DE",
                    "DJ",
                    "DK",
                    "DM",
                    "DO",
                    "DZ",
                    "EC",
                    "EE",
                    "EG",
                    "ES",
                    "FI",
                    "FJ",
                    "FM",
                    "FR",
                    "GA",
                    "GB",
                    "GD",
                    "GE",
                    "GH",
                    "GM",
                    "GN",
                    "GQ",
                    "GR",
                    "GT",
                    "GW",
                    "GY",
                    "HK",
                    "HN",
                    "HR",
                    "HT",
                    "HU",
                    "ID",
                    "IE",
                    "IL",
                    "IN",
                    "IS",
                    "IT",
                    "JM",
                    "JO",
                    "JP",
                    "KE",
                    "KG",
                    "KH",
                    "KI",
                    "KM",
                    "KN",
                    "KR",
                    "KW",
                    "KZ",
                    "LA",
                    "LB",
                    "LC",
                    "LI",
                    "LK",
                    "LR",
                    "LS",
                    "LT",
                    "LU",
                    "LV",
                    "MA",
                    "MC",
                    "MD",
                    "ME",
                    "MG",
                    "MH",
                    "MK",
                    "ML",
                    "MN",
                    "MO",
                    "MR",
                    "MT",
                    "MU",
                    "MV",
                    "MW",
                    "MX",
                    "MY",
                    "MZ",
                    "NA",
                    "NE",
                    "NG",
                    "NI",
                    "NL",
                    "NO",
                    "NP",
                    "NR",
                    "NZ",
                    "OM",
                    "PA",
                    "PE",
                    "PG",
                    "PH",
                    "PK",
                    "PL",
                    "PS",
                    "PT",
                    "PW",
                    "PY",
                    "QA",
                    "RO",
                    "RS",
                    "RU",
                    "RW",
                    "SA",
                    "SB",
                    "SC",
                    "SE",
                    "SG",
                    "SI",
                    "SK",
                    "SL",
                    "SM",
                    "SN",
                    "SR",
                    "ST",
                    "SV",
                    "SZ",
                    "TD",
                    "TG",
                    "TH",
                    "TL",
                    "TN",
                    "TO",
                    "TR",
                    "TT",
                    "TV",
                    "TW",
                    "TZ",
                    "UA",
                    "UG",
                    "US",
                    "UY",
                    "UZ",
                    "VC",
                    "VN",
                    "VU",
                    "WS",
                    "XK",
                    "ZA",
                    "ZM",
                    "ZW"
                ],
                "disc_number": 1,
                "duration_ms": 252771,
                "explicit": false,
                "external_ids": {
                    "isrc": "INS182001640"
                },
                "external_urls": {
                    "spotify": "https://open.spotify.com/track/60dbY1IYizdQQVhC4QTyEc"
                },
                "href": "https://api.spotify.com/v1/tracks/60dbY1IYizdQQVhC4QTyEc",
                "id": "60dbY1IYizdQQVhC4QTyEc",
                "is_local": false,
                "name": "Dil Chahte Ho",
                "popularity": 57,
                "preview_url": "https://p.scdn.co/mp3-preview/25c3a2b090a6b6e749489ae2a3dfa3e397d93b3a?cid=774b29d4f13844c495f206cafdad9c86",
                "track_number": 1,
                "type": "track",
                "uri": "spotify:track:60dbY1IYizdQQVhC4QTyEc"
            }
        ],
        "limit": 20,
        "next": "https://api.spotify.com/v1/search?query=Jubin&type=track&offset=20&limit=20",
        "offset": 0,
        "previous": null,
        "total": 3105
    }
}
{
    "href": "https://api.spotify.com/v1/users/uclfdt3jie5b7vorl9472d5g5/playlists?offset=0&limit=20",
    "items": [
        {
            "collaborative": false,
            "description": "Bollywood songs",
            "external_urls": {
                "spotify": "https://open.spotify.com/playlist/6Nnx31FBnysgJ7lGoEjljG"
            },
            "href": "https://api.spotify.com/v1/playlists/6Nnx31FBnysgJ7lGoEjljG",
            "id": "6Nnx31FBnysgJ7lGoEjljG",
            "images": [
                
            ],
            "name": "Latest Bollywood Songs",
            "owner": {
                "display_name": "Samiksha",
                "external_urls": {
                    "spotify": "https://open.spotify.com/user/uclfdt3jie5b7vorl9472d5g5"
                },
                "href": "https://api.spotify.com/v1/users/uclfdt3jie5b7vorl9472d5g5",
                "id": "uclfdt3jie5b7vorl9472d5g5",
                "type": "user",
                "uri": "spotify:user:uclfdt3jie5b7vorl9472d5g5"
            },
            "primary_color": null,
            "public": false,
            "snapshot_id": "MixlMDYzYWVlZmU5MjM5ZTVhZTU0YjlhMGI3ZDI4NDVkMzlkMzU3OTJi",
            "tracks": {
                "href": "https://api.spotify.com/v1/playlists/6Nnx31FBnysgJ7lGoEjljG/tracks",
                "total": 0
            },
            "type": "playlist",
            "uri": "spotify:playlist:6Nnx31FBnysgJ7lGoEjljG"
        },
        {
            "collaborative": false,
            "description": "Bollywood songs",
            "external_urls": {
                "spotify": "https://open.spotify.com/playlist/47TefOC13lvS2Aqkqev8sT"
            },
            "href": "https://api.spotify.com/v1/playlists/47TefOC13lvS2Aqkqev8sT",
            "id": "47TefOC13lvS2Aqkqev8sT",
            "images": [
                
            ],
            "name": "Unpluged",
            "owner": {
                "display_name": "Samiksha",
                "external_urls": {
                    "spotify": "https://open.spotify.com/user/uclfdt3jie5b7vorl9472d5g5"
                },
                "href": "https://api.spotify.com/v1/users/uclfdt3jie5b7vorl9472d5g5",
                "id": "uclfdt3jie5b7vorl9472d5g5",
                "type": "user",
                "uri": "spotify:user:uclfdt3jie5b7vorl9472d5g5"
            },
            "primary_color": null,
            "public": false,
            "snapshot_id": "MiwzMWE5MDliMzczZjM5MTFmYmFhOGQ4ODVmNDVkZTRjZDNlOTk4ZTMz",
            "tracks": {
                "href": "https://api.spotify.com/v1/playlists/47TefOC13lvS2Aqkqev8sT/tracks",
                "total": 0
            },
            "type": "playlist",
            "uri": "spotify:playlist:47TefOC13lvS2Aqkqev8sT"
        },
        {
            "collaborative": false,
            "description": "Bollywood songs",
            "external_urls": {
                "spotify": "https://open.spotify.com/playlist/2sCsUG3ggnulQGeDMWpI5i"
            },
            "href": "https://api.spotify.com/v1/playlists/2sCsUG3ggnulQGeDMWpI5i",
            "id": "2sCsUG3ggnulQGeDMWpI5i",
            "images": [
                {
                    "height": 640,
                    "url": "https://i.scdn.co/image/ab67616d0000b2738634403946cb8f08b83e4c40",
                    "width": 640
                }
            ],
            "name": "MorningVibes",
            "owner": {
                "display_name": "Samiksha",
                "external_urls": {
                    "spotify": "https://open.spotify.com/user/uclfdt3jie5b7vorl9472d5g5"
                },
                "href": "https://api.spotify.com/v1/users/uclfdt3jie5b7vorl9472d5g5",
                "id": "uclfdt3jie5b7vorl9472d5g5",
                "type": "user",
                "uri": "spotify:user:uclfdt3jie5b7vorl9472d5g5"
            },
            "primary_color": null,
            "public": false,
            "snapshot_id": "MyxkYTNkYTJjYWU0MzBiMDdkZjM4MTU0YjYyMTE3NDRmNWQzN2U4Yzc0",
            "tracks": {
                "href": "https://api.spotify.com/v1/playlists/2sCsUG3ggnulQGeDMWpI5i/tracks",
                "total": 1
            },
            "type": "playlist",
            "uri": "spotify:playlist:2sCsUG3ggnulQGeDMWpI5i"
        },
        {
            "collaborative": false,
            "description": "New playlist description",
            "external_urls": {
                "spotify": "https://open.spotify.com/playlist/0Oc3VqN6SD3g2pRl376FQe"
            },
            "href": "https://api.spotify.com/v1/playlists/0Oc3VqN6SD3g2pRl376FQe",
            "id": "0Oc3VqN6SD3g2pRl376FQe",
            "images": [
                {
                    "height": 640,
                    "url": "https://i.scdn.co/image/ab67616d0000b273eaa6b4bfb5954ee5a5a8ce9e",
                    "width": 640
                }
            ],
            "name": "Bollywood",
            "owner": {
                "display_name": "Samiksha",
                "external_urls": {
                    "spotify": "https://open.spotify.com/user/uclfdt3jie5b7vorl9472d5g5"
                },
                "href": "https://api.spotify.com/v1/users/uclfdt3jie5b7vorl9472d5g5",
                "id": "uclfdt3jie5b7vorl9472d5g5",
                "type": "user",
                "uri": "spotify:user:uclfdt3jie5b7vorl9472d5g5"
            },
            "primary_color": null,
            "public": false,
            "snapshot_id": "Myw5NjkwZGEwYWMyYzAyYTIwODlhYzliOWNmMTVlM2ZhYjAxN2UxMmQz",
            "tracks": {
                "href": "https://api.spotify.com/v1/playlists/0Oc3VqN6SD3g2pRl376FQe/tracks",
                "total": 1
            },
            "type": "playlist",
            "uri": "spotify:playlist:0Oc3VqN6SD3g2pRl376FQe"
        },
        {
            "collaborative": false,
            "description": "",
            "external_urls": {
                "spotify": "https://open.spotify.com/playlist/71B4oWrF0SjneWcA7ZxDVE"
            },
            "href": "https://api.spotify.com/v1/playlists/71B4oWrF0SjneWcA7ZxDVE",
            "id": "71B4oWrF0SjneWcA7ZxDVE",
            "images": [
                
            ],
            "name": "Favourite",
            "owner": {
                "display_name": "Samiksha",
                "external_urls": {
                    "spotify": "https://open.spotify.com/user/uclfdt3jie5b7vorl9472d5g5"
                },
                "href": "https://api.spotify.com/v1/users/uclfdt3jie5b7vorl9472d5g5",
                "id": "uclfdt3jie5b7vorl9472d5g5",
                "type": "user",
                "uri": "spotify:user:uclfdt3jie5b7vorl9472d5g5"
            },
            "primary_color": null,
            "public": false,
            "snapshot_id": "Miw4ZTNkYjM5ODViNWMyZWQ1MzFiY2IxYzkzMGQ1MmQ4NGJiODc4NTEx",
            "tracks": {
                "href": "https://api.spotify.com/v1/playlists/71B4oWrF0SjneWcA7ZxDVE/tracks",
                "total": 0
            },
            "type": "playlist",
            "uri": "spotify:playlist:71B4oWrF0SjneWcA7ZxDVE"
        }
    ],
    "limit": 20,
    "next": null,
    "offset": 0,
    "previous": null,
    "total": 5
}
Playlist : Latest Bollywood Songs
Playlist : Unpluged
Playlist : MorningVibes
Playlist : Bollywood
Playlist : Favourite
]]></system-out>
  <system-err><![CDATA[]]></system-err>
</testsuite>
